[0.022s] Invoking command in '/home/roach/ros2_ws/build/smallrobot_firmware': CMAKE_PREFIX_PATH=/opt/ros/humble /usr/bin/cmake --build /home/roach/ros2_ws/build/smallrobot_firmware -- -j8 -l8
[0.081s] Invoked command in '/home/roach/ros2_ws/build/smallrobot_firmware' returned '0': CMAKE_PREFIX_PATH=/opt/ros/humble /usr/bin/cmake --build /home/roach/ros2_ws/build/smallrobot_firmware -- -j8 -l8
[0.083s] Invoking command in '/home/roach/ros2_ws/build/smallrobot_firmware': CMAKE_PREFIX_PATH=/opt/ros/humble /usr/bin/cmake --install /home/roach/ros2_ws/build/smallrobot_firmware
[0.091s] -- Install configuration: ""
[0.092s] -- Execute custom install script
[0.092s] -- Up-to-date symlink: /home/roach/ros2_ws/install/smallrobot_firmware/share/ament_index/resource_index/package_run_dependencies/smallrobot_firmware
[0.092s] -- Up-to-date symlink: /home/roach/ros2_ws/install/smallrobot_firmware/share/ament_index/resource_index/parent_prefix_path/smallrobot_firmware
[0.093s] -- Up-to-date symlink: /home/roach/ros2_ws/install/smallrobot_firmware/share/smallrobot_firmware/environment/ament_prefix_path.sh
[0.093s] -- Up-to-date symlink: /home/roach/ros2_ws/install/smallrobot_firmware/share/smallrobot_firmware/environment/ament_prefix_path.dsv
[0.093s] -- Up-to-date symlink: /home/roach/ros2_ws/install/smallrobot_firmware/share/smallrobot_firmware/environment/path.sh
[0.093s] -- Up-to-date symlink: /home/roach/ros2_ws/install/smallrobot_firmware/share/smallrobot_firmware/environment/path.dsv
[0.094s] -- Up-to-date symlink: /home/roach/ros2_ws/install/smallrobot_firmware/share/smallrobot_firmware/local_setup.bash
[0.094s] -- Up-to-date symlink: /home/roach/ros2_ws/install/smallrobot_firmware/share/smallrobot_firmware/local_setup.sh
[0.094s] -- Up-to-date symlink: /home/roach/ros2_ws/install/smallrobot_firmware/share/smallrobot_firmware/local_setup.zsh
[0.095s] -- Up-to-date symlink: /home/roach/ros2_ws/install/smallrobot_firmware/share/smallrobot_firmware/local_setup.dsv
[0.096s] -- Symlinking: /home/roach/ros2_ws/install/smallrobot_firmware/share/smallrobot_firmware/package.dsv
[0.110s] -- Up-to-date symlink: /home/roach/ros2_ws/install/smallrobot_firmware/share/ament_index/resource_index/packages/smallrobot_firmware
[0.110s] -- Up-to-date symlink: /home/roach/ros2_ws/install/smallrobot_firmware/share/smallrobot_firmware/cmake/smallrobot_firmwareConfig.cmake
[0.111s] -- Up-to-date symlink: /home/roach/ros2_ws/install/smallrobot_firmware/share/smallrobot_firmware/cmake/smallrobot_firmwareConfig-version.cmake
[0.111s] -- Up-to-date symlink: /home/roach/ros2_ws/install/smallrobot_firmware/share/smallrobot_firmware/package.xml
[0.116s] Invoked command in '/home/roach/ros2_ws/build/smallrobot_firmware' returned '0': CMAKE_PREFIX_PATH=/opt/ros/humble /usr/bin/cmake --install /home/roach/ros2_ws/build/smallrobot_firmware
