[0.108s] DEBUG:colcon:Command line arguments: ['/usr/bin/colcon', 'build', '--symlink-install']
[0.108s] DEBUG:colcon:Parsed command line arguments: Namespace(log_base=None, log_level=None, verb_name='build', build_base='build', install_base='install', merge_install=False, symlink_install=True, test_result_base=None, continue_on_error=False, executor='parallel', parallel_workers=8, event_handlers=None, ignore_user_meta=False, metas=['./colcon.meta'], base_paths=['.'], packages_ignore=None, packages_ignore_regex=None, paths=None, packages_up_to=None, packages_up_to_regex=None, packages_above=None, packages_above_and_dependencies=None, packages_above_depth=None, packages_select_by_dep=None, packages_skip_by_dep=None, packages_skip_up_to=None, packages_select_build_failed=False, packages_skip_build_finished=False, packages_select_test_failures=False, packages_skip_test_passed=False, packages_select=None, packages_skip=None, packages_select_regex=None, packages_skip_regex=None, packages_start=None, packages_end=None, allow_overriding=[], cmake_args=None, cmake_target=None, cmake_target_skip_unavailable=False, cmake_clean_cache=False, cmake_clean_first=False, cmake_force_configure=False, ament_cmake_args=None, catkin_cmake_args=None, catkin_skip_building_tests=False, verb_parser=<colcon_defaults.argument_parser.defaults.DefaultArgumentsDecorator object at 0x79ba89a580d0>, verb_extension=<colcon_core.verb.build.BuildVerb object at 0x79ba89a1bb80>, main=<bound method BuildVerb.main of <colcon_core.verb.build.BuildVerb object at 0x79ba89a1bb80>>)
[0.266s] Level 1:colcon.colcon_core.package_discovery:discover_packages(colcon_meta) check parameters
[0.266s] Level 1:colcon.colcon_core.package_discovery:discover_packages(recursive) check parameters
[0.266s] Level 1:colcon.colcon_core.package_discovery:discover_packages(ignore) check parameters
[0.266s] Level 1:colcon.colcon_core.package_discovery:discover_packages(path) check parameters
[0.266s] Level 1:colcon.colcon_core.package_discovery:discover_packages(colcon_meta) discover
[0.266s] Level 1:colcon.colcon_core.package_discovery:discover_packages(recursive) discover
[0.266s] INFO:colcon.colcon_core.package_discovery:Crawling recursively for packages in '/home/roach/ros2_ws'
[0.266s] Level 1:colcon.colcon_core.package_identification:_identify(.) by extensions ['ignore', 'ignore_ament_install']
[0.267s] Level 1:colcon.colcon_core.package_identification:_identify(.) by extension 'ignore'
[0.267s] Level 1:colcon.colcon_core.package_identification:_identify(.) by extension 'ignore_ament_install'
[0.267s] Level 1:colcon.colcon_core.package_identification:_identify(.) by extensions ['colcon_pkg']
[0.267s] Level 1:colcon.colcon_core.package_identification:_identify(.) by extension 'colcon_pkg'
[0.267s] Level 1:colcon.colcon_core.package_identification:_identify(.) by extensions ['colcon_meta']
[0.267s] Level 1:colcon.colcon_core.package_identification:_identify(.) by extension 'colcon_meta'
[0.267s] Level 1:colcon.colcon_core.package_identification:_identify(.) by extensions ['ros']
[0.267s] Level 1:colcon.colcon_core.package_identification:_identify(.) by extension 'ros'
[0.277s] Level 1:colcon.colcon_core.package_identification:_identify(.) by extensions ['cmake', 'python']
[0.277s] Level 1:colcon.colcon_core.package_identification:_identify(.) by extension 'cmake'
[0.278s] Level 1:colcon.colcon_core.package_identification:_identify(.) by extension 'python'
[0.278s] Level 1:colcon.colcon_core.package_identification:_identify(.) by extensions ['python_setup_py']
[0.278s] Level 1:colcon.colcon_core.package_identification:_identify(.) by extension 'python_setup_py'
[0.278s] Level 1:colcon.colcon_core.package_identification:_identify(build) by extensions ['ignore', 'ignore_ament_install']
[0.278s] Level 1:colcon.colcon_core.package_identification:_identify(build) by extension 'ignore'
[0.278s] Level 1:colcon.colcon_core.package_identification:_identify(build) ignored
[0.278s] Level 1:colcon.colcon_core.package_identification:_identify(install) by extensions ['ignore', 'ignore_ament_install']
[0.278s] Level 1:colcon.colcon_core.package_identification:_identify(install) by extension 'ignore'
[0.278s] Level 1:colcon.colcon_core.package_identification:_identify(install) ignored
[0.278s] Level 1:colcon.colcon_core.package_identification:_identify(log) by extensions ['ignore', 'ignore_ament_install']
[0.278s] Level 1:colcon.colcon_core.package_identification:_identify(log) by extension 'ignore'
[0.279s] Level 1:colcon.colcon_core.package_identification:_identify(log) ignored
[0.279s] Level 1:colcon.colcon_core.package_identification:_identify(src) by extensions ['ignore', 'ignore_ament_install']
[0.279s] Level 1:colcon.colcon_core.package_identification:_identify(src) by extension 'ignore'
[0.279s] Level 1:colcon.colcon_core.package_identification:_identify(src) by extension 'ignore_ament_install'
[0.279s] Level 1:colcon.colcon_core.package_identification:_identify(src) by extensions ['colcon_pkg']
[0.279s] Level 1:colcon.colcon_core.package_identification:_identify(src) by extension 'colcon_pkg'
[0.279s] Level 1:colcon.colcon_core.package_identification:_identify(src) by extensions ['colcon_meta']
[0.279s] Level 1:colcon.colcon_core.package_identification:_identify(src) by extension 'colcon_meta'
[0.279s] Level 1:colcon.colcon_core.package_identification:_identify(src) by extensions ['ros']
[0.279s] Level 1:colcon.colcon_core.package_identification:_identify(src) by extension 'ros'
[0.279s] Level 1:colcon.colcon_core.package_identification:_identify(src) by extensions ['cmake', 'python']
[0.279s] Level 1:colcon.colcon_core.package_identification:_identify(src) by extension 'cmake'
[0.279s] Level 1:colcon.colcon_core.package_identification:_identify(src) by extension 'python'
[0.279s] Level 1:colcon.colcon_core.package_identification:_identify(src) by extensions ['python_setup_py']
[0.279s] Level 1:colcon.colcon_core.package_identification:_identify(src) by extension 'python_setup_py'
[0.280s] Level 1:colcon.colcon_core.package_identification:_identify(src/robotarm_controller) by extensions ['ignore', 'ignore_ament_install']
[0.280s] Level 1:colcon.colcon_core.package_identification:_identify(src/robotarm_controller) by extension 'ignore'
[0.280s] Level 1:colcon.colcon_core.package_identification:_identify(src/robotarm_controller) by extension 'ignore_ament_install'
[0.280s] Level 1:colcon.colcon_core.package_identification:_identify(src/robotarm_controller) by extensions ['colcon_pkg']
[0.280s] Level 1:colcon.colcon_core.package_identification:_identify(src/robotarm_controller) by extension 'colcon_pkg'
[0.280s] Level 1:colcon.colcon_core.package_identification:_identify(src/robotarm_controller) by extensions ['colcon_meta']
[0.280s] Level 1:colcon.colcon_core.package_identification:_identify(src/robotarm_controller) by extension 'colcon_meta'
[0.280s] Level 1:colcon.colcon_core.package_identification:_identify(src/robotarm_controller) by extensions ['ros']
[0.280s] Level 1:colcon.colcon_core.package_identification:_identify(src/robotarm_controller) by extension 'ros'
[0.283s] DEBUG:colcon.colcon_core.package_identification:Package 'src/robotarm_controller' with type 'ros.ament_cmake' and name 'robotarm_controller'
[0.283s] Level 1:colcon.colcon_core.package_identification:_identify(src/smallrobot_description) by extensions ['ignore', 'ignore_ament_install']
[0.284s] Level 1:colcon.colcon_core.package_identification:_identify(src/smallrobot_description) by extension 'ignore'
[0.284s] Level 1:colcon.colcon_core.package_identification:_identify(src/smallrobot_description) by extension 'ignore_ament_install'
[0.284s] Level 1:colcon.colcon_core.package_identification:_identify(src/smallrobot_description) by extensions ['colcon_pkg']
[0.284s] Level 1:colcon.colcon_core.package_identification:_identify(src/smallrobot_description) by extension 'colcon_pkg'
[0.284s] Level 1:colcon.colcon_core.package_identification:_identify(src/smallrobot_description) by extensions ['colcon_meta']
[0.284s] Level 1:colcon.colcon_core.package_identification:_identify(src/smallrobot_description) by extension 'colcon_meta'
[0.284s] Level 1:colcon.colcon_core.package_identification:_identify(src/smallrobot_description) by extensions ['ros']
[0.284s] Level 1:colcon.colcon_core.package_identification:_identify(src/smallrobot_description) by extension 'ros'
[0.284s] DEBUG:colcon.colcon_core.package_identification:Package 'src/smallrobot_description' with type 'ros.ament_cmake' and name 'smallrobot_description'
[0.285s] Level 1:colcon.colcon_core.package_identification:_identify(src/smallrobot_firmware) by extensions ['ignore', 'ignore_ament_install']
[0.285s] Level 1:colcon.colcon_core.package_identification:_identify(src/smallrobot_firmware) by extension 'ignore'
[0.285s] Level 1:colcon.colcon_core.package_identification:_identify(src/smallrobot_firmware) by extension 'ignore_ament_install'
[0.285s] Level 1:colcon.colcon_core.package_identification:_identify(src/smallrobot_firmware) by extensions ['colcon_pkg']
[0.285s] Level 1:colcon.colcon_core.package_identification:_identify(src/smallrobot_firmware) by extension 'colcon_pkg'
[0.285s] Level 1:colcon.colcon_core.package_identification:_identify(src/smallrobot_firmware) by extensions ['colcon_meta']
[0.285s] Level 1:colcon.colcon_core.package_identification:_identify(src/smallrobot_firmware) by extension 'colcon_meta'
[0.285s] Level 1:colcon.colcon_core.package_identification:_identify(src/smallrobot_firmware) by extensions ['ros']
[0.285s] Level 1:colcon.colcon_core.package_identification:_identify(src/smallrobot_firmware) by extension 'ros'
[0.285s] DEBUG:colcon.colcon_core.package_identification:Package 'src/smallrobot_firmware' with type 'ros.ament_cmake' and name 'smallrobot_firmware'
[0.285s] Level 1:colcon.colcon_core.package_identification:_identify(src/smallrobot_moveit) by extensions ['ignore', 'ignore_ament_install']
[0.286s] Level 1:colcon.colcon_core.package_identification:_identify(src/smallrobot_moveit) by extension 'ignore'
[0.286s] Level 1:colcon.colcon_core.package_identification:_identify(src/smallrobot_moveit) by extension 'ignore_ament_install'
[0.286s] Level 1:colcon.colcon_core.package_identification:_identify(src/smallrobot_moveit) by extensions ['colcon_pkg']
[0.286s] Level 1:colcon.colcon_core.package_identification:_identify(src/smallrobot_moveit) by extension 'colcon_pkg'
[0.286s] Level 1:colcon.colcon_core.package_identification:_identify(src/smallrobot_moveit) by extensions ['colcon_meta']
[0.286s] Level 1:colcon.colcon_core.package_identification:_identify(src/smallrobot_moveit) by extension 'colcon_meta'
[0.286s] Level 1:colcon.colcon_core.package_identification:_identify(src/smallrobot_moveit) by extensions ['ros']
[0.286s] Level 1:colcon.colcon_core.package_identification:_identify(src/smallrobot_moveit) by extension 'ros'
[0.287s] DEBUG:colcon.colcon_core.package_identification:Package 'src/smallrobot_moveit' with type 'ros.ament_cmake' and name 'smallrobot_moveit'
[0.287s] Level 1:colcon.colcon_core.package_discovery:discover_packages(recursive) using defaults
[0.287s] Level 1:colcon.colcon_core.package_discovery:discover_packages(ignore) discover
[0.287s] Level 1:colcon.colcon_core.package_discovery:discover_packages(ignore) using defaults
[0.287s] Level 1:colcon.colcon_core.package_discovery:discover_packages(path) discover
[0.287s] Level 1:colcon.colcon_core.package_discovery:discover_packages(path) using defaults
[0.314s] Level 1:colcon.colcon_core.package_discovery:discover_packages(prefix_path) check parameters
[0.314s] Level 1:colcon.colcon_core.package_discovery:discover_packages(prefix_path) discover
[0.316s] DEBUG:colcon.colcon_installed_package_information.package_discovery:Found 363 installed packages in /opt/ros/humble
[0.318s] Level 1:colcon.colcon_core.package_discovery:discover_packages(prefix_path) using defaults
[0.363s] Level 5:colcon.colcon_core.verb:set package 'robotarm_controller' build argument 'cmake_args' from command line to 'None'
[0.363s] Level 5:colcon.colcon_core.verb:set package 'robotarm_controller' build argument 'cmake_target' from command line to 'None'
[0.363s] Level 5:colcon.colcon_core.verb:set package 'robotarm_controller' build argument 'cmake_target_skip_unavailable' from command line to 'False'
[0.363s] Level 5:colcon.colcon_core.verb:set package 'robotarm_controller' build argument 'cmake_clean_cache' from command line to 'False'
[0.363s] Level 5:colcon.colcon_core.verb:set package 'robotarm_controller' build argument 'cmake_clean_first' from command line to 'False'
[0.363s] Level 5:colcon.colcon_core.verb:set package 'robotarm_controller' build argument 'cmake_force_configure' from command line to 'False'
[0.363s] Level 5:colcon.colcon_core.verb:set package 'robotarm_controller' build argument 'ament_cmake_args' from command line to 'None'
[0.363s] Level 5:colcon.colcon_core.verb:set package 'robotarm_controller' build argument 'catkin_cmake_args' from command line to 'None'
[0.363s] Level 5:colcon.colcon_core.verb:set package 'robotarm_controller' build argument 'catkin_skip_building_tests' from command line to 'False'
[0.363s] DEBUG:colcon.colcon_core.verb:Building package 'robotarm_controller' with the following arguments: {'ament_cmake_args': None, 'build_base': '/home/roach/ros2_ws/build/robotarm_controller', 'catkin_cmake_args': None, 'catkin_skip_building_tests': False, 'cmake_args': None, 'cmake_clean_cache': False, 'cmake_clean_first': False, 'cmake_force_configure': False, 'cmake_target': None, 'cmake_target_skip_unavailable': False, 'install_base': '/home/roach/ros2_ws/install/robotarm_controller', 'merge_install': False, 'path': '/home/roach/ros2_ws/src/robotarm_controller', 'symlink_install': True, 'test_result_base': None}
[0.363s] Level 5:colcon.colcon_core.verb:set package 'smallrobot_description' build argument 'cmake_args' from command line to 'None'
[0.363s] Level 5:colcon.colcon_core.verb:set package 'smallrobot_description' build argument 'cmake_target' from command line to 'None'
[0.363s] Level 5:colcon.colcon_core.verb:set package 'smallrobot_description' build argument 'cmake_target_skip_unavailable' from command line to 'False'
[0.363s] Level 5:colcon.colcon_core.verb:set package 'smallrobot_description' build argument 'cmake_clean_cache' from command line to 'False'
[0.363s] Level 5:colcon.colcon_core.verb:set package 'smallrobot_description' build argument 'cmake_clean_first' from command line to 'False'
[0.363s] Level 5:colcon.colcon_core.verb:set package 'smallrobot_description' build argument 'cmake_force_configure' from command line to 'False'
[0.363s] Level 5:colcon.colcon_core.verb:set package 'smallrobot_description' build argument 'ament_cmake_args' from command line to 'None'
[0.363s] Level 5:colcon.colcon_core.verb:set package 'smallrobot_description' build argument 'catkin_cmake_args' from command line to 'None'
[0.363s] Level 5:colcon.colcon_core.verb:set package 'smallrobot_description' build argument 'catkin_skip_building_tests' from command line to 'False'
[0.364s] DEBUG:colcon.colcon_core.verb:Building package 'smallrobot_description' with the following arguments: {'ament_cmake_args': None, 'build_base': '/home/roach/ros2_ws/build/smallrobot_description', 'catkin_cmake_args': None, 'catkin_skip_building_tests': False, 'cmake_args': None, 'cmake_clean_cache': False, 'cmake_clean_first': False, 'cmake_force_configure': False, 'cmake_target': None, 'cmake_target_skip_unavailable': False, 'install_base': '/home/roach/ros2_ws/install/smallrobot_description', 'merge_install': False, 'path': '/home/roach/ros2_ws/src/smallrobot_description', 'symlink_install': True, 'test_result_base': None}
[0.364s] Level 5:colcon.colcon_core.verb:set package 'smallrobot_firmware' build argument 'cmake_args' from command line to 'None'
[0.364s] Level 5:colcon.colcon_core.verb:set package 'smallrobot_firmware' build argument 'cmake_target' from command line to 'None'
[0.364s] Level 5:colcon.colcon_core.verb:set package 'smallrobot_firmware' build argument 'cmake_target_skip_unavailable' from command line to 'False'
[0.364s] Level 5:colcon.colcon_core.verb:set package 'smallrobot_firmware' build argument 'cmake_clean_cache' from command line to 'False'
[0.364s] Level 5:colcon.colcon_core.verb:set package 'smallrobot_firmware' build argument 'cmake_clean_first' from command line to 'False'
[0.364s] Level 5:colcon.colcon_core.verb:set package 'smallrobot_firmware' build argument 'cmake_force_configure' from command line to 'False'
[0.364s] Level 5:colcon.colcon_core.verb:set package 'smallrobot_firmware' build argument 'ament_cmake_args' from command line to 'None'
[0.364s] Level 5:colcon.colcon_core.verb:set package 'smallrobot_firmware' build argument 'catkin_cmake_args' from command line to 'None'
[0.364s] Level 5:colcon.colcon_core.verb:set package 'smallrobot_firmware' build argument 'catkin_skip_building_tests' from command line to 'False'
[0.364s] DEBUG:colcon.colcon_core.verb:Building package 'smallrobot_firmware' with the following arguments: {'ament_cmake_args': None, 'build_base': '/home/roach/ros2_ws/build/smallrobot_firmware', 'catkin_cmake_args': None, 'catkin_skip_building_tests': False, 'cmake_args': None, 'cmake_clean_cache': False, 'cmake_clean_first': False, 'cmake_force_configure': False, 'cmake_target': None, 'cmake_target_skip_unavailable': False, 'install_base': '/home/roach/ros2_ws/install/smallrobot_firmware', 'merge_install': False, 'path': '/home/roach/ros2_ws/src/smallrobot_firmware', 'symlink_install': True, 'test_result_base': None}
[0.364s] Level 5:colcon.colcon_core.verb:set package 'smallrobot_moveit' build argument 'cmake_args' from command line to 'None'
[0.364s] Level 5:colcon.colcon_core.verb:set package 'smallrobot_moveit' build argument 'cmake_target' from command line to 'None'
[0.364s] Level 5:colcon.colcon_core.verb:set package 'smallrobot_moveit' build argument 'cmake_target_skip_unavailable' from command line to 'False'
[0.364s] Level 5:colcon.colcon_core.verb:set package 'smallrobot_moveit' build argument 'cmake_clean_cache' from command line to 'False'
[0.364s] Level 5:colcon.colcon_core.verb:set package 'smallrobot_moveit' build argument 'cmake_clean_first' from command line to 'False'
[0.365s] Level 5:colcon.colcon_core.verb:set package 'smallrobot_moveit' build argument 'cmake_force_configure' from command line to 'False'
[0.365s] Level 5:colcon.colcon_core.verb:set package 'smallrobot_moveit' build argument 'ament_cmake_args' from command line to 'None'
[0.365s] Level 5:colcon.colcon_core.verb:set package 'smallrobot_moveit' build argument 'catkin_cmake_args' from command line to 'None'
[0.365s] Level 5:colcon.colcon_core.verb:set package 'smallrobot_moveit' build argument 'catkin_skip_building_tests' from command line to 'False'
[0.365s] DEBUG:colcon.colcon_core.verb:Building package 'smallrobot_moveit' with the following arguments: {'ament_cmake_args': None, 'build_base': '/home/roach/ros2_ws/build/smallrobot_moveit', 'catkin_cmake_args': None, 'catkin_skip_building_tests': False, 'cmake_args': None, 'cmake_clean_cache': False, 'cmake_clean_first': False, 'cmake_force_configure': False, 'cmake_target': None, 'cmake_target_skip_unavailable': False, 'install_base': '/home/roach/ros2_ws/install/smallrobot_moveit', 'merge_install': False, 'path': '/home/roach/ros2_ws/src/smallrobot_moveit', 'symlink_install': True, 'test_result_base': None}
[0.365s] INFO:colcon.colcon_core.executor:Executing jobs using 'parallel' executor
[0.366s] DEBUG:colcon.colcon_parallel_executor.executor.parallel:run_until_complete
[0.366s] INFO:colcon.colcon_ros.task.ament_cmake.build:Building ROS package in '/home/roach/ros2_ws/src/smallrobot_description' with build type 'ament_cmake'
[0.366s] INFO:colcon.colcon_cmake.task.cmake.build:Building CMake package in '/home/roach/ros2_ws/src/smallrobot_description'
[0.368s] INFO:colcon.colcon_core.plugin_system:Skipping extension 'colcon_core.shell.bat': Not used on non-Windows systems
[0.369s] INFO:colcon.colcon_core.shell:Skip shell extension 'powershell' for command environment: Not usable outside of PowerShell
[0.369s] DEBUG:colcon.colcon_core.shell:Skip shell extension 'dsv' for command environment
[0.372s] INFO:colcon.colcon_ros.task.ament_cmake.build:Building ROS package in '/home/roach/ros2_ws/src/robotarm_controller' with build type 'ament_cmake'
[0.372s] INFO:colcon.colcon_cmake.task.cmake.build:Building CMake package in '/home/roach/ros2_ws/src/robotarm_controller'
[0.372s] INFO:colcon.colcon_core.shell:Skip shell extension 'powershell' for command environment: Not usable outside of PowerShell
[0.372s] DEBUG:colcon.colcon_core.shell:Skip shell extension 'dsv' for command environment
[0.375s] INFO:colcon.colcon_ros.task.ament_cmake.build:Building ROS package in '/home/roach/ros2_ws/src/smallrobot_firmware' with build type 'ament_cmake'
[0.375s] INFO:colcon.colcon_cmake.task.cmake.build:Building CMake package in '/home/roach/ros2_ws/src/smallrobot_firmware'
[0.376s] INFO:colcon.colcon_core.shell:Skip shell extension 'powershell' for command environment: Not usable outside of PowerShell
[0.376s] DEBUG:colcon.colcon_core.shell:Skip shell extension 'dsv' for command environment
[0.390s] DEBUG:colcon.colcon_core.event_handler.log_command:Invoking command in '/home/roach/ros2_ws/build/smallrobot_description': CMAKE_PREFIX_PATH=/opt/ros/humble /usr/bin/cmake --build /home/roach/ros2_ws/build/smallrobot_description -- -j8 -l8
[0.395s] DEBUG:colcon.colcon_core.event_handler.log_command:Invoking command in '/home/roach/ros2_ws/build/robotarm_controller': CMAKE_PREFIX_PATH=/opt/ros/humble /usr/bin/cmake --build /home/roach/ros2_ws/build/robotarm_controller -- -j8 -l8
[0.402s] DEBUG:colcon.colcon_core.event_handler.log_command:Invoking command in '/home/roach/ros2_ws/build/smallrobot_firmware': CMAKE_PREFIX_PATH=/opt/ros/humble /usr/bin/cmake --build /home/roach/ros2_ws/build/smallrobot_firmware -- -j8 -l8
[0.449s] DEBUG:colcon.colcon_core.event_handler.log_command:Invoked command in '/home/roach/ros2_ws/build/smallrobot_description' returned '0': CMAKE_PREFIX_PATH=/opt/ros/humble /usr/bin/cmake --build /home/roach/ros2_ws/build/smallrobot_description -- -j8 -l8
[0.458s] DEBUG:colcon.colcon_core.event_handler.log_command:Invoking command in '/home/roach/ros2_ws/build/smallrobot_description': CMAKE_PREFIX_PATH=/opt/ros/humble /usr/bin/cmake --install /home/roach/ros2_ws/build/smallrobot_description
[0.463s] DEBUG:colcon.colcon_core.event_handler.log_command:Invoked command in '/home/roach/ros2_ws/build/smallrobot_firmware' returned '0': CMAKE_PREFIX_PATH=/opt/ros/humble /usr/bin/cmake --build /home/roach/ros2_ws/build/smallrobot_firmware -- -j8 -l8
[0.465s] DEBUG:colcon.colcon_core.event_handler.log_command:Invoking command in '/home/roach/ros2_ws/build/smallrobot_firmware': CMAKE_PREFIX_PATH=/opt/ros/humble /usr/bin/cmake --install /home/roach/ros2_ws/build/smallrobot_firmware
[0.497s] Level 1:colcon.colcon_core.environment:create_environment_scripts_only(smallrobot_description)
[0.498s] DEBUG:colcon.colcon_core.event_handler.log_command:Invoked command in '/home/roach/ros2_ws/build/smallrobot_description' returned '0': CMAKE_PREFIX_PATH=/opt/ros/humble /usr/bin/cmake --install /home/roach/ros2_ws/build/smallrobot_description
[0.501s] Level 1:colcon.colcon_core.environment:checking '/home/roach/ros2_ws/install/smallrobot_description' for CMake module files
[0.502s] Level 1:colcon.colcon_core.environment:checking '/home/roach/ros2_ws/install/smallrobot_description' for CMake config files
[0.503s] Level 1:colcon.colcon_core.shell:create_environment_hook('smallrobot_description', 'cmake_prefix_path')
[0.504s] INFO:colcon.colcon_core.shell:Creating environment hook '/home/roach/ros2_ws/install/smallrobot_description/share/smallrobot_description/hook/cmake_prefix_path.ps1'
[0.505s] INFO:colcon.colcon_core.shell:Creating environment descriptor '/home/roach/ros2_ws/install/smallrobot_description/share/smallrobot_description/hook/cmake_prefix_path.dsv'
[0.505s] INFO:colcon.colcon_core.shell:Creating environment hook '/home/roach/ros2_ws/install/smallrobot_description/share/smallrobot_description/hook/cmake_prefix_path.sh'
[0.507s] Level 1:colcon.colcon_core.environment:checking '/home/roach/ros2_ws/install/smallrobot_description/bin'
[0.507s] Level 1:colcon.colcon_core.environment:checking '/home/roach/ros2_ws/install/smallrobot_description/lib/pkgconfig/smallrobot_description.pc'
[0.507s] Level 1:colcon.colcon_core.environment:checking '/home/roach/ros2_ws/install/smallrobot_description/lib/python3.10/site-packages'
[0.507s] Level 1:colcon.colcon_core.environment:checking '/home/roach/ros2_ws/install/smallrobot_description/bin'
[0.508s] INFO:colcon.colcon_core.shell:Creating package script '/home/roach/ros2_ws/install/smallrobot_description/share/smallrobot_description/package.ps1'
[0.511s] INFO:colcon.colcon_core.shell:Creating package descriptor '/home/roach/ros2_ws/install/smallrobot_description/share/smallrobot_description/package.dsv'
[0.512s] INFO:colcon.colcon_core.shell:Creating package script '/home/roach/ros2_ws/install/smallrobot_description/share/smallrobot_description/package.sh'
[0.513s] INFO:colcon.colcon_core.shell:Creating package script '/home/roach/ros2_ws/install/smallrobot_description/share/smallrobot_description/package.bash'
[0.515s] INFO:colcon.colcon_core.shell:Creating package script '/home/roach/ros2_ws/install/smallrobot_description/share/smallrobot_description/package.zsh'
[0.516s] Level 1:colcon.colcon_core.environment:create_file_with_runtime_dependencies(/home/roach/ros2_ws/install/smallrobot_description/share/colcon-core/packages/smallrobot_description)
[0.517s] Level 1:colcon.colcon_core.environment:create_environment_scripts_only(smallrobot_description)
[0.517s] Level 1:colcon.colcon_core.environment:checking '/home/roach/ros2_ws/install/smallrobot_description' for CMake module files
[0.518s] Level 1:colcon.colcon_core.environment:checking '/home/roach/ros2_ws/install/smallrobot_description' for CMake config files
[0.518s] Level 1:colcon.colcon_core.shell:create_environment_hook('smallrobot_description', 'cmake_prefix_path')
[0.518s] INFO:colcon.colcon_core.shell:Creating environment hook '/home/roach/ros2_ws/install/smallrobot_description/share/smallrobot_description/hook/cmake_prefix_path.ps1'
[0.519s] INFO:colcon.colcon_core.shell:Creating environment descriptor '/home/roach/ros2_ws/install/smallrobot_description/share/smallrobot_description/hook/cmake_prefix_path.dsv'
[0.519s] INFO:colcon.colcon_core.shell:Creating environment hook '/home/roach/ros2_ws/install/smallrobot_description/share/smallrobot_description/hook/cmake_prefix_path.sh'
[0.520s] Level 1:colcon.colcon_core.environment:checking '/home/roach/ros2_ws/install/smallrobot_description/bin'
[0.520s] Level 1:colcon.colcon_core.environment:checking '/home/roach/ros2_ws/install/smallrobot_description/lib/pkgconfig/smallrobot_description.pc'
[0.520s] Level 1:colcon.colcon_core.environment:checking '/home/roach/ros2_ws/install/smallrobot_description/lib/python3.10/site-packages'
[0.521s] Level 1:colcon.colcon_core.environment:checking '/home/roach/ros2_ws/install/smallrobot_description/bin'
[0.521s] INFO:colcon.colcon_core.shell:Creating package script '/home/roach/ros2_ws/install/smallrobot_description/share/smallrobot_description/package.ps1'
[0.522s] INFO:colcon.colcon_core.shell:Creating package descriptor '/home/roach/ros2_ws/install/smallrobot_description/share/smallrobot_description/package.dsv'
[0.522s] INFO:colcon.colcon_core.shell:Creating package script '/home/roach/ros2_ws/install/smallrobot_description/share/smallrobot_description/package.sh'
[0.523s] INFO:colcon.colcon_core.shell:Creating package script '/home/roach/ros2_ws/install/smallrobot_description/share/smallrobot_description/package.bash'
[0.523s] INFO:colcon.colcon_core.shell:Creating package script '/home/roach/ros2_ws/install/smallrobot_description/share/smallrobot_description/package.zsh'
[0.524s] Level 1:colcon.colcon_core.environment:create_file_with_runtime_dependencies(/home/roach/ros2_ws/install/smallrobot_description/share/colcon-core/packages/smallrobot_description)
[0.524s] INFO:colcon.colcon_ros.task.ament_cmake.build:Building ROS package in '/home/roach/ros2_ws/src/smallrobot_moveit' with build type 'ament_cmake'
[0.525s] INFO:colcon.colcon_cmake.task.cmake.build:Building CMake package in '/home/roach/ros2_ws/src/smallrobot_moveit'
[0.525s] INFO:colcon.colcon_core.shell:Skip shell extension 'powershell' for command environment: Not usable outside of PowerShell
[0.525s] DEBUG:colcon.colcon_core.shell:Skip shell extension 'dsv' for command environment
[0.531s] Level 1:colcon.colcon_core.environment:create_environment_scripts_only(smallrobot_firmware)
[0.532s] Level 1:colcon.colcon_core.environment:checking '/home/roach/ros2_ws/install/smallrobot_firmware' for CMake module files
[0.533s] DEBUG:colcon.colcon_core.event_handler.log_command:Invoked command in '/home/roach/ros2_ws/build/smallrobot_firmware' returned '0': CMAKE_PREFIX_PATH=/opt/ros/humble /usr/bin/cmake --install /home/roach/ros2_ws/build/smallrobot_firmware
[0.534s] Level 1:colcon.colcon_core.environment:checking '/home/roach/ros2_ws/install/smallrobot_firmware' for CMake config files
[0.534s] Level 1:colcon.colcon_core.shell:create_environment_hook('smallrobot_firmware', 'cmake_prefix_path')
[0.535s] INFO:colcon.colcon_core.shell:Creating environment hook '/home/roach/ros2_ws/install/smallrobot_firmware/share/smallrobot_firmware/hook/cmake_prefix_path.ps1'
[0.535s] INFO:colcon.colcon_core.shell:Creating environment descriptor '/home/roach/ros2_ws/install/smallrobot_firmware/share/smallrobot_firmware/hook/cmake_prefix_path.dsv'
[0.535s] INFO:colcon.colcon_core.shell:Creating environment hook '/home/roach/ros2_ws/install/smallrobot_firmware/share/smallrobot_firmware/hook/cmake_prefix_path.sh'
[0.536s] Level 1:colcon.colcon_core.environment:checking '/home/roach/ros2_ws/install/smallrobot_firmware/bin'
[0.536s] Level 1:colcon.colcon_core.environment:checking '/home/roach/ros2_ws/install/smallrobot_firmware/lib/pkgconfig/smallrobot_firmware.pc'
[0.536s] Level 1:colcon.colcon_core.environment:checking '/home/roach/ros2_ws/install/smallrobot_firmware/lib/python3.10/site-packages'
[0.536s] Level 1:colcon.colcon_core.environment:checking '/home/roach/ros2_ws/install/smallrobot_firmware/bin'
[0.537s] INFO:colcon.colcon_core.shell:Creating package script '/home/roach/ros2_ws/install/smallrobot_firmware/share/smallrobot_firmware/package.ps1'
[0.537s] INFO:colcon.colcon_core.shell:Creating package descriptor '/home/roach/ros2_ws/install/smallrobot_firmware/share/smallrobot_firmware/package.dsv'
[0.537s] INFO:colcon.colcon_core.shell:Creating package script '/home/roach/ros2_ws/install/smallrobot_firmware/share/smallrobot_firmware/package.sh'
[0.538s] INFO:colcon.colcon_core.shell:Creating package script '/home/roach/ros2_ws/install/smallrobot_firmware/share/smallrobot_firmware/package.bash'
[0.538s] INFO:colcon.colcon_core.shell:Creating package script '/home/roach/ros2_ws/install/smallrobot_firmware/share/smallrobot_firmware/package.zsh'
[0.538s] Level 1:colcon.colcon_core.environment:create_file_with_runtime_dependencies(/home/roach/ros2_ws/install/smallrobot_firmware/share/colcon-core/packages/smallrobot_firmware)
[0.539s] Level 1:colcon.colcon_core.environment:create_environment_scripts_only(smallrobot_firmware)
[0.539s] Level 1:colcon.colcon_core.environment:checking '/home/roach/ros2_ws/install/smallrobot_firmware' for CMake module files
[0.540s] Level 1:colcon.colcon_core.environment:checking '/home/roach/ros2_ws/install/smallrobot_firmware' for CMake config files
[0.540s] Level 1:colcon.colcon_core.shell:create_environment_hook('smallrobot_firmware', 'cmake_prefix_path')
[0.540s] INFO:colcon.colcon_core.shell:Creating environment hook '/home/roach/ros2_ws/install/smallrobot_firmware/share/smallrobot_firmware/hook/cmake_prefix_path.ps1'
[0.541s] INFO:colcon.colcon_core.shell:Creating environment descriptor '/home/roach/ros2_ws/install/smallrobot_firmware/share/smallrobot_firmware/hook/cmake_prefix_path.dsv'
[0.541s] INFO:colcon.colcon_core.shell:Creating environment hook '/home/roach/ros2_ws/install/smallrobot_firmware/share/smallrobot_firmware/hook/cmake_prefix_path.sh'
[0.542s] Level 1:colcon.colcon_core.environment:checking '/home/roach/ros2_ws/install/smallrobot_firmware/bin'
[0.542s] Level 1:colcon.colcon_core.environment:checking '/home/roach/ros2_ws/install/smallrobot_firmware/lib/pkgconfig/smallrobot_firmware.pc'
[0.542s] Level 1:colcon.colcon_core.environment:checking '/home/roach/ros2_ws/install/smallrobot_firmware/lib/python3.10/site-packages'
[0.543s] Level 1:colcon.colcon_core.environment:checking '/home/roach/ros2_ws/install/smallrobot_firmware/bin'
[0.544s] INFO:colcon.colcon_core.shell:Creating package script '/home/roach/ros2_ws/install/smallrobot_firmware/share/smallrobot_firmware/package.ps1'
[0.546s] INFO:colcon.colcon_core.shell:Creating package descriptor '/home/roach/ros2_ws/install/smallrobot_firmware/share/smallrobot_firmware/package.dsv'
[0.547s] INFO:colcon.colcon_core.shell:Creating package script '/home/roach/ros2_ws/install/smallrobot_firmware/share/smallrobot_firmware/package.sh'
[0.547s] INFO:colcon.colcon_core.shell:Creating package script '/home/roach/ros2_ws/install/smallrobot_firmware/share/smallrobot_firmware/package.bash'
[0.548s] INFO:colcon.colcon_core.shell:Creating package script '/home/roach/ros2_ws/install/smallrobot_firmware/share/smallrobot_firmware/package.zsh'
[0.548s] Level 1:colcon.colcon_core.environment:create_file_with_runtime_dependencies(/home/roach/ros2_ws/install/smallrobot_firmware/share/colcon-core/packages/smallrobot_firmware)
[0.554s] DEBUG:colcon.colcon_core.event_handler.log_command:Invoking command in '/home/roach/ros2_ws/build/smallrobot_moveit': AMENT_PREFIX_PATH=/home/roach/ros2_ws/install/smallrobot_description:${AMENT_PREFIX_PATH} CMAKE_PREFIX_PATH=/home/roach/ros2_ws/install/smallrobot_description:/opt/ros/humble /usr/bin/cmake --build /home/roach/ros2_ws/build/smallrobot_moveit -- -j8 -l8
[0.611s] DEBUG:colcon.colcon_core.event_handler.log_command:Invoked command in '/home/roach/ros2_ws/build/smallrobot_moveit' returned '0': AMENT_PREFIX_PATH=/home/roach/ros2_ws/install/smallrobot_description:${AMENT_PREFIX_PATH} CMAKE_PREFIX_PATH=/home/roach/ros2_ws/install/smallrobot_description:/opt/ros/humble /usr/bin/cmake --build /home/roach/ros2_ws/build/smallrobot_moveit -- -j8 -l8
[0.613s] DEBUG:colcon.colcon_core.event_handler.log_command:Invoking command in '/home/roach/ros2_ws/build/smallrobot_moveit': AMENT_PREFIX_PATH=/home/roach/ros2_ws/install/smallrobot_description:${AMENT_PREFIX_PATH} CMAKE_PREFIX_PATH=/home/roach/ros2_ws/install/smallrobot_description:/opt/ros/humble /usr/bin/cmake --install /home/roach/ros2_ws/build/smallrobot_moveit
[0.640s] Level 1:colcon.colcon_core.environment:create_environment_scripts_only(smallrobot_moveit)
[0.641s] Level 1:colcon.colcon_core.environment:checking '/home/roach/ros2_ws/install/smallrobot_moveit' for CMake module files
[0.641s] DEBUG:colcon.colcon_core.event_handler.log_command:Invoked command in '/home/roach/ros2_ws/build/smallrobot_moveit' returned '0': AMENT_PREFIX_PATH=/home/roach/ros2_ws/install/smallrobot_description:${AMENT_PREFIX_PATH} CMAKE_PREFIX_PATH=/home/roach/ros2_ws/install/smallrobot_description:/opt/ros/humble /usr/bin/cmake --install /home/roach/ros2_ws/build/smallrobot_moveit
[0.642s] Level 1:colcon.colcon_core.environment:checking '/home/roach/ros2_ws/install/smallrobot_moveit' for CMake config files
[0.642s] Level 1:colcon.colcon_core.shell:create_environment_hook('smallrobot_moveit', 'cmake_prefix_path')
[0.643s] INFO:colcon.colcon_core.shell:Creating environment hook '/home/roach/ros2_ws/install/smallrobot_moveit/share/smallrobot_moveit/hook/cmake_prefix_path.ps1'
[0.644s] INFO:colcon.colcon_core.shell:Creating environment descriptor '/home/roach/ros2_ws/install/smallrobot_moveit/share/smallrobot_moveit/hook/cmake_prefix_path.dsv'
[0.645s] INFO:colcon.colcon_core.shell:Creating environment hook '/home/roach/ros2_ws/install/smallrobot_moveit/share/smallrobot_moveit/hook/cmake_prefix_path.sh'
[0.646s] Level 1:colcon.colcon_core.environment:checking '/home/roach/ros2_ws/install/smallrobot_moveit/bin'
[0.646s] Level 1:colcon.colcon_core.environment:checking '/home/roach/ros2_ws/install/smallrobot_moveit/lib/pkgconfig/smallrobot_moveit.pc'
[0.646s] Level 1:colcon.colcon_core.environment:checking '/home/roach/ros2_ws/install/smallrobot_moveit/lib/python3.10/site-packages'
[0.646s] Level 1:colcon.colcon_core.environment:checking '/home/roach/ros2_ws/install/smallrobot_moveit/bin'
[0.646s] INFO:colcon.colcon_core.shell:Creating package script '/home/roach/ros2_ws/install/smallrobot_moveit/share/smallrobot_moveit/package.ps1'
[0.647s] INFO:colcon.colcon_core.shell:Creating package descriptor '/home/roach/ros2_ws/install/smallrobot_moveit/share/smallrobot_moveit/package.dsv'
[0.647s] INFO:colcon.colcon_core.shell:Creating package script '/home/roach/ros2_ws/install/smallrobot_moveit/share/smallrobot_moveit/package.sh'
[0.647s] INFO:colcon.colcon_core.shell:Creating package script '/home/roach/ros2_ws/install/smallrobot_moveit/share/smallrobot_moveit/package.bash'
[0.648s] INFO:colcon.colcon_core.shell:Creating package script '/home/roach/ros2_ws/install/smallrobot_moveit/share/smallrobot_moveit/package.zsh'
[0.648s] Level 1:colcon.colcon_core.environment:create_file_with_runtime_dependencies(/home/roach/ros2_ws/install/smallrobot_moveit/share/colcon-core/packages/smallrobot_moveit)
[0.649s] Level 1:colcon.colcon_core.environment:create_environment_scripts_only(smallrobot_moveit)
[0.649s] Level 1:colcon.colcon_core.environment:checking '/home/roach/ros2_ws/install/smallrobot_moveit' for CMake module files
[0.649s] Level 1:colcon.colcon_core.environment:checking '/home/roach/ros2_ws/install/smallrobot_moveit' for CMake config files
[0.650s] Level 1:colcon.colcon_core.shell:create_environment_hook('smallrobot_moveit', 'cmake_prefix_path')
[0.650s] INFO:colcon.colcon_core.shell:Creating environment hook '/home/roach/ros2_ws/install/smallrobot_moveit/share/smallrobot_moveit/hook/cmake_prefix_path.ps1'
[0.650s] INFO:colcon.colcon_core.shell:Creating environment descriptor '/home/roach/ros2_ws/install/smallrobot_moveit/share/smallrobot_moveit/hook/cmake_prefix_path.dsv'
[0.650s] INFO:colcon.colcon_core.shell:Creating environment hook '/home/roach/ros2_ws/install/smallrobot_moveit/share/smallrobot_moveit/hook/cmake_prefix_path.sh'
[0.651s] Level 1:colcon.colcon_core.environment:checking '/home/roach/ros2_ws/install/smallrobot_moveit/bin'
[0.651s] Level 1:colcon.colcon_core.environment:checking '/home/roach/ros2_ws/install/smallrobot_moveit/lib/pkgconfig/smallrobot_moveit.pc'
[0.651s] Level 1:colcon.colcon_core.environment:checking '/home/roach/ros2_ws/install/smallrobot_moveit/lib/python3.10/site-packages'
[0.651s] Level 1:colcon.colcon_core.environment:checking '/home/roach/ros2_ws/install/smallrobot_moveit/bin'
[0.652s] INFO:colcon.colcon_core.shell:Creating package script '/home/roach/ros2_ws/install/smallrobot_moveit/share/smallrobot_moveit/package.ps1'
[0.652s] INFO:colcon.colcon_core.shell:Creating package descriptor '/home/roach/ros2_ws/install/smallrobot_moveit/share/smallrobot_moveit/package.dsv'
[0.653s] INFO:colcon.colcon_core.shell:Creating package script '/home/roach/ros2_ws/install/smallrobot_moveit/share/smallrobot_moveit/package.sh'
[0.653s] INFO:colcon.colcon_core.shell:Creating package script '/home/roach/ros2_ws/install/smallrobot_moveit/share/smallrobot_moveit/package.bash'
[0.654s] INFO:colcon.colcon_core.shell:Creating package script '/home/roach/ros2_ws/install/smallrobot_moveit/share/smallrobot_moveit/package.zsh'
[0.654s] Level 1:colcon.colcon_core.environment:create_file_with_runtime_dependencies(/home/roach/ros2_ws/install/smallrobot_moveit/share/colcon-core/packages/smallrobot_moveit)
[1.636s] DEBUG:colcon.colcon_core.event_handler.log_command:Invoked command in '/home/roach/ros2_ws/build/robotarm_controller' returned '2': CMAKE_PREFIX_PATH=/opt/ros/humble /usr/bin/cmake --build /home/roach/ros2_ws/build/robotarm_controller -- -j8 -l8
[1.637s] Level 1:colcon.colcon_core.environment:create_environment_scripts_only(robotarm_controller)
[1.637s] Level 1:colcon.colcon_core.environment:checking '/home/roach/ros2_ws/install/robotarm_controller' for CMake module files
[1.637s] Level 1:colcon.colcon_core.environment:checking '/home/roach/ros2_ws/install/robotarm_controller' for CMake config files
[1.637s] Level 1:colcon.colcon_core.shell:create_environment_hook('robotarm_controller', 'cmake_prefix_path')
[1.638s] INFO:colcon.colcon_core.shell:Creating environment hook '/home/roach/ros2_ws/install/robotarm_controller/share/robotarm_controller/hook/cmake_prefix_path.ps1'
[1.638s] INFO:colcon.colcon_core.shell:Creating environment descriptor '/home/roach/ros2_ws/install/robotarm_controller/share/robotarm_controller/hook/cmake_prefix_path.dsv'
[1.638s] INFO:colcon.colcon_core.shell:Creating environment hook '/home/roach/ros2_ws/install/robotarm_controller/share/robotarm_controller/hook/cmake_prefix_path.sh'
[1.639s] Level 1:colcon.colcon_core.environment:checking '/home/roach/ros2_ws/install/robotarm_controller/bin'
[1.639s] Level 1:colcon.colcon_core.environment:checking '/home/roach/ros2_ws/install/robotarm_controller/lib/pkgconfig/robotarm_controller.pc'
[1.639s] Level 1:colcon.colcon_core.environment:checking '/home/roach/ros2_ws/install/robotarm_controller/lib/python3.10/site-packages'
[1.639s] Level 1:colcon.colcon_core.environment:checking '/home/roach/ros2_ws/install/robotarm_controller/bin'
[1.639s] INFO:colcon.colcon_core.shell:Creating package script '/home/roach/ros2_ws/install/robotarm_controller/share/robotarm_controller/package.ps1'
[1.640s] INFO:colcon.colcon_core.shell:Creating package descriptor '/home/roach/ros2_ws/install/robotarm_controller/share/robotarm_controller/package.dsv'
[1.640s] INFO:colcon.colcon_core.shell:Creating package script '/home/roach/ros2_ws/install/robotarm_controller/share/robotarm_controller/package.sh'
[1.640s] INFO:colcon.colcon_core.shell:Creating package script '/home/roach/ros2_ws/install/robotarm_controller/share/robotarm_controller/package.bash'
[1.641s] INFO:colcon.colcon_core.shell:Creating package script '/home/roach/ros2_ws/install/robotarm_controller/share/robotarm_controller/package.zsh'
[1.641s] Level 1:colcon.colcon_core.environment:create_file_with_runtime_dependencies(/home/roach/ros2_ws/install/robotarm_controller/share/colcon-core/packages/robotarm_controller)
[1.652s] DEBUG:colcon.colcon_parallel_executor.executor.parallel:closing loop
[1.652s] DEBUG:colcon.colcon_parallel_executor.executor.parallel:loop closed
[1.652s] DEBUG:colcon.colcon_parallel_executor.executor.parallel:run_until_complete finished with '2'
[1.652s] DEBUG:colcon.colcon_core.event_reactor:joining thread
[1.660s] INFO:colcon.colcon_core.plugin_system:Skipping extension 'colcon_notification.desktop_notification.terminal_notifier': Not used on non-Darwin systems
[1.660s] INFO:colcon.colcon_core.plugin_system:Skipping extension 'colcon_notification.desktop_notification.win32': Not used on non-Windows systems
[1.660s] INFO:colcon.colcon_notification.desktop_notification:Sending desktop notification using 'notify2'
[1.675s] DEBUG:colcon.colcon_core.event_reactor:joined thread
[1.676s] INFO:colcon.colcon_core.shell:Creating prefix script '/home/roach/ros2_ws/install/local_setup.ps1'
[1.677s] INFO:colcon.colcon_core.shell:Creating prefix util module '/home/roach/ros2_ws/install/_local_setup_util_ps1.py'
[1.679s] INFO:colcon.colcon_core.shell:Creating prefix chain script '/home/roach/ros2_ws/install/setup.ps1'
[1.682s] INFO:colcon.colcon_core.shell:Creating prefix script '/home/roach/ros2_ws/install/local_setup.sh'
[1.683s] INFO:colcon.colcon_core.shell:Creating prefix util module '/home/roach/ros2_ws/install/_local_setup_util_sh.py'
[1.684s] INFO:colcon.colcon_core.shell:Creating prefix chain script '/home/roach/ros2_ws/install/setup.sh'
[1.685s] INFO:colcon.colcon_core.shell:Creating prefix script '/home/roach/ros2_ws/install/local_setup.bash'
[1.686s] INFO:colcon.colcon_core.shell:Creating prefix chain script '/home/roach/ros2_ws/install/setup.bash'
[1.686s] INFO:colcon.colcon_core.shell:Creating prefix script '/home/roach/ros2_ws/install/local_setup.zsh'
[1.687s] INFO:colcon.colcon_core.shell:Creating prefix chain script '/home/roach/ros2_ws/install/setup.zsh'
