[0.017s] Invoking command in '/home/roach/ros2_ws/build/smallrobot_moveit': CMAKE_PREFIX_PATH=/opt/ros/humble /usr/bin/cmake /home/roach/ros2_ws/src/smallrobot_moveit -DCMAKE_INSTALL_PREFIX=/home/roach/ros2_ws/install/smallrobot_moveit
[0.081s] -- The C compiler identification is GNU 11.4.0
[0.155s] -- The CXX compiler identification is GNU 11.4.0
[0.165s] -- Detecting C compiler ABI info
[0.246s] -- Detecting C compiler ABI info - done
[0.258s] -- Check for working C compiler: /usr/bin/cc - skipped
[0.258s] -- Detecting C compile features
[0.258s] -- Detecting C compile features - done
[0.261s] -- Detecting CXX compiler ABI info
[0.364s] -- Detecting CXX compiler ABI info - done
[0.376s] -- Check for working CXX compiler: /usr/bin/c++ - skipped
[0.377s] -- Detecting CXX compile features
[0.378s] -- Detecting CXX compile features - done
[0.381s] -- Found ament_cmake: 1.3.11 (/opt/ros/humble/share/ament_cmake/cmake)
[0.595s] -- Found Python3: /usr/bin/python3 (found version "3.10.12") found components: Interpreter 
[0.691s] -- Found ament_lint_auto: 0.12.12 (/opt/ros/humble/share/ament_lint_auto/cmake)
[0.802s] -- Added test 'lint_cmake' to check CMake code style
[0.803s] -- Added test 'xmllint' to check XML markup files
[0.809s] -- Configuring done
[0.810s] -- Generating done
[0.814s] -- Build files have been written to: /home/roach/ros2_ws/build/smallrobot_moveit
[0.822s] Invoked command in '/home/roach/ros2_ws/build/smallrobot_moveit' returned '0': CMAKE_PREFIX_PATH=/opt/ros/humble /usr/bin/cmake /home/roach/ros2_ws/src/smallrobot_moveit -DCMAKE_INSTALL_PREFIX=/home/roach/ros2_ws/install/smallrobot_moveit
[0.824s] Invoking command in '/home/roach/ros2_ws/build/smallrobot_moveit': CMAKE_PREFIX_PATH=/opt/ros/humble /usr/bin/cmake --build /home/roach/ros2_ws/build/smallrobot_moveit -- -j8 -l8
[0.881s] Invoked command in '/home/roach/ros2_ws/build/smallrobot_moveit' returned '0': CMAKE_PREFIX_PATH=/opt/ros/humble /usr/bin/cmake --build /home/roach/ros2_ws/build/smallrobot_moveit -- -j8 -l8
[0.884s] Invoking command in '/home/roach/ros2_ws/build/smallrobot_moveit': CMAKE_PREFIX_PATH=/opt/ros/humble /usr/bin/cmake --install /home/roach/ros2_ws/build/smallrobot_moveit
[0.894s] -- Install configuration: ""
[0.894s] -- Installing: /home/roach/ros2_ws/install/smallrobot_moveit/share/ament_index/resource_index/package_run_dependencies/smallrobot_moveit
[0.894s] -- Installing: /home/roach/ros2_ws/install/smallrobot_moveit/share/ament_index/resource_index/parent_prefix_path/smallrobot_moveit
[0.894s] -- Installing: /home/roach/ros2_ws/install/smallrobot_moveit/share/smallrobot_moveit/environment/ament_prefix_path.sh
[0.894s] -- Installing: /home/roach/ros2_ws/install/smallrobot_moveit/share/smallrobot_moveit/environment/ament_prefix_path.dsv
[0.894s] -- Installing: /home/roach/ros2_ws/install/smallrobot_moveit/share/smallrobot_moveit/environment/path.sh
[0.895s] -- Installing: /home/roach/ros2_ws/install/smallrobot_moveit/share/smallrobot_moveit/environment/path.dsv
[0.895s] -- Installing: /home/roach/ros2_ws/install/smallrobot_moveit/share/smallrobot_moveit/local_setup.bash
[0.895s] -- Installing: /home/roach/ros2_ws/install/smallrobot_moveit/share/smallrobot_moveit/local_setup.sh
[0.895s] -- Installing: /home/roach/ros2_ws/install/smallrobot_moveit/share/smallrobot_moveit/local_setup.zsh
[0.895s] -- Installing: /home/roach/ros2_ws/install/smallrobot_moveit/share/smallrobot_moveit/local_setup.dsv
[0.896s] -- Installing: /home/roach/ros2_ws/install/smallrobot_moveit/share/smallrobot_moveit/package.dsv
[0.896s] -- Installing: /home/roach/ros2_ws/install/smallrobot_moveit/share/ament_index/resource_index/packages/smallrobot_moveit
[0.896s] -- Installing: /home/roach/ros2_ws/install/smallrobot_moveit/share/smallrobot_moveit/cmake/smallrobot_moveitConfig.cmake
[0.896s] -- Installing: /home/roach/ros2_ws/install/smallrobot_moveit/share/smallrobot_moveit/cmake/smallrobot_moveitConfig-version.cmake
[0.896s] -- Installing: /home/roach/ros2_ws/install/smallrobot_moveit/share/smallrobot_moveit/package.xml
[0.911s] Invoked command in '/home/roach/ros2_ws/build/smallrobot_moveit' returned '0': CMAKE_PREFIX_PATH=/opt/ros/humble /usr/bin/cmake --install /home/roach/ros2_ws/build/smallrobot_moveit
