-- Install configuration: ""
-- Execute custom install script
-- Up-to-date symlink: /home/roach/ros2_ws/install/smallrobot_description/share/smallrobot_description/meshes/link1.STL
-- Up-to-date symlink: /home/roach/ros2_ws/install/smallrobot_description/share/smallrobot_description/meshes/link2.STL
-- Up-to-date symlink: /home/roach/ros2_ws/install/smallrobot_description/share/smallrobot_description/meshes/link3.STL
-- Up-to-date symlink: /home/roach/ros2_ws/install/smallrobot_description/share/smallrobot_description/meshes/link4.STL
-- Up-to-date symlink: /home/roach/ros2_ws/install/smallrobot_description/share/smallrobot_description/meshes/link5.STL
-- Up-to-date symlink: /home/roach/ros2_ws/install/smallrobot_description/share/smallrobot_description/meshes/link6.STL
-- Up-to-date symlink: /home/roach/ros2_ws/install/smallrobot_description/share/smallrobot_description/meshes/link7.STL
-- Up-to-date symlink: /home/roach/ros2_ws/install/smallrobot_description/share/smallrobot_description/urdf/smallrobot.urdf
-- Up-to-date symlink: /home/roach/ros2_ws/install/smallrobot_description/share/smallrobot_description/urdf/smallrobot.urdf.xacro
-- Up-to-date symlink: /home/roach/ros2_ws/install/smallrobot_description/share/smallrobot_description/urdf/smallrobot_gazebo.xacro
-- Up-to-date symlink: /home/roach/ros2_ws/install/smallrobot_description/share/smallrobot_description/urdf/smallrobot_macro.xacro
-- Up-to-date symlink: /home/roach/ros2_ws/install/smallrobot_description/share/smallrobot_description/urdf/smallrobot_ros2_control.xacro
-- Up-to-date symlink: /home/roach/ros2_ws/install/smallrobot_description/share/smallrobot_description/launch/display.launch.py
-- Up-to-date symlink: /home/roach/ros2_ws/install/smallrobot_description/share/smallrobot_description/launch/gazebo.launch.py
-- Up-to-date symlink: /home/roach/ros2_ws/install/smallrobot_description/share/smallrobot_description/rviz/smallrobot.rviz
-- Up-to-date symlink: /home/roach/ros2_ws/install/smallrobot_description/share/ament_index/resource_index/package_run_dependencies/smallrobot_description
-- Up-to-date symlink: /home/roach/ros2_ws/install/smallrobot_description/share/ament_index/resource_index/parent_prefix_path/smallrobot_description
-- Up-to-date symlink: /home/roach/ros2_ws/install/smallrobot_description/share/smallrobot_description/environment/ament_prefix_path.sh
-- Up-to-date symlink: /home/roach/ros2_ws/install/smallrobot_description/share/smallrobot_description/environment/ament_prefix_path.dsv
-- Up-to-date symlink: /home/roach/ros2_ws/install/smallrobot_description/share/smallrobot_description/environment/path.sh
-- Up-to-date symlink: /home/roach/ros2_ws/install/smallrobot_description/share/smallrobot_description/environment/path.dsv
-- Up-to-date symlink: /home/roach/ros2_ws/install/smallrobot_description/share/smallrobot_description/local_setup.bash
-- Up-to-date symlink: /home/roach/ros2_ws/install/smallrobot_description/share/smallrobot_description/local_setup.sh
-- Up-to-date symlink: /home/roach/ros2_ws/install/smallrobot_description/share/smallrobot_description/local_setup.zsh
-- Up-to-date symlink: /home/roach/ros2_ws/install/smallrobot_description/share/smallrobot_description/local_setup.dsv
-- Symlinking: /home/roach/ros2_ws/install/smallrobot_description/share/smallrobot_description/package.dsv
-- Up-to-date symlink: /home/roach/ros2_ws/install/smallrobot_description/share/ament_index/resource_index/packages/smallrobot_description
-- Up-to-date symlink: /home/roach/ros2_ws/install/smallrobot_description/share/smallrobot_description/cmake/smallrobot_descriptionConfig.cmake
-- Up-to-date symlink: /home/roach/ros2_ws/install/smallrobot_description/share/smallrobot_description/cmake/smallrobot_descriptionConfig-version.cmake
-- Up-to-date symlink: /home/roach/ros2_ws/install/smallrobot_description/share/smallrobot_description/package.xml
