[0.015s] Invoking command in '/home/roach/ros2_ws/build/smallrobot_description': CMAKE_PREFIX_PATH=/opt/ros/humble /usr/bin/cmake /home/roach/ros2_ws/src/smallrobot_description -DCMAKE_INSTALL_PREFIX=/home/roach/ros2_ws/install/smallrobot_description
[0.082s] -- The C compiler identification is GNU 11.4.0
[0.152s] -- The CXX compiler identification is GNU 11.4.0
[0.160s] -- Detecting C compiler ABI info
[0.237s] -- Detecting C compiler ABI info - done
[0.247s] -- Check for working C compiler: /usr/bin/cc - skipped
[0.248s] -- Detecting C compile features
[0.248s] -- Detecting C compile features - done
[0.252s] -- Detecting CXX compiler ABI info
[0.347s] -- Detecting CXX compiler ABI info - done
[0.361s] -- Check for working CXX compiler: /usr/bin/c++ - skipped
[0.361s] -- Detecting CXX compile features
[0.362s] -- Detecting CXX compile features - done
[0.365s] -- Found ament_cmake: 1.3.11 (/opt/ros/humble/share/ament_cmake/cmake)
[0.562s] -- Found Python3: /usr/bin/python3 (found version "3.10.12") found components: Interpreter 
[0.666s] -- Found xacro: 2.0.13 (/opt/ros/humble/share/xacro/cmake)
[0.667s] -- Found urdf: 2.6.1 (/opt/ros/humble/share/urdf/cmake)
[0.791s] -- Configuring done
[0.795s] -- Generating done
[0.798s] -- Build files have been written to: /home/roach/ros2_ws/build/smallrobot_description
[0.813s] Invoked command in '/home/roach/ros2_ws/build/smallrobot_description' returned '0': CMAKE_PREFIX_PATH=/opt/ros/humble /usr/bin/cmake /home/roach/ros2_ws/src/smallrobot_description -DCMAKE_INSTALL_PREFIX=/home/roach/ros2_ws/install/smallrobot_description
[0.817s] Invoking command in '/home/roach/ros2_ws/build/smallrobot_description': CMAKE_PREFIX_PATH=/opt/ros/humble /usr/bin/cmake --build /home/roach/ros2_ws/build/smallrobot_description -- -j8 -l8
[0.873s] Invoked command in '/home/roach/ros2_ws/build/smallrobot_description' returned '0': CMAKE_PREFIX_PATH=/opt/ros/humble /usr/bin/cmake --build /home/roach/ros2_ws/build/smallrobot_description -- -j8 -l8
[0.875s] Invoking command in '/home/roach/ros2_ws/build/smallrobot_description': CMAKE_PREFIX_PATH=/opt/ros/humble /usr/bin/cmake --install /home/roach/ros2_ws/build/smallrobot_description
[0.889s] -- Install configuration: ""
[0.890s] -- Installing: /home/roach/ros2_ws/install/smallrobot_description/share/smallrobot_description/meshes
[0.890s] -- Installing: /home/roach/ros2_ws/install/smallrobot_description/share/smallrobot_description/meshes/link3.STL
[0.890s] -- Installing: /home/roach/ros2_ws/install/smallrobot_description/share/smallrobot_description/meshes/link5.STL
[0.890s] -- Installing: /home/roach/ros2_ws/install/smallrobot_description/share/smallrobot_description/meshes/link1.STL
[0.891s] -- Installing: /home/roach/ros2_ws/install/smallrobot_description/share/smallrobot_description/meshes/link6.STL
[0.891s] -- Installing: /home/roach/ros2_ws/install/smallrobot_description/share/smallrobot_description/meshes/link2.STL
[0.892s] -- Installing: /home/roach/ros2_ws/install/smallrobot_description/share/smallrobot_description/meshes/link7.STL
[0.892s] -- Installing: /home/roach/ros2_ws/install/smallrobot_description/share/smallrobot_description/meshes/link4.STL
[0.892s] -- Installing: /home/roach/ros2_ws/install/smallrobot_description/share/smallrobot_description/urdf
[0.892s] -- Installing: /home/roach/ros2_ws/install/smallrobot_description/share/smallrobot_description/urdf/smallrobot.urdf.xacro
[0.892s] -- Installing: /home/roach/ros2_ws/install/smallrobot_description/share/smallrobot_description/urdf/smallrobot_gazebo.xacro
[0.892s] -- Installing: /home/roach/ros2_ws/install/smallrobot_description/share/smallrobot_description/urdf/smallrobot_macro.xacro
[0.893s] -- Installing: /home/roach/ros2_ws/install/smallrobot_description/share/smallrobot_description/urdf/smallrobot_ros2_control.xacro
[0.893s] -- Installing: /home/roach/ros2_ws/install/smallrobot_description/share/smallrobot_description/urdf/smallrobot.urdf
[0.893s] -- Installing: /home/roach/ros2_ws/install/smallrobot_description/share/smallrobot_description/launch
[0.893s] -- Installing: /home/roach/ros2_ws/install/smallrobot_description/share/smallrobot_description/launch/gazebo.launch.py
[0.893s] -- Installing: /home/roach/ros2_ws/install/smallrobot_description/share/smallrobot_description/launch/display.launch.py
[0.893s] -- Installing: /home/roach/ros2_ws/install/smallrobot_description/share/smallrobot_description/rviz
[0.893s] -- Installing: /home/roach/ros2_ws/install/smallrobot_description/share/smallrobot_description/rviz/smallrobot.rviz
[0.894s] -- Installing: /home/roach/ros2_ws/install/smallrobot_description/share/ament_index/resource_index/package_run_dependencies/smallrobot_description
[0.894s] -- Installing: /home/roach/ros2_ws/install/smallrobot_description/share/ament_index/resource_index/parent_prefix_path/smallrobot_description
[0.894s] -- Installing: /home/roach/ros2_ws/install/smallrobot_description/share/smallrobot_description/environment/ament_prefix_path.sh
[0.894s] -- Installing: /home/roach/ros2_ws/install/smallrobot_description/share/smallrobot_description/environment/ament_prefix_path.dsv
[0.894s] -- Installing: /home/roach/ros2_ws/install/smallrobot_description/share/smallrobot_description/environment/path.sh
[0.895s] -- Installing: /home/roach/ros2_ws/install/smallrobot_description/share/smallrobot_description/environment/path.dsv
[0.895s] -- Installing: /home/roach/ros2_ws/install/smallrobot_description/share/smallrobot_description/local_setup.bash
[0.895s] -- Installing: /home/roach/ros2_ws/install/smallrobot_description/share/smallrobot_description/local_setup.sh
[0.895s] -- Installing: /home/roach/ros2_ws/install/smallrobot_description/share/smallrobot_description/local_setup.zsh
[0.896s] -- Installing: /home/roach/ros2_ws/install/smallrobot_description/share/smallrobot_description/local_setup.dsv
[0.896s] -- Installing: /home/roach/ros2_ws/install/smallrobot_description/share/smallrobot_description/package.dsv
[0.896s] -- Installing: /home/roach/ros2_ws/install/smallrobot_description/share/ament_index/resource_index/packages/smallrobot_description
[0.896s] -- Installing: /home/roach/ros2_ws/install/smallrobot_description/share/smallrobot_description/cmake/smallrobot_descriptionConfig.cmake
[0.896s] -- Installing: /home/roach/ros2_ws/install/smallrobot_description/share/smallrobot_description/cmake/smallrobot_descriptionConfig-version.cmake
[0.896s] -- Installing: /home/roach/ros2_ws/install/smallrobot_description/share/smallrobot_description/package.xml
[0.900s] Invoked command in '/home/roach/ros2_ws/build/smallrobot_description' returned '0': CMAKE_PREFIX_PATH=/opt/ros/humble /usr/bin/cmake --install /home/roach/ros2_ws/build/smallrobot_description
