[0.016s] Invoking command in '/home/roach/ros2_ws/build/smallrobot_firmware': CMAKE_PREFIX_PATH=/opt/ros/humble /usr/bin/cmake /home/roach/ros2_ws/src/smallrobot_firmware -DCMAKE_INSTALL_PREFIX=/home/roach/ros2_ws/install/smallrobot_firmware
[0.082s] -- The C compiler identification is GNU 11.4.0
[0.154s] -- The CXX compiler identification is GNU 11.4.0
[0.161s] -- Detecting C compiler ABI info
[0.237s] -- Detecting C compiler ABI info - done
[0.246s] -- Check for working C compiler: /usr/bin/cc - skipped
[0.246s] -- Detecting C compile features
[0.246s] -- Detecting C compile features - done
[0.249s] -- Detecting CXX compiler ABI info
[0.343s] -- Detecting CXX compiler ABI info - done
[0.357s] -- Check for working CXX compiler: /usr/bin/c++ - skipped
[0.357s] -- Detecting CXX compile features
[0.358s] -- Detecting CXX compile features - done
[0.361s] -- Found ament_cmake: 1.3.11 (/opt/ros/humble/share/ament_cmake/cmake)
[0.569s] -- Found Python3: /usr/bin/python3 (found version "3.10.12") found components: Interpreter 
[0.672s] -- Found ament_lint_auto: 0.12.12 (/opt/ros/humble/share/ament_lint_auto/cmake)
[0.757s] -- Added test 'lint_cmake' to check CMake code style
[0.759s] -- Added test 'xmllint' to check XML markup files
[0.760s] -- Configuring done
[0.764s] -- Generating done
[0.766s] -- Build files have been written to: /home/roach/ros2_ws/build/smallrobot_firmware
[0.775s] Invoked command in '/home/roach/ros2_ws/build/smallrobot_firmware' returned '0': CMAKE_PREFIX_PATH=/opt/ros/humble /usr/bin/cmake /home/roach/ros2_ws/src/smallrobot_firmware -DCMAKE_INSTALL_PREFIX=/home/roach/ros2_ws/install/smallrobot_firmware
[0.777s] Invoking command in '/home/roach/ros2_ws/build/smallrobot_firmware': CMAKE_PREFIX_PATH=/opt/ros/humble /usr/bin/cmake --build /home/roach/ros2_ws/build/smallrobot_firmware -- -j8 -l8
[0.830s] Invoked command in '/home/roach/ros2_ws/build/smallrobot_firmware' returned '0': CMAKE_PREFIX_PATH=/opt/ros/humble /usr/bin/cmake --build /home/roach/ros2_ws/build/smallrobot_firmware -- -j8 -l8
[0.839s] Invoking command in '/home/roach/ros2_ws/build/smallrobot_firmware': CMAKE_PREFIX_PATH=/opt/ros/humble /usr/bin/cmake --install /home/roach/ros2_ws/build/smallrobot_firmware
[0.847s] -- Install configuration: ""
[0.848s] -- Installing: /home/roach/ros2_ws/install/smallrobot_firmware/share/ament_index/resource_index/package_run_dependencies/smallrobot_firmware
[0.848s] -- Installing: /home/roach/ros2_ws/install/smallrobot_firmware/share/ament_index/resource_index/parent_prefix_path/smallrobot_firmware
[0.848s] -- Installing: /home/roach/ros2_ws/install/smallrobot_firmware/share/smallrobot_firmware/environment/ament_prefix_path.sh
[0.848s] -- Installing: /home/roach/ros2_ws/install/smallrobot_firmware/share/smallrobot_firmware/environment/ament_prefix_path.dsv
[0.848s] -- Installing: /home/roach/ros2_ws/install/smallrobot_firmware/share/smallrobot_firmware/environment/path.sh
[0.849s] -- Installing: /home/roach/ros2_ws/install/smallrobot_firmware/share/smallrobot_firmware/environment/path.dsv
[0.849s] -- Installing: /home/roach/ros2_ws/install/smallrobot_firmware/share/smallrobot_firmware/local_setup.bash
[0.849s] -- Installing: /home/roach/ros2_ws/install/smallrobot_firmware/share/smallrobot_firmware/local_setup.sh
[0.849s] -- Installing: /home/roach/ros2_ws/install/smallrobot_firmware/share/smallrobot_firmware/local_setup.zsh
[0.849s] -- Installing: /home/roach/ros2_ws/install/smallrobot_firmware/share/smallrobot_firmware/local_setup.dsv
[0.849s] -- Installing: /home/roach/ros2_ws/install/smallrobot_firmware/share/smallrobot_firmware/package.dsv
[0.850s] -- Installing: /home/roach/ros2_ws/install/smallrobot_firmware/share/ament_index/resource_index/packages/smallrobot_firmware
[0.850s] -- Installing: /home/roach/ros2_ws/install/smallrobot_firmware/share/smallrobot_firmware/cmake/smallrobot_firmwareConfig.cmake
[0.850s] -- Installing: /home/roach/ros2_ws/install/smallrobot_firmware/share/smallrobot_firmware/cmake/smallrobot_firmwareConfig-version.cmake
[0.850s] -- Installing: /home/roach/ros2_ws/install/smallrobot_firmware/share/smallrobot_firmware/package.xml
[0.854s] Invoked command in '/home/roach/ros2_ws/build/smallrobot_firmware' returned '0': CMAKE_PREFIX_PATH=/opt/ros/humble /usr/bin/cmake --install /home/roach/ros2_ws/build/smallrobot_firmware
