[0.031s] Invoking command in '/home/roach/ros2_ws/build/robotarm_controller': CMAKE_PREFIX_PATH=/opt/ros/humble /usr/bin/cmake /home/roach/ros2_ws/src/robotarm_controller -DAMENT_CMAKE_SYMLINK_INSTALL=1 -DCMAKE_INSTALL_PREFIX=/home/roach/ros2_ws/install/robotarm_controller
[0.081s] -- Found ament_cmake: 1.3.11 (/opt/ros/humble/share/ament_cmake/cmake)
[0.280s] -- Override CMake install command with custom implementation using symlinks instead of copying resources
[0.297s] -- Found rclcpp: 16.0.12 (/opt/ros/humble/share/rclcpp/cmake)
[0.365s] -- Found rosidl_generator_c: 3.1.6 (/opt/ros/humble/share/rosidl_generator_c/cmake)
[0.373s] -- Found rosidl_adapter: 3.1.6 (/opt/ros/humble/share/rosidl_adapter/cmake)
[0.385s] -- Found rosidl_generator_cpp: 3.1.6 (/opt/ros/humble/share/rosidl_generator_cpp/cmake)
[0.415s] -- Using all available rosidl_typesupport_c: rosidl_typesupport_fastrtps_c;rosidl_typesupport_introspection_c
[0.444s] -- Using all available rosidl_typesupport_cpp: rosidl_typesupport_fastrtps_cpp;rosidl_typesupport_introspection_cpp
[0.519s] -- Found rmw_implementation_cmake: 6.1.2 (/opt/ros/humble/share/rmw_implementation_cmake/cmake)
[0.526s] -- Found rmw_fastrtps_cpp: 6.2.7 (/opt/ros/humble/share/rmw_fastrtps_cpp/cmake)
[0.666s] -- Found OpenSSL: /usr/lib/x86_64-linux-gnu/libcrypto.so (found version "3.0.2")  
[0.699s] -- Found FastRTPS: /opt/ros/humble/include  
[0.749s] -- Using RMW implementation 'rmw_fastrtps_cpp' as default
[0.763s] -- Looking for pthread.h
[0.899s] -- Looking for pthread.h - found
[0.900s] -- Performing Test CMAKE_HAVE_LIBC_PTHREAD
[1.016s] -- Performing Test CMAKE_HAVE_LIBC_PTHREAD - Success
[1.017s] -- Found Threads: TRUE  
[1.110s] [31mCMake Error at CMakeLists.txt:11 (find_package):
[1.110s]   By not providing "Findrclcpp/rclcpp.cmake" in CMAKE_MODULE_PATH this
[1.110s]   project has asked CMake to find a package configuration file provided by
[1.110s]   "rclcpp/rclcpp", but CMake did not find one.
[1.110s] 
[1.110s]   Could not find a package configuration file provided by "rclcpp/rclcpp"
[1.110s]   with any of the following names:
[1.110s] 
[1.110s]     rclcpp/rclcppConfig.cmake
[1.110s]     rclcpp/rclcpp-config.cmake
[1.111s] 
[1.111s]   Add the installation prefix of "rclcpp/rclcpp" to CMAKE_PREFIX_PATH or set
[1.111s]   "rclcpp/rclcpp_DIR" to a directory containing one of the above files.  If
[1.111s]   "rclcpp/rclcpp" provides a separate development package or SDK, be sure it
[1.111s]   has been installed.
[1.111s] 
[1.111s] [0m
[1.111s] -- Configuring incomplete, errors occurred!
[1.111s] See also "/home/roach/ros2_ws/build/robotarm_controller/CMakeFiles/CMakeOutput.log".
[1.116s] Invoked command in '/home/roach/ros2_ws/build/robotarm_controller' returned '1': CMAKE_PREFIX_PATH=/opt/ros/humble /usr/bin/cmake /home/roach/ros2_ws/src/robotarm_controller -DAMENT_CMAKE_SYMLINK_INSTALL=1 -DCMAKE_INSTALL_PREFIX=/home/roach/ros2_ws/install/robotarm_controller
