-- Found ament_cmake: 1.3.11 (/opt/ros/humble/share/ament_cmake/cmake)
-- Override CMake install command with custom implementation using symlinks instead of copying resources
-- Found ament_lint_auto: 0.12.12 (/opt/ros/humble/share/ament_lint_auto/cmake)
-- Added test 'cppcheck' to perform static code analysis on C / C++ code
-- Configured cppcheck include dirs: 
-- Configured cppcheck exclude dirs and/or files: 
-- Added test 'flake8' to check Python code syntax and style conventions
-- Added test 'lint_cmake' to check CMake code style
-- Added test 'pep257' to check Python code against some of the docstring style conventions in PEP 257
-- Added test 'uncrustify' to check C / C++ code style
-- Configured uncrustify additional arguments: 
-- Added test 'xmllint' to check XML markup files
-- Configuring done
-- Generating done
-- Build files have been written to: /home/roach/ros2_ws/build/robotarm_controller
-- Install configuration: ""
-- Execute custom install script
-- Symlinking: /home/roach/ros2_ws/install/robotarm_controller/share/robotarm_controller/config/robotarm_controllers.yaml
-- Symlinking: /home/roach/ros2_ws/install/robotarm_controller/share/robotarm_controller/launch/controller.launch.py
-- Symlinking: /home/roach/ros2_ws/install/robotarm_controller/share/ament_index/resource_index/package_run_dependencies/robotarm_controller
-- Symlinking: /home/roach/ros2_ws/install/robotarm_controller/share/ament_index/resource_index/parent_prefix_path/robotarm_controller
-- Symlinking: /home/roach/ros2_ws/install/robotarm_controller/share/robotarm_controller/environment/ament_prefix_path.sh
-- Symlinking: /home/roach/ros2_ws/install/robotarm_controller/share/robotarm_controller/environment/ament_prefix_path.dsv
-- Symlinking: /home/roach/ros2_ws/install/robotarm_controller/share/robotarm_controller/environment/path.sh
-- Symlinking: /home/roach/ros2_ws/install/robotarm_controller/share/robotarm_controller/environment/path.dsv
-- Symlinking: /home/roach/ros2_ws/install/robotarm_controller/share/robotarm_controller/local_setup.bash
-- Symlinking: /home/roach/ros2_ws/install/robotarm_controller/share/robotarm_controller/local_setup.sh
-- Symlinking: /home/roach/ros2_ws/install/robotarm_controller/share/robotarm_controller/local_setup.zsh
-- Symlinking: /home/roach/ros2_ws/install/robotarm_controller/share/robotarm_controller/local_setup.dsv
-- Symlinking: /home/roach/ros2_ws/install/robotarm_controller/share/robotarm_controller/package.dsv
-- Symlinking: /home/roach/ros2_ws/install/robotarm_controller/share/ament_index/resource_index/packages/robotarm_controller
-- Symlinking: /home/roach/ros2_ws/install/robotarm_controller/share/robotarm_controller/cmake/robotarm_controllerConfig.cmake
-- Symlinking: /home/roach/ros2_ws/install/robotarm_controller/share/robotarm_controller/cmake/robotarm_controllerConfig-version.cmake
-- Symlinking: /home/roach/ros2_ws/install/robotarm_controller/share/robotarm_controller/package.xml
