[0.025s] Invoking command in '/home/roach/ros2_ws/build/robotarm_controller': CMAKE_PREFIX_PATH=/opt/ros/humble /usr/bin/cmake /home/roach/ros2_ws/src/robotarm_controller -DAMENT_CMAKE_SYMLINK_INSTALL=1 -DCMAKE_INSTALL_PREFIX=/home/roach/ros2_ws/install/robotarm_controller
[0.047s] -- Found ament_cmake: 1.3.11 (/opt/ros/humble/share/ament_cmake/cmake)
[0.233s] -- Override CMake install command with custom implementation using symlinks instead of copying resources
[0.248s] -- Found ament_lint_auto: 0.12.12 (/opt/ros/humble/share/ament_lint_auto/cmake)
[0.350s] -- Added test 'cppcheck' to perform static code analysis on C / C++ code
[0.350s] -- Configured cppcheck include dirs: 
[0.350s] -- Configured cppcheck exclude dirs and/or files: 
[0.351s] -- Added test 'flake8' to check Python code syntax and style conventions
[0.353s] -- Added test 'lint_cmake' to check CMake code style
[0.353s] -- Added test 'pep257' to check Python code against some of the docstring style conventions in PEP 257
[0.354s] -- Added test 'uncrustify' to check C / C++ code style
[0.354s] -- Configured uncrustify additional arguments: 
[0.355s] -- Added test 'xmllint' to check XML markup files
[0.356s] -- Configuring done
[0.359s] -- Generating done
[0.361s] -- Build files have been written to: /home/roach/ros2_ws/build/robotarm_controller
[0.367s] Invoked command in '/home/roach/ros2_ws/build/robotarm_controller' returned '0': CMAKE_PREFIX_PATH=/opt/ros/humble /usr/bin/cmake /home/roach/ros2_ws/src/robotarm_controller -DAMENT_CMAKE_SYMLINK_INSTALL=1 -DCMAKE_INSTALL_PREFIX=/home/roach/ros2_ws/install/robotarm_controller
[0.369s] Invoking command in '/home/roach/ros2_ws/build/robotarm_controller': CMAKE_PREFIX_PATH=/opt/ros/humble /usr/bin/cmake --build /home/roach/ros2_ws/build/robotarm_controller -- -j8 -l8
[0.441s] Invoked command in '/home/roach/ros2_ws/build/robotarm_controller' returned '0': CMAKE_PREFIX_PATH=/opt/ros/humble /usr/bin/cmake --build /home/roach/ros2_ws/build/robotarm_controller -- -j8 -l8
[0.443s] Invoking command in '/home/roach/ros2_ws/build/robotarm_controller': CMAKE_PREFIX_PATH=/opt/ros/humble /usr/bin/cmake --install /home/roach/ros2_ws/build/robotarm_controller
[0.453s] -- Install configuration: ""
[0.454s] -- Execute custom install script
[0.454s] -- Symlinking: /home/roach/ros2_ws/install/robotarm_controller/share/robotarm_controller/config/robotarm_controllers.yaml
[0.463s] -- Symlinking: /home/roach/ros2_ws/install/robotarm_controller/share/robotarm_controller/launch/controller.launch.py
[0.475s] -- Symlinking: /home/roach/ros2_ws/install/robotarm_controller/share/ament_index/resource_index/package_run_dependencies/robotarm_controller
[0.486s] -- Symlinking: /home/roach/ros2_ws/install/robotarm_controller/share/ament_index/resource_index/parent_prefix_path/robotarm_controller
[0.495s] -- Symlinking: /home/roach/ros2_ws/install/robotarm_controller/share/robotarm_controller/environment/ament_prefix_path.sh
[0.519s] -- Symlinking: /home/roach/ros2_ws/install/robotarm_controller/share/robotarm_controller/environment/ament_prefix_path.dsv
[0.531s] -- Symlinking: /home/roach/ros2_ws/install/robotarm_controller/share/robotarm_controller/environment/path.sh
[0.547s] -- Symlinking: /home/roach/ros2_ws/install/robotarm_controller/share/robotarm_controller/environment/path.dsv
[0.561s] -- Symlinking: /home/roach/ros2_ws/install/robotarm_controller/share/robotarm_controller/local_setup.bash
[0.574s] -- Symlinking: /home/roach/ros2_ws/install/robotarm_controller/share/robotarm_controller/local_setup.sh
[0.584s] -- Symlinking: /home/roach/ros2_ws/install/robotarm_controller/share/robotarm_controller/local_setup.zsh
[0.595s] -- Symlinking: /home/roach/ros2_ws/install/robotarm_controller/share/robotarm_controller/local_setup.dsv
[0.614s] -- Symlinking: /home/roach/ros2_ws/install/robotarm_controller/share/robotarm_controller/package.dsv
[0.628s] -- Symlinking: /home/roach/ros2_ws/install/robotarm_controller/share/ament_index/resource_index/packages/robotarm_controller
[0.641s] -- Symlinking: /home/roach/ros2_ws/install/robotarm_controller/share/robotarm_controller/cmake/robotarm_controllerConfig.cmake
[0.653s] -- Symlinking: /home/roach/ros2_ws/install/robotarm_controller/share/robotarm_controller/cmake/robotarm_controllerConfig-version.cmake
[0.662s] -- Symlinking: /home/roach/ros2_ws/install/robotarm_controller/share/robotarm_controller/package.xml
[0.683s] Invoked command in '/home/roach/ros2_ws/build/robotarm_controller' returned '0': CMAKE_PREFIX_PATH=/opt/ros/humble /usr/bin/cmake --install /home/roach/ros2_ws/build/robotarm_controller
