-- Found ament_cmake: 1.3.11 (/opt/ros/humble/share/ament_cmake/cmake)
-- Override CMake install command with custom implementation using symlinks instead of copying resources
-- Found rclcpp: 16.0.12 (/opt/ros/humble/share/rclcpp/cmake)
-- Found rosidl_generator_c: 3.1.6 (/opt/ros/humble/share/rosidl_generator_c/cmake)
-- Found rosidl_adapter: 3.1.6 (/opt/ros/humble/share/rosidl_adapter/cmake)
-- Found rosidl_generator_cpp: 3.1.6 (/opt/ros/humble/share/rosidl_generator_cpp/cmake)
-- Using all available rosidl_typesupport_c: rosidl_typesupport_fastrtps_c;rosidl_typesupport_introspection_c
-- Using all available rosidl_typesupport_cpp: rosidl_typesupport_fastrtps_cpp;rosidl_typesupport_introspection_cpp
-- Found rmw_implementation_cmake: 6.1.2 (/opt/ros/humble/share/rmw_implementation_cmake/cmake)
-- Found rmw_fastrtps_cpp: 6.2.7 (/opt/ros/humble/share/rmw_fastrtps_cpp/cmake)
-- Using RMW implementation 'rmw_fastrtps_cpp' as default
-- Found rclcpp_lifecycle: 16.0.12 (/opt/ros/humble/share/rclcpp_lifecycle/cmake)
-- Found hardware_interface: 2.49.0 (/opt/ros/humble/share/hardware_interface/cmake)
-- Found ament_lint_auto: 0.12.12 (/opt/ros/humble/share/ament_lint_auto/cmake)
-- Added test 'cppcheck' to perform static code analysis on C / C++ code
-- Configured cppcheck include dirs: /home/roach/ros2_ws/src/robotarm_controller/include;/home/roach/ros2_ws/src/robotarm_controller/
-- Configured cppcheck exclude dirs and/or files: 
-- Added test 'flake8' to check Python code syntax and style conventions
-- Added test 'lint_cmake' to check CMake code style
-- Added test 'pep257' to check Python code against some of the docstring style conventions in PEP 257
-- Added test 'uncrustify' to check C / C++ code style
-- Configured uncrustify additional arguments: 
-- Added test 'xmllint' to check XML markup files
-- Configuring done
-- Generating done
-- Build files have been written to: /home/roach/ros2_ws/build/robotarm_controller
[35m[1mConsolidate compiler generated dependencies of target robotarm_controller[0m
[ 50%] [32mBuilding CXX object CMakeFiles/robotarm_controller.dir/src/robotarm_interface.cpp.o[0m
[01m[K/home/roach/ros2_ws/src/robotarm_controller/src/robotarm_interface.cpp:[m[K In member function ‘[01m[Kvirtual robotarm_controller::CallbackReturn robotarm_controller::RobotArmInterface::on_init(const hardware_interface::HardwareInfo&)[m[K’:
[01m[K/home/roach/ros2_ws/src/robotarm_controller/src/robotarm_interface.cpp:35:36:[m[K [01;31m[Kerror: [m[K‘[01m[KLibSerial::SerialStreamBuf[m[K’ has not been declared
   35 |     arduino.SetBaudRate(LibSerial::[01;31m[KSerialStreamBuf[m[K::BAUD_115200);
      |                                    [01;31m[K^~~~~~~~~~~~~~~[m[K
[01m[K/home/roach/ros2_ws/src/robotarm_controller/src/robotarm_interface.cpp:42:3:[m[K [01;31m[Kerror: [m[K‘[01m[Kposition_commands_[m[K’ was not declared in this scope; did you mean ‘[01m[Kpositions_commands_[m[K’?
   42 |   [01;31m[Kposition_commands_[m[K.resize(info_.joints.size(), 0.0);
      |   [01;31m[K^~~~~~~~~~~~~~~~~~[m[K
      |   [32m[Kpositions_commands_[m[K
[01m[K/home/roach/ros2_ws/src/robotarm_controller/src/robotarm_interface.cpp:44:3:[m[K [01;31m[Kerror: [m[K‘[01m[Kprev_position_commands__[m[K’ was not declared in this scope; did you mean ‘[01m[Kprev_position_commands_[m[K’?
   44 |   [01;31m[Kprev_position_commands__[m[K.resize(info_.joints.size(), 0.0);
      |   [01;31m[K^~~~~~~~~~~~~~~~~~~~~~~~[m[K
      |   [32m[Kprev_position_commands_[m[K
[01m[K/home/roach/ros2_ws/src/robotarm_controller/src/robotarm_interface.cpp:[m[K In member function ‘[01m[Kvirtual std::vector<hardware_interface::CommandInterface> robotarm_controller::RobotArmInterface::export_command_interfaces()[m[K’:
[01m[K/home/roach/ros2_ws/src/robotarm_controller/src/robotarm_interface.cpp:95:8:[m[K [01;31m[Kerror: [m[K‘[01m[Kposition_commands_[m[K’ was not declared in this scope; did you mean ‘[01m[Kpositions_commands_[m[K’?
   95 |       &[01;31m[Kposition_commands_[m[K[i]);
      |        [01;31m[K^~~~~~~~~~~~~~~~~~[m[K
      |        [32m[Kpositions_commands_[m[K
[01m[K/home/roach/ros2_ws/src/robotarm_controller/src/robotarm_interface.cpp:[m[K At global scope:
[01m[K/home/roach/ros2_ws/src/robotarm_controller/src/robotarm_interface.cpp:100:33:[m[K [01;31m[Kerror: [m[Kno declaration matches ‘[01m[Khardware_interface::return_type robotarm_controller::RobotArmInterface::read()[m[K’
  100 | hardware_interface::return_type [01;31m[KRobotArmInterface[m[K::read()
      |                                 [01;31m[K^~~~~~~~~~~~~~~~~[m[K
In file included from [01m[K/home/roach/ros2_ws/src/robotarm_controller/src/robotarm_interface.cpp:1[m[K:
[01m[K/home/roach/ros2_ws/src/robotarm_controller/include/robotarm_controller/robotarm_interface.hpp:31:41:[m[K [01;36m[Knote: [m[Kcandidate is: ‘[01m[Kvirtual hardware_interface::return_type robotarm_controller::RobotArmInterface::read(const rclcpp::Time&, const rclcpp::Duration&)[m[K’
   31 |         hardware_interface::return_type [01;36m[Kread[m[K(const rclcpp::Time & time, const rclcpp::Duration & period) override;
      |                                         [01;36m[K^~~~[m[K
[01m[K/home/roach/ros2_ws/src/robotarm_controller/include/robotarm_controller/robotarm_interface.hpp:18:11:[m[K [01;36m[Knote: [m[K‘[01m[Kclass robotarm_controller::RobotArmInterface[m[K’ defined here
   18 |     class [01;36m[KRobotArmInterface[m[K : public hardware_interface::SystemInterface
      |           [01;36m[K^~~~~~~~~~~~~~~~~[m[K
[01m[K/home/roach/ros2_ws/src/robotarm_controller/src/robotarm_interface.cpp:110:33:[m[K [01;31m[Kerror: [m[Kno declaration matches ‘[01m[Khardware_interface::return_type robotarm_controller::RobotArmInterface::write()[m[K’
  110 | hardware_interface::return_type [01;31m[KRobotArmInterface[m[K::write()
      |                                 [01;31m[K^~~~~~~~~~~~~~~~~[m[K
In file included from [01m[K/home/roach/ros2_ws/src/robotarm_controller/src/robotarm_interface.cpp:1[m[K:
[01m[K/home/roach/ros2_ws/src/robotarm_controller/include/robotarm_controller/robotarm_interface.hpp:32:41:[m[K [01;36m[Knote: [m[Kcandidate is: ‘[01m[Kvirtual hardware_interface::return_type robotarm_controller::RobotArmInterface::write(const rclcpp::Time&, const rclcpp::Duration&)[m[K’
   32 |         hardware_interface::return_type [01;36m[Kwrite[m[K(const rclcpp::Time & time, const rclcpp::Duration & period) override;
      |                                         [01;36m[K^~~~~[m[K
[01m[K/home/roach/ros2_ws/src/robotarm_controller/include/robotarm_controller/robotarm_interface.hpp:18:11:[m[K [01;36m[Knote: [m[K‘[01m[Kclass robotarm_controller::RobotArmInterface[m[K’ defined here
   18 |     class [01;36m[KRobotArmInterface[m[K : public hardware_interface::SystemInterface
      |           [01;36m[K^~~~~~~~~~~~~~~~~[m[K
gmake[2]: *** [CMakeFiles/robotarm_controller.dir/build.make:76: CMakeFiles/robotarm_controller.dir/src/robotarm_interface.cpp.o] Error 1
gmake[1]: *** [CMakeFiles/Makefile2:137: CMakeFiles/robotarm_controller.dir/all] Error 2
gmake: *** [Makefile:146: all] Error 2
