[0.018s] Invoking command in '/home/roach/ros2_ws/build/robotarm_controller': CMAKE_PREFIX_PATH=/opt/ros/humble /usr/bin/cmake /home/roach/ros2_ws/src/robotarm_controller -DCMAKE_INSTALL_PREFIX=/home/roach/ros2_ws/install/robotarm_controller
[0.085s] -- The C compiler identification is GNU 11.4.0
[0.161s] -- The CXX compiler identification is GNU 11.4.0
[0.169s] -- Detecting C compiler ABI info
[0.252s] -- Detecting C compiler ABI info - done
[0.261s] -- Check for working C compiler: /usr/bin/cc - skipped
[0.262s] -- Detecting C compile features
[0.262s] -- Detecting C compile features - done
[0.265s] -- Detecting CXX compiler ABI info
[0.364s] -- Detecting CXX compiler ABI info - done
[0.374s] -- Check for working CXX compiler: /usr/bin/c++ - skipped
[0.374s] -- Detecting CXX compile features
[0.375s] -- Detecting CXX compile features - done
[0.377s] -- Found ament_cmake: 1.3.11 (/opt/ros/humble/share/ament_cmake/cmake)
[0.562s] -- Found Python3: /usr/bin/python3 (found version "3.10.12") found components: Interpreter 
[0.680s] -- Found ament_lint_auto: 0.12.12 (/opt/ros/humble/share/ament_lint_auto/cmake)
[0.773s] -- Added test 'cppcheck' to perform static code analysis on C / C++ code
[0.773s] -- Configured cppcheck include dirs: 
[0.773s] -- Configured cppcheck exclude dirs and/or files: 
[0.773s] -- Added test 'flake8' to check Python code syntax and style conventions
[0.774s] -- Added test 'lint_cmake' to check CMake code style
[0.775s] -- Added test 'pep257' to check Python code against some of the docstring style conventions in PEP 257
[0.776s] -- Added test 'uncrustify' to check C / C++ code style
[0.776s] -- Configured uncrustify additional arguments: 
[0.780s] -- Added test 'xmllint' to check XML markup files
[0.780s] -- Configuring done
[0.784s] -- Generating done
[0.787s] -- Build files have been written to: /home/roach/ros2_ws/build/robotarm_controller
[0.791s] Invoked command in '/home/roach/ros2_ws/build/robotarm_controller' returned '0': CMAKE_PREFIX_PATH=/opt/ros/humble /usr/bin/cmake /home/roach/ros2_ws/src/robotarm_controller -DCMAKE_INSTALL_PREFIX=/home/roach/ros2_ws/install/robotarm_controller
[0.793s] Invoking command in '/home/roach/ros2_ws/build/robotarm_controller': CMAKE_PREFIX_PATH=/opt/ros/humble /usr/bin/cmake --build /home/roach/ros2_ws/build/robotarm_controller -- -j8 -l8
[0.850s] Invoked command in '/home/roach/ros2_ws/build/robotarm_controller' returned '0': CMAKE_PREFIX_PATH=/opt/ros/humble /usr/bin/cmake --build /home/roach/ros2_ws/build/robotarm_controller -- -j8 -l8
[0.851s] Invoking command in '/home/roach/ros2_ws/build/robotarm_controller': CMAKE_PREFIX_PATH=/opt/ros/humble /usr/bin/cmake --install /home/roach/ros2_ws/build/robotarm_controller
[0.859s] -- Install configuration: ""
[0.859s] -- Installing: /home/roach/ros2_ws/install/robotarm_controller/share/robotarm_controller/config
[0.859s] -- Installing: /home/roach/ros2_ws/install/robotarm_controller/share/robotarm_controller/config/robotarm_controllers.yaml
[0.859s] -- Installing: /home/roach/ros2_ws/install/robotarm_controller/share/robotarm_controller/launch
[0.859s] -- Installing: /home/roach/ros2_ws/install/robotarm_controller/share/robotarm_controller/launch/controller.launch.py
[0.860s] -- Installing: /home/roach/ros2_ws/install/robotarm_controller/share/ament_index/resource_index/package_run_dependencies/robotarm_controller
[0.860s] -- Installing: /home/roach/ros2_ws/install/robotarm_controller/share/ament_index/resource_index/parent_prefix_path/robotarm_controller
[0.860s] -- Installing: /home/roach/ros2_ws/install/robotarm_controller/share/robotarm_controller/environment/ament_prefix_path.sh
[0.860s] -- Installing: /home/roach/ros2_ws/install/robotarm_controller/share/robotarm_controller/environment/ament_prefix_path.dsv
[0.860s] -- Installing: /home/roach/ros2_ws/install/robotarm_controller/share/robotarm_controller/environment/path.sh
[0.860s] -- Installing: /home/roach/ros2_ws/install/robotarm_controller/share/robotarm_controller/environment/path.dsv
[0.861s] -- Installing: /home/roach/ros2_ws/install/robotarm_controller/share/robotarm_controller/local_setup.bash
[0.861s] -- Installing: /home/roach/ros2_ws/install/robotarm_controller/share/robotarm_controller/local_setup.sh
[0.861s] -- Installing: /home/roach/ros2_ws/install/robotarm_controller/share/robotarm_controller/local_setup.zsh
[0.861s] -- Installing: /home/roach/ros2_ws/install/robotarm_controller/share/robotarm_controller/local_setup.dsv
[0.861s] -- Installing: /home/roach/ros2_ws/install/robotarm_controller/share/robotarm_controller/package.dsv
[0.862s] -- Installing: /home/roach/ros2_ws/install/robotarm_controller/share/ament_index/resource_index/packages/robotarm_controller
[0.862s] -- Installing: /home/roach/ros2_ws/install/robotarm_controller/share/robotarm_controller/cmake/robotarm_controllerConfig.cmake
[0.863s] -- Installing: /home/roach/ros2_ws/install/robotarm_controller/share/robotarm_controller/cmake/robotarm_controllerConfig-version.cmake
[0.863s] -- Installing: /home/roach/ros2_ws/install/robotarm_controller/share/robotarm_controller/package.xml
[0.881s] Invoked command in '/home/roach/ros2_ws/build/robotarm_controller' returned '0': CMAKE_PREFIX_PATH=/opt/ros/humble /usr/bin/cmake --install /home/roach/ros2_ws/build/robotarm_controller
