[0.010s] Invoking command in '/home/roach/ros2_ws/build/robotarm_controller': CMAKE_PREFIX_PATH=/opt/ros/humble /usr/bin/cmake /home/roach/ros2_ws/src/robotarm_controller -DAMENT_CMAKE_SYMLINK_INSTALL=1 -DCMAKE_INSTALL_PREFIX=/home/roach/ros2_ws/install/robotarm_controller
[0.025s] -- Found ament_cmake: 1.3.11 (/opt/ros/humble/share/ament_cmake/cmake)
[0.133s] -- Override CMake install command with custom implementation using symlinks instead of copying resources
[0.141s] -- Found rclcpp: 16.0.12 (/opt/ros/humble/share/rclcpp/cmake)
[0.166s] -- Found rosidl_generator_c: 3.1.6 (/opt/ros/humble/share/rosidl_generator_c/cmake)
[0.169s] -- Found rosidl_adapter: 3.1.6 (/opt/ros/humble/share/rosidl_adapter/cmake)
[0.174s] -- Found rosidl_generator_cpp: 3.1.6 (/opt/ros/humble/share/rosidl_generator_cpp/cmake)
[0.182s] -- Using all available rosidl_typesupport_c: rosidl_typesupport_fastrtps_c;rosidl_typesupport_introspection_c
[0.193s] -- Using all available rosidl_typesupport_cpp: rosidl_typesupport_fastrtps_cpp;rosidl_typesupport_introspection_cpp
[0.226s] -- Found rmw_implementation_cmake: 6.1.2 (/opt/ros/humble/share/rmw_implementation_cmake/cmake)
[0.227s] -- Found rmw_fastrtps_cpp: 6.2.7 (/opt/ros/humble/share/rmw_fastrtps_cpp/cmake)
[0.326s] -- Using RMW implementation 'rmw_fastrtps_cpp' as default
[0.373s] -- Found rclcpp_lifecycle: 16.0.12 (/opt/ros/humble/share/rclcpp_lifecycle/cmake)
[0.387s] -- Found hardware_interface: 2.49.0 (/opt/ros/humble/share/hardware_interface/cmake)
[0.506s] -- Found ament_lint_auto: 0.12.12 (/opt/ros/humble/share/ament_lint_auto/cmake)
[0.571s] -- Added test 'cppcheck' to perform static code analysis on C / C++ code
[0.572s] -- Configured cppcheck include dirs: /home/roach/ros2_ws/src/robotarm_controller/include;/home/roach/ros2_ws/src/robotarm_controller/
[0.572s] -- Configured cppcheck exclude dirs and/or files: 
[0.572s] -- Added test 'flake8' to check Python code syntax and style conventions
[0.573s] -- Added test 'lint_cmake' to check CMake code style
[0.573s] -- Added test 'pep257' to check Python code against some of the docstring style conventions in PEP 257
[0.574s] -- Added test 'uncrustify' to check C / C++ code style
[0.574s] -- Configured uncrustify additional arguments: 
[0.575s] -- Added test 'xmllint' to check XML markup files
[0.576s] -- Configuring done
[0.602s] -- Generating done
[0.607s] -- Build files have been written to: /home/roach/ros2_ws/build/robotarm_controller
[0.618s] Invoked command in '/home/roach/ros2_ws/build/robotarm_controller' returned '0': CMAKE_PREFIX_PATH=/opt/ros/humble /usr/bin/cmake /home/roach/ros2_ws/src/robotarm_controller -DAMENT_CMAKE_SYMLINK_INSTALL=1 -DCMAKE_INSTALL_PREFIX=/home/roach/ros2_ws/install/robotarm_controller
[0.621s] Invoking command in '/home/roach/ros2_ws/build/robotarm_controller': CMAKE_PREFIX_PATH=/opt/ros/humble /usr/bin/cmake --build /home/roach/ros2_ws/build/robotarm_controller -- -j8 -l8
[0.659s] [35m[1mConsolidate compiler generated dependencies of target robotarm_controller[0m
[0.676s] [ 50%] [32m[1mLinking CXX shared library librobotarm_controller.so[0m
[0.842s] [100%] Built target robotarm_controller
[0.854s] Invoked command in '/home/roach/ros2_ws/build/robotarm_controller' returned '0': CMAKE_PREFIX_PATH=/opt/ros/humble /usr/bin/cmake --build /home/roach/ros2_ws/build/robotarm_controller -- -j8 -l8
[0.863s] Invoking command in '/home/roach/ros2_ws/build/robotarm_controller': CMAKE_PREFIX_PATH=/opt/ros/humble /usr/bin/cmake --install /home/roach/ros2_ws/build/robotarm_controller
[0.869s] -- Install configuration: ""
[0.869s] -- Execute custom install script
[0.870s] -- Up-to-date symlink: /home/roach/ros2_ws/install/robotarm_controller/share/robotarm_controller//robotarm_interface.xml
[0.870s] -- Up-to-date symlink: /home/roach/ros2_ws/install/robotarm_controller/share/robotarm_controller/config/robotarm_controllers.yaml
[0.870s] -- Up-to-date symlink: /home/roach/ros2_ws/install/robotarm_controller/share/robotarm_controller/launch/controller.launch.py
[0.870s] -- Up-to-date symlink: /home/roach/ros2_ws/install/robotarm_controller/lib/librobotarm_controller.so
[0.871s] -- Up-to-date symlink: /home/roach/ros2_ws/install/robotarm_controller/include/include/robotarm_controller/robotarm_interface.hpp
[0.871s] -- Up-to-date symlink: /home/roach/ros2_ws/install/robotarm_controller/share/robotarm_controller/environment/library_path.sh
[0.871s] -- Up-to-date symlink: /home/roach/ros2_ws/install/robotarm_controller/share/robotarm_controller/environment/library_path.dsv
[0.871s] -- Up-to-date symlink: /home/roach/ros2_ws/install/robotarm_controller/share/ament_index/resource_index/package_run_dependencies/robotarm_controller
[0.871s] -- Up-to-date symlink: /home/roach/ros2_ws/install/robotarm_controller/share/ament_index/resource_index/parent_prefix_path/robotarm_controller
[0.871s] -- Up-to-date symlink: /home/roach/ros2_ws/install/robotarm_controller/share/robotarm_controller/environment/ament_prefix_path.sh
[0.872s] -- Up-to-date symlink: /home/roach/ros2_ws/install/robotarm_controller/share/robotarm_controller/environment/ament_prefix_path.dsv
[0.872s] -- Up-to-date symlink: /home/roach/ros2_ws/install/robotarm_controller/share/robotarm_controller/environment/path.sh
[0.872s] -- Up-to-date symlink: /home/roach/ros2_ws/install/robotarm_controller/share/robotarm_controller/environment/path.dsv
[0.872s] -- Up-to-date symlink: /home/roach/ros2_ws/install/robotarm_controller/share/robotarm_controller/local_setup.bash
[0.872s] -- Up-to-date symlink: /home/roach/ros2_ws/install/robotarm_controller/share/robotarm_controller/local_setup.sh
[0.872s] -- Up-to-date symlink: /home/roach/ros2_ws/install/robotarm_controller/share/robotarm_controller/local_setup.zsh
[0.872s] -- Up-to-date symlink: /home/roach/ros2_ws/install/robotarm_controller/share/robotarm_controller/local_setup.dsv
[0.872s] -- Symlinking: /home/roach/ros2_ws/install/robotarm_controller/share/robotarm_controller/package.dsv
[0.880s] -- Up-to-date symlink: /home/roach/ros2_ws/install/robotarm_controller/share/ament_index/resource_index/packages/robotarm_controller
[0.880s] -- Up-to-date symlink: /home/roach/ros2_ws/install/robotarm_controller/share/ament_index/resource_index/hardware_interface__pluginlib__plugin/robotarm_controller
[0.881s] -- Up-to-date symlink: /home/roach/ros2_ws/install/robotarm_controller/share/robotarm_controller/cmake/ament_cmake_export_include_directories-extras.cmake
[0.881s] -- Up-to-date symlink: /home/roach/ros2_ws/install/robotarm_controller/share/robotarm_controller/cmake/ament_cmake_export_libraries-extras.cmake
[0.881s] -- Up-to-date symlink: /home/roach/ros2_ws/install/robotarm_controller/share/robotarm_controller/cmake/ament_cmake_export_dependencies-extras.cmake
[0.881s] -- Up-to-date symlink: /home/roach/ros2_ws/install/robotarm_controller/share/robotarm_controller/cmake/robotarm_controllerConfig.cmake
[0.881s] -- Up-to-date symlink: /home/roach/ros2_ws/install/robotarm_controller/share/robotarm_controller/cmake/robotarm_controllerConfig-version.cmake
[0.881s] -- Up-to-date symlink: /home/roach/ros2_ws/install/robotarm_controller/share/robotarm_controller/package.xml
[0.883s] Invoked command in '/home/roach/ros2_ws/build/robotarm_controller' returned '0': CMAKE_PREFIX_PATH=/opt/ros/humble /usr/bin/cmake --install /home/roach/ros2_ws/build/robotarm_controller
