[0.023s] Invoking command in '/home/roach/ros2_ws/build/robotarm_controller': CMAKE_PREFIX_PATH=/opt/ros/humble /usr/bin/cmake /home/roach/ros2_ws/src/robotarm_controller -DAMENT_CMAKE_SYMLINK_INSTALL=1 -DCMAKE_INSTALL_PREFIX=/home/roach/ros2_ws/install/robotarm_controller
[0.040s] -- Found ament_cmake: 1.3.11 (/opt/ros/humble/share/ament_cmake/cmake)
[0.250s] -- Override CMake install command with custom implementation using symlinks instead of copying resources
[0.268s] -- Found rclcpp: 16.0.12 (/opt/ros/humble/share/rclcpp/cmake)
[0.311s] -- Found rosidl_generator_c: 3.1.6 (/opt/ros/humble/share/rosidl_generator_c/cmake)
[0.314s] -- Found rosidl_adapter: 3.1.6 (/opt/ros/humble/share/rosidl_adapter/cmake)
[0.321s] -- Found rosidl_generator_cpp: 3.1.6 (/opt/ros/humble/share/rosidl_generator_cpp/cmake)
[0.333s] -- Using all available rosidl_typesupport_c: rosidl_typesupport_fastrtps_c;rosidl_typesupport_introspection_c
[0.351s] -- Using all available rosidl_typesupport_cpp: rosidl_typesupport_fastrtps_cpp;rosidl_typesupport_introspection_cpp
[0.393s] -- Found rmw_implementation_cmake: 6.1.2 (/opt/ros/humble/share/rmw_implementation_cmake/cmake)
[0.395s] -- Found rmw_fastrtps_cpp: 6.2.7 (/opt/ros/humble/share/rmw_fastrtps_cpp/cmake)
[0.501s] -- Using RMW implementation 'rmw_fastrtps_cpp' as default
[0.571s] -- Found rclcpp_lifecycle: 16.0.12 (/opt/ros/humble/share/rclcpp_lifecycle/cmake)
[0.600s] -- Found hardware_interface: 2.49.0 (/opt/ros/humble/share/hardware_interface/cmake)
[0.778s] -- Found PkgConfig: /usr/bin/pkg-config (found version "0.29.2") 
[0.780s] -- Checking for module 'libserial'
[0.794s] --   Found libserial, version 1.0.0
[0.831s] [31mCMake Error at CMakeLists.txt:18 (add_library):
[0.831s]   The target name "{$PROJECT_NAME}" is reserved or not valid for certain
[0.831s]   CMake features, such as generator expressions, and may result in undefined
[0.831s]   behavior.
[0.831s] 
[0.831s] [0m
[0.831s] [31mCMake Error at CMakeLists.txt:22 (target_include_directories):
[0.831s]   Cannot specify include directories for target "robotarm_controller" which
[0.831s]   is not built by this project.
[0.831s] 
[0.831s] [0m
[0.831s] [31mCMake Error at CMakeLists.txt:27 (target_link_libraries):
[0.831s]   Cannot specify link libraries for target "robotarm_controller" which is not
[0.831s]   built by this project.
[0.832s] 
[0.832s] [0m
[0.832s] -- Configuring incomplete, errors occurred!
[0.832s] See also "/home/roach/ros2_ws/build/robotarm_controller/CMakeFiles/CMakeOutput.log".
[0.839s] Invoked command in '/home/roach/ros2_ws/build/robotarm_controller' returned '1': CMAKE_PREFIX_PATH=/opt/ros/humble /usr/bin/cmake /home/roach/ros2_ws/src/robotarm_controller -DAMENT_CMAKE_SYMLINK_INSTALL=1 -DCMAKE_INSTALL_PREFIX=/home/roach/ros2_ws/install/robotarm_controller
