[0.094s] DEBUG:colcon:Command line arguments: ['/usr/bin/colcon', 'build', '--packages-select', 'robotarm_controller', '--cmake-clean-cache']
[0.094s] DEBUG:colcon:Parsed command line arguments: Namespace(log_base=None, log_level=None, verb_name='build', build_base='build', install_base='install', merge_install=False, symlink_install=False, test_result_base=None, continue_on_error=False, executor='parallel', parallel_workers=8, event_handlers=None, ignore_user_meta=False, metas=['./colcon.meta'], base_paths=['.'], packages_ignore=None, packages_ignore_regex=None, paths=None, packages_up_to=None, packages_up_to_regex=None, packages_above=None, packages_above_and_dependencies=None, packages_above_depth=None, packages_select_by_dep=None, packages_skip_by_dep=None, packages_skip_up_to=None, packages_select_build_failed=False, packages_skip_build_finished=False, packages_select_test_failures=False, packages_skip_test_passed=False, packages_select=['robotarm_controller'], packages_skip=None, packages_select_regex=None, packages_skip_regex=None, packages_start=None, packages_end=None, allow_overriding=[], cmake_args=None, cmake_target=None, cmake_target_skip_unavailable=False, cmake_clean_cache=True, cmake_clean_first=False, cmake_force_configure=False, ament_cmake_args=None, catkin_cmake_args=None, catkin_skip_building_tests=False, verb_parser=<colcon_defaults.argument_parser.defaults.DefaultArgumentsDecorator object at 0x72e100c28130>, verb_extension=<colcon_core.verb.build.BuildVerb object at 0x72e100bebbe0>, main=<bound method BuildVerb.main of <colcon_core.verb.build.BuildVerb object at 0x72e100bebbe0>>)
[0.238s] Level 1:colcon.colcon_core.package_discovery:discover_packages(colcon_meta) check parameters
[0.238s] Level 1:colcon.colcon_core.package_discovery:discover_packages(recursive) check parameters
[0.238s] Level 1:colcon.colcon_core.package_discovery:discover_packages(ignore) check parameters
[0.238s] Level 1:colcon.colcon_core.package_discovery:discover_packages(path) check parameters
[0.238s] Level 1:colcon.colcon_core.package_discovery:discover_packages(colcon_meta) discover
[0.238s] Level 1:colcon.colcon_core.package_discovery:discover_packages(recursive) discover
[0.238s] INFO:colcon.colcon_core.package_discovery:Crawling recursively for packages in '/home/roach/ros2_ws'
[0.238s] Level 1:colcon.colcon_core.package_identification:_identify(.) by extensions ['ignore', 'ignore_ament_install']
[0.238s] Level 1:colcon.colcon_core.package_identification:_identify(.) by extension 'ignore'
[0.238s] Level 1:colcon.colcon_core.package_identification:_identify(.) by extension 'ignore_ament_install'
[0.238s] Level 1:colcon.colcon_core.package_identification:_identify(.) by extensions ['colcon_pkg']
[0.238s] Level 1:colcon.colcon_core.package_identification:_identify(.) by extension 'colcon_pkg'
[0.238s] Level 1:colcon.colcon_core.package_identification:_identify(.) by extensions ['colcon_meta']
[0.238s] Level 1:colcon.colcon_core.package_identification:_identify(.) by extension 'colcon_meta'
[0.238s] Level 1:colcon.colcon_core.package_identification:_identify(.) by extensions ['ros']
[0.238s] Level 1:colcon.colcon_core.package_identification:_identify(.) by extension 'ros'
[0.248s] Level 1:colcon.colcon_core.package_identification:_identify(.) by extensions ['cmake', 'python']
[0.248s] Level 1:colcon.colcon_core.package_identification:_identify(.) by extension 'cmake'
[0.248s] Level 1:colcon.colcon_core.package_identification:_identify(.) by extension 'python'
[0.248s] Level 1:colcon.colcon_core.package_identification:_identify(.) by extensions ['python_setup_py']
[0.248s] Level 1:colcon.colcon_core.package_identification:_identify(.) by extension 'python_setup_py'
[0.248s] Level 1:colcon.colcon_core.package_identification:_identify(build) by extensions ['ignore', 'ignore_ament_install']
[0.248s] Level 1:colcon.colcon_core.package_identification:_identify(build) by extension 'ignore'
[0.248s] Level 1:colcon.colcon_core.package_identification:_identify(build) ignored
[0.248s] Level 1:colcon.colcon_core.package_identification:_identify(install) by extensions ['ignore', 'ignore_ament_install']
[0.249s] Level 1:colcon.colcon_core.package_identification:_identify(install) by extension 'ignore'
[0.249s] Level 1:colcon.colcon_core.package_identification:_identify(install) ignored
[0.249s] Level 1:colcon.colcon_core.package_identification:_identify(log) by extensions ['ignore', 'ignore_ament_install']
[0.249s] Level 1:colcon.colcon_core.package_identification:_identify(log) by extension 'ignore'
[0.249s] Level 1:colcon.colcon_core.package_identification:_identify(log) ignored
[0.249s] Level 1:colcon.colcon_core.package_identification:_identify(src) by extensions ['ignore', 'ignore_ament_install']
[0.249s] Level 1:colcon.colcon_core.package_identification:_identify(src) by extension 'ignore'
[0.249s] Level 1:colcon.colcon_core.package_identification:_identify(src) by extension 'ignore_ament_install'
[0.249s] Level 1:colcon.colcon_core.package_identification:_identify(src) by extensions ['colcon_pkg']
[0.249s] Level 1:colcon.colcon_core.package_identification:_identify(src) by extension 'colcon_pkg'
[0.249s] Level 1:colcon.colcon_core.package_identification:_identify(src) by extensions ['colcon_meta']
[0.249s] Level 1:colcon.colcon_core.package_identification:_identify(src) by extension 'colcon_meta'
[0.249s] Level 1:colcon.colcon_core.package_identification:_identify(src) by extensions ['ros']
[0.249s] Level 1:colcon.colcon_core.package_identification:_identify(src) by extension 'ros'
[0.249s] Level 1:colcon.colcon_core.package_identification:_identify(src) by extensions ['cmake', 'python']
[0.249s] Level 1:colcon.colcon_core.package_identification:_identify(src) by extension 'cmake'
[0.249s] Level 1:colcon.colcon_core.package_identification:_identify(src) by extension 'python'
[0.249s] Level 1:colcon.colcon_core.package_identification:_identify(src) by extensions ['python_setup_py']
[0.249s] Level 1:colcon.colcon_core.package_identification:_identify(src) by extension 'python_setup_py'
[0.249s] Level 1:colcon.colcon_core.package_identification:_identify(src/robotarm_controller) by extensions ['ignore', 'ignore_ament_install']
[0.250s] Level 1:colcon.colcon_core.package_identification:_identify(src/robotarm_controller) by extension 'ignore'
[0.250s] Level 1:colcon.colcon_core.package_identification:_identify(src/robotarm_controller) by extension 'ignore_ament_install'
[0.250s] Level 1:colcon.colcon_core.package_identification:_identify(src/robotarm_controller) by extensions ['colcon_pkg']
[0.250s] Level 1:colcon.colcon_core.package_identification:_identify(src/robotarm_controller) by extension 'colcon_pkg'
[0.250s] Level 1:colcon.colcon_core.package_identification:_identify(src/robotarm_controller) by extensions ['colcon_meta']
[0.250s] Level 1:colcon.colcon_core.package_identification:_identify(src/robotarm_controller) by extension 'colcon_meta'
[0.250s] Level 1:colcon.colcon_core.package_identification:_identify(src/robotarm_controller) by extensions ['ros']
[0.250s] Level 1:colcon.colcon_core.package_identification:_identify(src/robotarm_controller) by extension 'ros'
[0.252s] DEBUG:colcon.colcon_core.package_identification:Package 'src/robotarm_controller' with type 'ros.ament_cmake' and name 'robotarm_controller'
[0.252s] Level 1:colcon.colcon_core.package_identification:_identify(src/smallrobot_description) by extensions ['ignore', 'ignore_ament_install']
[0.252s] Level 1:colcon.colcon_core.package_identification:_identify(src/smallrobot_description) by extension 'ignore'
[0.252s] Level 1:colcon.colcon_core.package_identification:_identify(src/smallrobot_description) by extension 'ignore_ament_install'
[0.252s] Level 1:colcon.colcon_core.package_identification:_identify(src/smallrobot_description) by extensions ['colcon_pkg']
[0.252s] Level 1:colcon.colcon_core.package_identification:_identify(src/smallrobot_description) by extension 'colcon_pkg'
[0.252s] Level 1:colcon.colcon_core.package_identification:_identify(src/smallrobot_description) by extensions ['colcon_meta']
[0.252s] Level 1:colcon.colcon_core.package_identification:_identify(src/smallrobot_description) by extension 'colcon_meta'
[0.252s] Level 1:colcon.colcon_core.package_identification:_identify(src/smallrobot_description) by extensions ['ros']
[0.253s] Level 1:colcon.colcon_core.package_identification:_identify(src/smallrobot_description) by extension 'ros'
[0.253s] DEBUG:colcon.colcon_core.package_identification:Package 'src/smallrobot_description' with type 'ros.ament_cmake' and name 'smallrobot_description'
[0.253s] Level 1:colcon.colcon_core.package_identification:_identify(src/smallrobot_firmware) by extensions ['ignore', 'ignore_ament_install']
[0.253s] Level 1:colcon.colcon_core.package_identification:_identify(src/smallrobot_firmware) by extension 'ignore'
[0.253s] Level 1:colcon.colcon_core.package_identification:_identify(src/smallrobot_firmware) by extension 'ignore_ament_install'
[0.253s] Level 1:colcon.colcon_core.package_identification:_identify(src/smallrobot_firmware) by extensions ['colcon_pkg']
[0.253s] Level 1:colcon.colcon_core.package_identification:_identify(src/smallrobot_firmware) by extension 'colcon_pkg'
[0.253s] Level 1:colcon.colcon_core.package_identification:_identify(src/smallrobot_firmware) by extensions ['colcon_meta']
[0.253s] Level 1:colcon.colcon_core.package_identification:_identify(src/smallrobot_firmware) by extension 'colcon_meta'
[0.253s] Level 1:colcon.colcon_core.package_identification:_identify(src/smallrobot_firmware) by extensions ['ros']
[0.253s] Level 1:colcon.colcon_core.package_identification:_identify(src/smallrobot_firmware) by extension 'ros'
[0.254s] DEBUG:colcon.colcon_core.package_identification:Package 'src/smallrobot_firmware' with type 'ros.ament_cmake' and name 'smallrobot_firmware'
[0.254s] Level 1:colcon.colcon_core.package_identification:_identify(src/smallrobot_moveit) by extensions ['ignore', 'ignore_ament_install']
[0.254s] Level 1:colcon.colcon_core.package_identification:_identify(src/smallrobot_moveit) by extension 'ignore'
[0.254s] Level 1:colcon.colcon_core.package_identification:_identify(src/smallrobot_moveit) by extension 'ignore_ament_install'
[0.254s] Level 1:colcon.colcon_core.package_identification:_identify(src/smallrobot_moveit) by extensions ['colcon_pkg']
[0.254s] Level 1:colcon.colcon_core.package_identification:_identify(src/smallrobot_moveit) by extension 'colcon_pkg'
[0.254s] Level 1:colcon.colcon_core.package_identification:_identify(src/smallrobot_moveit) by extensions ['colcon_meta']
[0.254s] Level 1:colcon.colcon_core.package_identification:_identify(src/smallrobot_moveit) by extension 'colcon_meta'
[0.254s] Level 1:colcon.colcon_core.package_identification:_identify(src/smallrobot_moveit) by extensions ['ros']
[0.254s] Level 1:colcon.colcon_core.package_identification:_identify(src/smallrobot_moveit) by extension 'ros'
[0.255s] DEBUG:colcon.colcon_core.package_identification:Package 'src/smallrobot_moveit' with type 'ros.ament_cmake' and name 'smallrobot_moveit'
[0.255s] Level 1:colcon.colcon_core.package_discovery:discover_packages(recursive) using defaults
[0.255s] Level 1:colcon.colcon_core.package_discovery:discover_packages(ignore) discover
[0.255s] Level 1:colcon.colcon_core.package_discovery:discover_packages(ignore) using defaults
[0.255s] Level 1:colcon.colcon_core.package_discovery:discover_packages(path) discover
[0.255s] Level 1:colcon.colcon_core.package_discovery:discover_packages(path) using defaults
[0.280s] INFO:colcon.colcon_core.package_selection:Skipping not selected package 'smallrobot_description' in 'src/smallrobot_description'
[0.280s] INFO:colcon.colcon_core.package_selection:Skipping not selected package 'smallrobot_firmware' in 'src/smallrobot_firmware'
[0.280s] INFO:colcon.colcon_core.package_selection:Skipping not selected package 'smallrobot_moveit' in 'src/smallrobot_moveit'
[0.280s] Level 1:colcon.colcon_core.package_discovery:discover_packages(prefix_path) check parameters
[0.280s] Level 1:colcon.colcon_core.package_discovery:discover_packages(prefix_path) discover
[0.283s] DEBUG:colcon.colcon_installed_package_information.package_discovery:Found 363 installed packages in /opt/ros/humble
[0.284s] Level 1:colcon.colcon_core.package_discovery:discover_packages(prefix_path) using defaults
[0.324s] Level 5:colcon.colcon_core.verb:set package 'robotarm_controller' build argument 'cmake_args' from command line to 'None'
[0.324s] Level 5:colcon.colcon_core.verb:set package 'robotarm_controller' build argument 'cmake_target' from command line to 'None'
[0.324s] Level 5:colcon.colcon_core.verb:set package 'robotarm_controller' build argument 'cmake_target_skip_unavailable' from command line to 'False'
[0.324s] Level 5:colcon.colcon_core.verb:set package 'robotarm_controller' build argument 'cmake_clean_cache' from command line to 'True'
[0.324s] Level 5:colcon.colcon_core.verb:set package 'robotarm_controller' build argument 'cmake_clean_first' from command line to 'False'
[0.324s] Level 5:colcon.colcon_core.verb:set package 'robotarm_controller' build argument 'cmake_force_configure' from command line to 'False'
[0.325s] Level 5:colcon.colcon_core.verb:set package 'robotarm_controller' build argument 'ament_cmake_args' from command line to 'None'
[0.325s] Level 5:colcon.colcon_core.verb:set package 'robotarm_controller' build argument 'catkin_cmake_args' from command line to 'None'
[0.325s] Level 5:colcon.colcon_core.verb:set package 'robotarm_controller' build argument 'catkin_skip_building_tests' from command line to 'False'
[0.325s] DEBUG:colcon.colcon_core.verb:Building package 'robotarm_controller' with the following arguments: {'ament_cmake_args': None, 'build_base': '/home/roach/ros2_ws/build/robotarm_controller', 'catkin_cmake_args': None, 'catkin_skip_building_tests': False, 'cmake_args': None, 'cmake_clean_cache': True, 'cmake_clean_first': False, 'cmake_force_configure': False, 'cmake_target': None, 'cmake_target_skip_unavailable': False, 'install_base': '/home/roach/ros2_ws/install/robotarm_controller', 'merge_install': False, 'path': '/home/roach/ros2_ws/src/robotarm_controller', 'symlink_install': False, 'test_result_base': None}
[0.325s] INFO:colcon.colcon_core.executor:Executing jobs using 'parallel' executor
[0.325s] DEBUG:colcon.colcon_parallel_executor.executor.parallel:run_until_complete
[0.326s] INFO:colcon.colcon_ros.task.ament_cmake.build:Building ROS package in '/home/roach/ros2_ws/src/robotarm_controller' with build type 'ament_cmake'
[0.326s] INFO:colcon.colcon_cmake.task.cmake.build:Building CMake package in '/home/roach/ros2_ws/src/robotarm_controller'
[0.328s] INFO:colcon.colcon_core.plugin_system:Skipping extension 'colcon_core.shell.bat': Not used on non-Windows systems
[0.328s] INFO:colcon.colcon_core.shell:Skip shell extension 'powershell' for command environment: Not usable outside of PowerShell
[0.328s] DEBUG:colcon.colcon_core.shell:Skip shell extension 'dsv' for command environment
[0.336s] DEBUG:colcon.colcon_core.event_handler.log_command:Invoking command in '/home/roach/ros2_ws/build/robotarm_controller': CMAKE_PREFIX_PATH=/opt/ros/humble /usr/bin/cmake /home/roach/ros2_ws/src/robotarm_controller -DCMAKE_INSTALL_PREFIX=/home/roach/ros2_ws/install/robotarm_controller
[1.596s] DEBUG:colcon.colcon_core.event_handler.log_command:Invoked command in '/home/roach/ros2_ws/build/robotarm_controller' returned '0': CMAKE_PREFIX_PATH=/opt/ros/humble /usr/bin/cmake /home/roach/ros2_ws/src/robotarm_controller -DCMAKE_INSTALL_PREFIX=/home/roach/ros2_ws/install/robotarm_controller
[1.598s] DEBUG:colcon.colcon_core.event_handler.log_command:Invoking command in '/home/roach/ros2_ws/build/robotarm_controller': CMAKE_PREFIX_PATH=/opt/ros/humble /usr/bin/cmake --build /home/roach/ros2_ws/build/robotarm_controller -- -j8 -l8
[4.424s] DEBUG:colcon.colcon_core.event_handler.log_command:Invoked command in '/home/roach/ros2_ws/build/robotarm_controller' returned '2': CMAKE_PREFIX_PATH=/opt/ros/humble /usr/bin/cmake --build /home/roach/ros2_ws/build/robotarm_controller -- -j8 -l8
[4.425s] Level 1:colcon.colcon_core.environment:create_environment_scripts_only(robotarm_controller)
[4.427s] Level 1:colcon.colcon_core.environment:checking '/home/roach/ros2_ws/install/robotarm_controller' for CMake module files
[4.427s] Level 1:colcon.colcon_core.environment:checking '/home/roach/ros2_ws/install/robotarm_controller' for CMake config files
[4.427s] Level 1:colcon.colcon_core.shell:create_environment_hook('robotarm_controller', 'cmake_prefix_path')
[4.427s] INFO:colcon.colcon_core.shell:Creating environment hook '/home/roach/ros2_ws/install/robotarm_controller/share/robotarm_controller/hook/cmake_prefix_path.ps1'
[4.428s] INFO:colcon.colcon_core.shell:Creating environment descriptor '/home/roach/ros2_ws/install/robotarm_controller/share/robotarm_controller/hook/cmake_prefix_path.dsv'
[4.428s] INFO:colcon.colcon_core.shell:Creating environment hook '/home/roach/ros2_ws/install/robotarm_controller/share/robotarm_controller/hook/cmake_prefix_path.sh'
[4.429s] Level 1:colcon.colcon_core.environment:checking '/home/roach/ros2_ws/install/robotarm_controller/bin'
[4.429s] Level 1:colcon.colcon_core.environment:checking '/home/roach/ros2_ws/install/robotarm_controller/lib/pkgconfig/robotarm_controller.pc'
[4.429s] Level 1:colcon.colcon_core.environment:checking '/home/roach/ros2_ws/install/robotarm_controller/lib/python3.10/site-packages'
[4.429s] Level 1:colcon.colcon_core.environment:checking '/home/roach/ros2_ws/install/robotarm_controller/bin'
[4.430s] INFO:colcon.colcon_core.shell:Creating package script '/home/roach/ros2_ws/install/robotarm_controller/share/robotarm_controller/package.ps1'
[4.430s] INFO:colcon.colcon_core.shell:Creating package descriptor '/home/roach/ros2_ws/install/robotarm_controller/share/robotarm_controller/package.dsv'
[4.431s] INFO:colcon.colcon_core.shell:Creating package script '/home/roach/ros2_ws/install/robotarm_controller/share/robotarm_controller/package.sh'
[4.431s] INFO:colcon.colcon_core.shell:Creating package script '/home/roach/ros2_ws/install/robotarm_controller/share/robotarm_controller/package.bash'
[4.432s] INFO:colcon.colcon_core.shell:Creating package script '/home/roach/ros2_ws/install/robotarm_controller/share/robotarm_controller/package.zsh'
[4.433s] Level 1:colcon.colcon_core.environment:create_file_with_runtime_dependencies(/home/roach/ros2_ws/install/robotarm_controller/share/colcon-core/packages/robotarm_controller)
[4.443s] DEBUG:colcon.colcon_parallel_executor.executor.parallel:closing loop
[4.443s] DEBUG:colcon.colcon_parallel_executor.executor.parallel:loop closed
[4.443s] DEBUG:colcon.colcon_parallel_executor.executor.parallel:run_until_complete finished with '2'
[4.444s] DEBUG:colcon.colcon_core.event_reactor:joining thread
[4.449s] INFO:colcon.colcon_core.plugin_system:Skipping extension 'colcon_notification.desktop_notification.terminal_notifier': Not used on non-Darwin systems
[4.449s] INFO:colcon.colcon_core.plugin_system:Skipping extension 'colcon_notification.desktop_notification.win32': Not used on non-Windows systems
[4.449s] INFO:colcon.colcon_notification.desktop_notification:Sending desktop notification using 'notify2'
[4.463s] DEBUG:colcon.colcon_core.event_reactor:joined thread
[4.464s] INFO:colcon.colcon_core.shell:Creating prefix script '/home/roach/ros2_ws/install/local_setup.ps1'
[4.466s] INFO:colcon.colcon_core.shell:Creating prefix util module '/home/roach/ros2_ws/install/_local_setup_util_ps1.py'
[4.469s] INFO:colcon.colcon_core.shell:Creating prefix chain script '/home/roach/ros2_ws/install/setup.ps1'
[4.472s] INFO:colcon.colcon_core.shell:Creating prefix script '/home/roach/ros2_ws/install/local_setup.sh'
[4.473s] INFO:colcon.colcon_core.shell:Creating prefix util module '/home/roach/ros2_ws/install/_local_setup_util_sh.py'
[4.473s] INFO:colcon.colcon_core.shell:Creating prefix chain script '/home/roach/ros2_ws/install/setup.sh'
[4.475s] INFO:colcon.colcon_core.shell:Creating prefix script '/home/roach/ros2_ws/install/local_setup.bash'
[4.476s] INFO:colcon.colcon_core.shell:Creating prefix chain script '/home/roach/ros2_ws/install/setup.bash'
[4.477s] INFO:colcon.colcon_core.shell:Creating prefix script '/home/roach/ros2_ws/install/local_setup.zsh'
[4.477s] INFO:colcon.colcon_core.shell:Creating prefix chain script '/home/roach/ros2_ws/install/setup.zsh'
