[0.018s] Invoking command in '/home/roach/ros2_ws/build/robotarm_controller': CMAKE_PREFIX_PATH=/opt/ros/humble /usr/bin/cmake --build /home/roach/ros2_ws/build/robotarm_controller -- -j8 -l8
[0.046s] -- Found ament_cmake: 1.3.11 (/opt/ros/humble/share/ament_cmake/cmake)
[0.190s] -- Override CMake install command with custom implementation using symlinks instead of copying resources
[0.196s] -- Found rclcpp: 16.0.12 (/opt/ros/humble/share/rclcpp/cmake)
[0.235s] -- Found rosidl_generator_c: 3.1.6 (/opt/ros/humble/share/rosidl_generator_c/cmake)
[0.238s] -- Found rosidl_adapter: 3.1.6 (/opt/ros/humble/share/rosidl_adapter/cmake)
[0.245s] -- Found rosidl_generator_cpp: 3.1.6 (/opt/ros/humble/share/rosidl_generator_cpp/cmake)
[0.254s] -- Using all available rosidl_typesupport_c: rosidl_typesupport_fastrtps_c;rosidl_typesupport_introspection_c
[0.266s] -- Using all available rosidl_typesupport_cpp: rosidl_typesupport_fastrtps_cpp;rosidl_typesupport_introspection_cpp
[0.294s] -- Found rmw_implementation_cmake: 6.1.2 (/opt/ros/humble/share/rmw_implementation_cmake/cmake)
[0.295s] -- Found rmw_fastrtps_cpp: 6.2.7 (/opt/ros/humble/share/rmw_fastrtps_cpp/cmake)
[0.387s] -- Using RMW implementation 'rmw_fastrtps_cpp' as default
[0.473s] -- Found rclcpp_lifecycle: 16.0.12 (/opt/ros/humble/share/rclcpp_lifecycle/cmake)
[0.487s] -- Found hardware_interface: 2.49.0 (/opt/ros/humble/share/hardware_interface/cmake)
[0.605s] [31mCMake Error at CMakeLists.txt:15 (find_package):
[0.606s]   By not providing "FindLibSerial.cmake" in CMAKE_MODULE_PATH this project
[0.606s]   has asked CMake to find a package configuration file provided by
[0.606s]   "LibSerial", but CMake did not find one.
[0.606s] 
[0.606s]   Could not find a package configuration file provided by "LibSerial" with
[0.606s]   any of the following names:
[0.606s] 
[0.606s]     LibSerialConfig.cmake
[0.606s]     libserial-config.cmake
[0.606s] 
[0.606s]   Add the installation prefix of "LibSerial" to CMAKE_PREFIX_PATH or set
[0.606s]   "LibSerial_DIR" to a directory containing one of the above files.  If
[0.607s]   "LibSerial" provides a separate development package or SDK, be sure it has
[0.607s]   been installed.
[0.607s] 
[0.607s] [0m
[0.607s] -- Configuring incomplete, errors occurred!
[0.607s] See also "/home/roach/ros2_ws/build/robotarm_controller/CMakeFiles/CMakeOutput.log".
[0.615s] gmake: *** [Makefile:267: cmake_check_build_system] Error 1
[0.618s] Invoked command in '/home/roach/ros2_ws/build/robotarm_controller' returned '2': CMAKE_PREFIX_PATH=/opt/ros/humble /usr/bin/cmake --build /home/roach/ros2_ws/build/robotarm_controller -- -j8 -l8
