-- Install configuration: ""
-- Up-to-date: /home/roach/ros2_ws/install/robotarm_controller/share/robotarm_controller/config
-- Up-to-date: /home/roach/ros2_ws/install/robotarm_controller/share/robotarm_controller/config/robotarm_controllers.yaml
-- Up-to-date: /home/roach/ros2_ws/install/robotarm_controller/share/robotarm_controller/launch
-- Up-to-date: /home/roach/ros2_ws/install/robotarm_controller/share/robotarm_controller/launch/controller.launch.py
-- Up-to-date: /home/roach/ros2_ws/install/robotarm_controller/share/ament_index/resource_index/package_run_dependencies/robotarm_controller
-- Up-to-date: /home/roach/ros2_ws/install/robotarm_controller/share/ament_index/resource_index/parent_prefix_path/robotarm_controller
-- Up-to-date: /home/roach/ros2_ws/install/robotarm_controller/share/robotarm_controller/environment/ament_prefix_path.sh
-- Up-to-date: /home/roach/ros2_ws/install/robotarm_controller/share/robotarm_controller/environment/ament_prefix_path.dsv
-- Up-to-date: /home/roach/ros2_ws/install/robotarm_controller/share/robotarm_controller/environment/path.sh
-- Up-to-date: /home/roach/ros2_ws/install/robotarm_controller/share/robotarm_controller/environment/path.dsv
-- Up-to-date: /home/roach/ros2_ws/install/robotarm_controller/share/robotarm_controller/local_setup.bash
-- Up-to-date: /home/roach/ros2_ws/install/robotarm_controller/share/robotarm_controller/local_setup.sh
-- Up-to-date: /home/roach/ros2_ws/install/robotarm_controller/share/robotarm_controller/local_setup.zsh
-- Up-to-date: /home/roach/ros2_ws/install/robotarm_controller/share/robotarm_controller/local_setup.dsv
-- Up-to-date: /home/roach/ros2_ws/install/robotarm_controller/share/robotarm_controller/package.dsv
-- Up-to-date: /home/roach/ros2_ws/install/robotarm_controller/share/ament_index/resource_index/packages/robotarm_controller
-- Up-to-date: /home/roach/ros2_ws/install/robotarm_controller/share/robotarm_controller/cmake/robotarm_controllerConfig.cmake
-- Up-to-date: /home/roach/ros2_ws/install/robotarm_controller/share/robotarm_controller/cmake/robotarm_controllerConfig-version.cmake
-- Up-to-date: /home/roach/ros2_ws/install/robotarm_controller/share/robotarm_controller/package.xml
