[0.014s] Invoking command in '/home/roach/ros2_ws/build/smallrobot_moveit': AMENT_PREFIX_PATH=/home/roach/ros2_ws/install/smallrobot_description:${AMENT_PREFIX_PATH} CMAKE_PREFIX_PATH=/home/roach/ros2_ws/install/smallrobot_description:/opt/ros/humble /usr/bin/cmake --build /home/roach/ros2_ws/build/smallrobot_moveit -- -j8 -l8
[0.067s] Invoked command in '/home/roach/ros2_ws/build/smallrobot_moveit' returned '0': AMENT_PREFIX_PATH=/home/roach/ros2_ws/install/smallrobot_description:${AMENT_PREFIX_PATH} CMAKE_PREFIX_PATH=/home/roach/ros2_ws/install/smallrobot_description:/opt/ros/humble /usr/bin/cmake --build /home/roach/ros2_ws/build/smallrobot_moveit -- -j8 -l8
[0.070s] Invoking command in '/home/roach/ros2_ws/build/smallrobot_moveit': AMENT_PREFIX_PATH=/home/roach/ros2_ws/install/smallrobot_description:${AMENT_PREFIX_PATH} CMAKE_PREFIX_PATH=/home/roach/ros2_ws/install/smallrobot_description:/opt/ros/humble /usr/bin/cmake --install /home/roach/ros2_ws/build/smallrobot_moveit
[0.079s] -- Install configuration: ""
[0.080s] -- Execute custom install script
[0.080s] -- Up-to-date symlink: /home/roach/ros2_ws/install/smallrobot_moveit/share/ament_index/resource_index/package_run_dependencies/smallrobot_moveit
[0.080s] -- Up-to-date symlink: /home/roach/ros2_ws/install/smallrobot_moveit/share/ament_index/resource_index/parent_prefix_path/smallrobot_moveit
[0.080s] -- Up-to-date symlink: /home/roach/ros2_ws/install/smallrobot_moveit/share/smallrobot_moveit/environment/ament_prefix_path.sh
[0.081s] -- Up-to-date symlink: /home/roach/ros2_ws/install/smallrobot_moveit/share/smallrobot_moveit/environment/ament_prefix_path.dsv
[0.081s] -- Up-to-date symlink: /home/roach/ros2_ws/install/smallrobot_moveit/share/smallrobot_moveit/environment/path.sh
[0.081s] -- Up-to-date symlink: /home/roach/ros2_ws/install/smallrobot_moveit/share/smallrobot_moveit/environment/path.dsv
[0.081s] -- Up-to-date symlink: /home/roach/ros2_ws/install/smallrobot_moveit/share/smallrobot_moveit/local_setup.bash
[0.082s] -- Up-to-date symlink: /home/roach/ros2_ws/install/smallrobot_moveit/share/smallrobot_moveit/local_setup.sh
[0.082s] -- Up-to-date symlink: /home/roach/ros2_ws/install/smallrobot_moveit/share/smallrobot_moveit/local_setup.zsh
[0.082s] -- Up-to-date symlink: /home/roach/ros2_ws/install/smallrobot_moveit/share/smallrobot_moveit/local_setup.dsv
[0.082s] -- Symlinking: /home/roach/ros2_ws/install/smallrobot_moveit/share/smallrobot_moveit/package.dsv
[0.093s] -- Up-to-date symlink: /home/roach/ros2_ws/install/smallrobot_moveit/share/ament_index/resource_index/packages/smallrobot_moveit
[0.093s] -- Up-to-date symlink: /home/roach/ros2_ws/install/smallrobot_moveit/share/smallrobot_moveit/cmake/smallrobot_moveitConfig.cmake
[0.094s] -- Up-to-date symlink: /home/roach/ros2_ws/install/smallrobot_moveit/share/smallrobot_moveit/cmake/smallrobot_moveitConfig-version.cmake
[0.094s] -- Up-to-date symlink: /home/roach/ros2_ws/install/smallrobot_moveit/share/smallrobot_moveit/package.xml
[0.094s] -- Up-to-date symlink: /home/roach/ros2_ws/install/smallrobot_moveit/share/smallrobot_moveit/launch/demo.launch.py
[0.094s] -- Up-to-date symlink: /home/roach/ros2_ws/install/smallrobot_moveit/share/smallrobot_moveit/launch/move_group.launch.py
[0.094s] -- Up-to-date symlink: /home/roach/ros2_ws/install/smallrobot_moveit/share/smallrobot_moveit/launch/moveit.launch.py
[0.094s] -- Up-to-date symlink: /home/roach/ros2_ws/install/smallrobot_moveit/share/smallrobot_moveit/launch/moveit_rviz.launch.py
[0.095s] -- Up-to-date symlink: /home/roach/ros2_ws/install/smallrobot_moveit/share/smallrobot_moveit/launch/rsp.launch.py
[0.095s] -- Up-to-date symlink: /home/roach/ros2_ws/install/smallrobot_moveit/share/smallrobot_moveit/launch/setup_assistant.launch.py
[0.095s] -- Up-to-date symlink: /home/roach/ros2_ws/install/smallrobot_moveit/share/smallrobot_moveit/launch/spawn_controllers.launch.py
[0.095s] -- Up-to-date symlink: /home/roach/ros2_ws/install/smallrobot_moveit/share/smallrobot_moveit/launch/static_virtual_joint_tfs.launch.py
[0.095s] -- Up-to-date symlink: /home/roach/ros2_ws/install/smallrobot_moveit/share/smallrobot_moveit/launch/demo.launch.py
[0.095s] -- Up-to-date symlink: /home/roach/ros2_ws/install/smallrobot_moveit/share/smallrobot_moveit/launch/move_group.launch.py
[0.095s] -- Up-to-date symlink: /home/roach/ros2_ws/install/smallrobot_moveit/share/smallrobot_moveit/launch/moveit.launch.py
[0.095s] -- Up-to-date symlink: /home/roach/ros2_ws/install/smallrobot_moveit/share/smallrobot_moveit/launch/moveit_rviz.launch.py
[0.095s] -- Up-to-date symlink: /home/roach/ros2_ws/install/smallrobot_moveit/share/smallrobot_moveit/launch/rsp.launch.py
[0.096s] -- Up-to-date symlink: /home/roach/ros2_ws/install/smallrobot_moveit/share/smallrobot_moveit/launch/setup_assistant.launch.py
[0.096s] -- Up-to-date symlink: /home/roach/ros2_ws/install/smallrobot_moveit/share/smallrobot_moveit/launch/spawn_controllers.launch.py
[0.096s] -- Up-to-date symlink: /home/roach/ros2_ws/install/smallrobot_moveit/share/smallrobot_moveit/launch/static_virtual_joint_tfs.launch.py
[0.096s] -- Up-to-date symlink: /home/roach/ros2_ws/install/smallrobot_moveit/share/smallrobot_moveit/config/initial_positions.yaml
[0.096s] -- Up-to-date symlink: /home/roach/ros2_ws/install/smallrobot_moveit/share/smallrobot_moveit/config/joint_limits.yaml
[0.096s] -- Up-to-date symlink: /home/roach/ros2_ws/install/smallrobot_moveit/share/smallrobot_moveit/config/kinematics.yaml
[0.096s] -- Up-to-date symlink: /home/roach/ros2_ws/install/smallrobot_moveit/share/smallrobot_moveit/config/moveit.rviz
[0.097s] -- Up-to-date symlink: /home/roach/ros2_ws/install/smallrobot_moveit/share/smallrobot_moveit/config/moveit_controllers.yaml
[0.097s] -- Up-to-date symlink: /home/roach/ros2_ws/install/smallrobot_moveit/share/smallrobot_moveit/config/pilz_cartesian_limits.yaml
[0.097s] -- Up-to-date symlink: /home/roach/ros2_ws/install/smallrobot_moveit/share/smallrobot_moveit/config/ros2_controllers.yaml
[0.097s] -- Up-to-date symlink: /home/roach/ros2_ws/install/smallrobot_moveit/share/smallrobot_moveit/config/smallrobot.ros2_control.xacro
[0.097s] -- Up-to-date symlink: /home/roach/ros2_ws/install/smallrobot_moveit/share/smallrobot_moveit/config/smallrobot.srdf
[0.097s] -- Up-to-date symlink: /home/roach/ros2_ws/install/smallrobot_moveit/share/smallrobot_moveit/config/smallrobot.urdf.xacro
[0.097s] -- Up-to-date symlink: /home/roach/ros2_ws/install/smallrobot_moveit/share/smallrobot_moveit/.setup_assistant
[0.100s] Invoked command in '/home/roach/ros2_ws/build/smallrobot_moveit' returned '0': AMENT_PREFIX_PATH=/home/roach/ros2_ws/install/smallrobot_description:${AMENT_PREFIX_PATH} CMAKE_PREFIX_PATH=/home/roach/ros2_ws/install/smallrobot_description:/opt/ros/humble /usr/bin/cmake --install /home/roach/ros2_ws/build/smallrobot_moveit
