[0.097s] DEBUG:colcon:Command line arguments: ['/usr/bin/colcon', 'build']
[0.098s] DEBUG:colcon:Parsed command line arguments: Namespace(log_base=None, log_level=None, verb_name='build', build_base='build', install_base='install', merge_install=False, symlink_install=False, test_result_base=None, continue_on_error=False, executor='parallel', parallel_workers=8, event_handlers=None, ignore_user_meta=False, metas=['./colcon.meta'], base_paths=['.'], packages_ignore=None, packages_ignore_regex=None, paths=None, packages_up_to=None, packages_up_to_regex=None, packages_above=None, packages_above_and_dependencies=None, packages_above_depth=None, packages_select_by_dep=None, packages_skip_by_dep=None, packages_skip_up_to=None, packages_select_build_failed=False, packages_skip_build_finished=False, packages_select_test_failures=False, packages_skip_test_passed=False, packages_select=None, packages_skip=None, packages_select_regex=None, packages_skip_regex=None, packages_start=None, packages_end=None, allow_overriding=[], cmake_args=None, cmake_target=None, cmake_target_skip_unavailable=False, cmake_clean_cache=False, cmake_clean_first=False, cmake_force_configure=False, ament_cmake_args=None, catkin_cmake_args=None, catkin_skip_building_tests=False, verb_parser=<colcon_defaults.argument_parser.defaults.DefaultArgumentsDecorator object at 0x78aec4058070>, verb_extension=<colcon_core.verb.build.BuildVerb object at 0x78aec401bb20>, main=<bound method BuildVerb.main of <colcon_core.verb.build.BuildVerb object at 0x78aec401bb20>>)
[0.245s] Level 1:colcon.colcon_core.package_discovery:discover_packages(colcon_meta) check parameters
[0.245s] Level 1:colcon.colcon_core.package_discovery:discover_packages(recursive) check parameters
[0.245s] Level 1:colcon.colcon_core.package_discovery:discover_packages(ignore) check parameters
[0.245s] Level 1:colcon.colcon_core.package_discovery:discover_packages(path) check parameters
[0.245s] Level 1:colcon.colcon_core.package_discovery:discover_packages(colcon_meta) discover
[0.245s] Level 1:colcon.colcon_core.package_discovery:discover_packages(recursive) discover
[0.245s] INFO:colcon.colcon_core.package_discovery:Crawling recursively for packages in '/home/roach/ros2_ws'
[0.245s] Level 1:colcon.colcon_core.package_identification:_identify(.) by extensions ['ignore', 'ignore_ament_install']
[0.245s] Level 1:colcon.colcon_core.package_identification:_identify(.) by extension 'ignore'
[0.245s] Level 1:colcon.colcon_core.package_identification:_identify(.) by extension 'ignore_ament_install'
[0.245s] Level 1:colcon.colcon_core.package_identification:_identify(.) by extensions ['colcon_pkg']
[0.245s] Level 1:colcon.colcon_core.package_identification:_identify(.) by extension 'colcon_pkg'
[0.245s] Level 1:colcon.colcon_core.package_identification:_identify(.) by extensions ['colcon_meta']
[0.245s] Level 1:colcon.colcon_core.package_identification:_identify(.) by extension 'colcon_meta'
[0.245s] Level 1:colcon.colcon_core.package_identification:_identify(.) by extensions ['ros']
[0.245s] Level 1:colcon.colcon_core.package_identification:_identify(.) by extension 'ros'
[0.255s] Level 1:colcon.colcon_core.package_identification:_identify(.) by extensions ['cmake', 'python']
[0.255s] Level 1:colcon.colcon_core.package_identification:_identify(.) by extension 'cmake'
[0.255s] Level 1:colcon.colcon_core.package_identification:_identify(.) by extension 'python'
[0.255s] Level 1:colcon.colcon_core.package_identification:_identify(.) by extensions ['python_setup_py']
[0.255s] Level 1:colcon.colcon_core.package_identification:_identify(.) by extension 'python_setup_py'
[0.255s] Level 1:colcon.colcon_core.package_identification:_identify(build) by extensions ['ignore', 'ignore_ament_install']
[0.255s] Level 1:colcon.colcon_core.package_identification:_identify(build) by extension 'ignore'
[0.255s] Level 1:colcon.colcon_core.package_identification:_identify(build) ignored
[0.256s] Level 1:colcon.colcon_core.package_identification:_identify(install) by extensions ['ignore', 'ignore_ament_install']
[0.256s] Level 1:colcon.colcon_core.package_identification:_identify(install) by extension 'ignore'
[0.256s] Level 1:colcon.colcon_core.package_identification:_identify(install) ignored
[0.256s] Level 1:colcon.colcon_core.package_identification:_identify(log) by extensions ['ignore', 'ignore_ament_install']
[0.256s] Level 1:colcon.colcon_core.package_identification:_identify(log) by extension 'ignore'
[0.256s] Level 1:colcon.colcon_core.package_identification:_identify(log) ignored
[0.256s] Level 1:colcon.colcon_core.package_identification:_identify(src) by extensions ['ignore', 'ignore_ament_install']
[0.256s] Level 1:colcon.colcon_core.package_identification:_identify(src) by extension 'ignore'
[0.256s] Level 1:colcon.colcon_core.package_identification:_identify(src) by extension 'ignore_ament_install'
[0.256s] Level 1:colcon.colcon_core.package_identification:_identify(src) by extensions ['colcon_pkg']
[0.256s] Level 1:colcon.colcon_core.package_identification:_identify(src) by extension 'colcon_pkg'
[0.256s] Level 1:colcon.colcon_core.package_identification:_identify(src) by extensions ['colcon_meta']
[0.256s] Level 1:colcon.colcon_core.package_identification:_identify(src) by extension 'colcon_meta'
[0.256s] Level 1:colcon.colcon_core.package_identification:_identify(src) by extensions ['ros']
[0.256s] Level 1:colcon.colcon_core.package_identification:_identify(src) by extension 'ros'
[0.256s] Level 1:colcon.colcon_core.package_identification:_identify(src) by extensions ['cmake', 'python']
[0.256s] Level 1:colcon.colcon_core.package_identification:_identify(src) by extension 'cmake'
[0.256s] Level 1:colcon.colcon_core.package_identification:_identify(src) by extension 'python'
[0.256s] Level 1:colcon.colcon_core.package_identification:_identify(src) by extensions ['python_setup_py']
[0.256s] Level 1:colcon.colcon_core.package_identification:_identify(src) by extension 'python_setup_py'
[0.256s] Level 1:colcon.colcon_core.package_identification:_identify(src/build) by extensions ['ignore', 'ignore_ament_install']
[0.257s] Level 1:colcon.colcon_core.package_identification:_identify(src/build) by extension 'ignore'
[0.257s] Level 1:colcon.colcon_core.package_identification:_identify(src/build) ignored
[0.257s] Level 1:colcon.colcon_core.package_identification:_identify(src/install) by extensions ['ignore', 'ignore_ament_install']
[0.257s] Level 1:colcon.colcon_core.package_identification:_identify(src/install) by extension 'ignore'
[0.257s] Level 1:colcon.colcon_core.package_identification:_identify(src/install) ignored
[0.257s] Level 1:colcon.colcon_core.package_identification:_identify(src/log) by extensions ['ignore', 'ignore_ament_install']
[0.257s] Level 1:colcon.colcon_core.package_identification:_identify(src/log) by extension 'ignore'
[0.257s] Level 1:colcon.colcon_core.package_identification:_identify(src/log) ignored
[0.257s] Level 1:colcon.colcon_core.package_identification:_identify(src/robotarm_controller) by extensions ['ignore', 'ignore_ament_install']
[0.257s] Level 1:colcon.colcon_core.package_identification:_identify(src/robotarm_controller) by extension 'ignore'
[0.257s] Level 1:colcon.colcon_core.package_identification:_identify(src/robotarm_controller) by extension 'ignore_ament_install'
[0.257s] Level 1:colcon.colcon_core.package_identification:_identify(src/robotarm_controller) by extensions ['colcon_pkg']
[0.257s] Level 1:colcon.colcon_core.package_identification:_identify(src/robotarm_controller) by extension 'colcon_pkg'
[0.257s] Level 1:colcon.colcon_core.package_identification:_identify(src/robotarm_controller) by extensions ['colcon_meta']
[0.257s] Level 1:colcon.colcon_core.package_identification:_identify(src/robotarm_controller) by extension 'colcon_meta'
[0.257s] Level 1:colcon.colcon_core.package_identification:_identify(src/robotarm_controller) by extensions ['ros']
[0.257s] Level 1:colcon.colcon_core.package_identification:_identify(src/robotarm_controller) by extension 'ros'
[0.259s] DEBUG:colcon.colcon_core.package_identification:Package 'src/robotarm_controller' with type 'ros.ament_cmake' and name 'robotarm_controller'
[0.259s] Level 1:colcon.colcon_core.package_identification:_identify(src/smallrobot_description) by extensions ['ignore', 'ignore_ament_install']
[0.260s] Level 1:colcon.colcon_core.package_identification:_identify(src/smallrobot_description) by extension 'ignore'
[0.260s] Level 1:colcon.colcon_core.package_identification:_identify(src/smallrobot_description) by extension 'ignore_ament_install'
[0.260s] Level 1:colcon.colcon_core.package_identification:_identify(src/smallrobot_description) by extensions ['colcon_pkg']
[0.260s] Level 1:colcon.colcon_core.package_identification:_identify(src/smallrobot_description) by extension 'colcon_pkg'
[0.260s] Level 1:colcon.colcon_core.package_identification:_identify(src/smallrobot_description) by extensions ['colcon_meta']
[0.260s] Level 1:colcon.colcon_core.package_identification:_identify(src/smallrobot_description) by extension 'colcon_meta'
[0.260s] Level 1:colcon.colcon_core.package_identification:_identify(src/smallrobot_description) by extensions ['ros']
[0.260s] Level 1:colcon.colcon_core.package_identification:_identify(src/smallrobot_description) by extension 'ros'
[0.260s] DEBUG:colcon.colcon_core.package_identification:Package 'src/smallrobot_description' with type 'ros.ament_cmake' and name 'smallrobot_description'
[0.260s] Level 1:colcon.colcon_core.package_identification:_identify(src/smallrobot_firmware) by extensions ['ignore', 'ignore_ament_install']
[0.260s] Level 1:colcon.colcon_core.package_identification:_identify(src/smallrobot_firmware) by extension 'ignore'
[0.261s] Level 1:colcon.colcon_core.package_identification:_identify(src/smallrobot_firmware) by extension 'ignore_ament_install'
[0.261s] Level 1:colcon.colcon_core.package_identification:_identify(src/smallrobot_firmware) by extensions ['colcon_pkg']
[0.261s] Level 1:colcon.colcon_core.package_identification:_identify(src/smallrobot_firmware) by extension 'colcon_pkg'
[0.261s] Level 1:colcon.colcon_core.package_identification:_identify(src/smallrobot_firmware) by extensions ['colcon_meta']
[0.261s] Level 1:colcon.colcon_core.package_identification:_identify(src/smallrobot_firmware) by extension 'colcon_meta'
[0.261s] Level 1:colcon.colcon_core.package_identification:_identify(src/smallrobot_firmware) by extensions ['ros']
[0.261s] Level 1:colcon.colcon_core.package_identification:_identify(src/smallrobot_firmware) by extension 'ros'
[0.261s] DEBUG:colcon.colcon_core.package_identification:Package 'src/smallrobot_firmware' with type 'ros.ament_cmake' and name 'smallrobot_firmware'
[0.261s] Level 1:colcon.colcon_core.package_identification:_identify(src/smallrobot_moveit) by extensions ['ignore', 'ignore_ament_install']
[0.261s] Level 1:colcon.colcon_core.package_identification:_identify(src/smallrobot_moveit) by extension 'ignore'
[0.261s] Level 1:colcon.colcon_core.package_identification:_identify(src/smallrobot_moveit) by extension 'ignore_ament_install'
[0.261s] Level 1:colcon.colcon_core.package_identification:_identify(src/smallrobot_moveit) by extensions ['colcon_pkg']
[0.261s] Level 1:colcon.colcon_core.package_identification:_identify(src/smallrobot_moveit) by extension 'colcon_pkg'
[0.261s] Level 1:colcon.colcon_core.package_identification:_identify(src/smallrobot_moveit) by extensions ['colcon_meta']
[0.262s] Level 1:colcon.colcon_core.package_identification:_identify(src/smallrobot_moveit) by extension 'colcon_meta'
[0.262s] Level 1:colcon.colcon_core.package_identification:_identify(src/smallrobot_moveit) by extensions ['ros']
[0.262s] Level 1:colcon.colcon_core.package_identification:_identify(src/smallrobot_moveit) by extension 'ros'
[0.262s] DEBUG:colcon.colcon_core.package_identification:Package 'src/smallrobot_moveit' with type 'ros.ament_cmake' and name 'smallrobot_moveit'
[0.262s] Level 1:colcon.colcon_core.package_discovery:discover_packages(recursive) using defaults
[0.262s] Level 1:colcon.colcon_core.package_discovery:discover_packages(ignore) discover
[0.262s] Level 1:colcon.colcon_core.package_discovery:discover_packages(ignore) using defaults
[0.262s] Level 1:colcon.colcon_core.package_discovery:discover_packages(path) discover
[0.262s] Level 1:colcon.colcon_core.package_discovery:discover_packages(path) using defaults
[0.288s] Level 1:colcon.colcon_core.package_discovery:discover_packages(prefix_path) check parameters
[0.288s] Level 1:colcon.colcon_core.package_discovery:discover_packages(prefix_path) discover
[0.290s] DEBUG:colcon.colcon_installed_package_information.package_discovery:Found 363 installed packages in /opt/ros/humble
[0.292s] Level 1:colcon.colcon_core.package_discovery:discover_packages(prefix_path) using defaults
[0.333s] Level 5:colcon.colcon_core.verb:set package 'robotarm_controller' build argument 'cmake_args' from command line to 'None'
[0.333s] Level 5:colcon.colcon_core.verb:set package 'robotarm_controller' build argument 'cmake_target' from command line to 'None'
[0.333s] Level 5:colcon.colcon_core.verb:set package 'robotarm_controller' build argument 'cmake_target_skip_unavailable' from command line to 'False'
[0.333s] Level 5:colcon.colcon_core.verb:set package 'robotarm_controller' build argument 'cmake_clean_cache' from command line to 'False'
[0.333s] Level 5:colcon.colcon_core.verb:set package 'robotarm_controller' build argument 'cmake_clean_first' from command line to 'False'
[0.333s] Level 5:colcon.colcon_core.verb:set package 'robotarm_controller' build argument 'cmake_force_configure' from command line to 'False'
[0.333s] Level 5:colcon.colcon_core.verb:set package 'robotarm_controller' build argument 'ament_cmake_args' from command line to 'None'
[0.333s] Level 5:colcon.colcon_core.verb:set package 'robotarm_controller' build argument 'catkin_cmake_args' from command line to 'None'
[0.333s] Level 5:colcon.colcon_core.verb:set package 'robotarm_controller' build argument 'catkin_skip_building_tests' from command line to 'False'
[0.333s] DEBUG:colcon.colcon_core.verb:Building package 'robotarm_controller' with the following arguments: {'ament_cmake_args': None, 'build_base': '/home/roach/ros2_ws/build/robotarm_controller', 'catkin_cmake_args': None, 'catkin_skip_building_tests': False, 'cmake_args': None, 'cmake_clean_cache': False, 'cmake_clean_first': False, 'cmake_force_configure': False, 'cmake_target': None, 'cmake_target_skip_unavailable': False, 'install_base': '/home/roach/ros2_ws/install/robotarm_controller', 'merge_install': False, 'path': '/home/roach/ros2_ws/src/robotarm_controller', 'symlink_install': False, 'test_result_base': None}
[0.333s] Level 5:colcon.colcon_core.verb:set package 'smallrobot_description' build argument 'cmake_args' from command line to 'None'
[0.333s] Level 5:colcon.colcon_core.verb:set package 'smallrobot_description' build argument 'cmake_target' from command line to 'None'
[0.333s] Level 5:colcon.colcon_core.verb:set package 'smallrobot_description' build argument 'cmake_target_skip_unavailable' from command line to 'False'
[0.333s] Level 5:colcon.colcon_core.verb:set package 'smallrobot_description' build argument 'cmake_clean_cache' from command line to 'False'
[0.333s] Level 5:colcon.colcon_core.verb:set package 'smallrobot_description' build argument 'cmake_clean_first' from command line to 'False'
[0.333s] Level 5:colcon.colcon_core.verb:set package 'smallrobot_description' build argument 'cmake_force_configure' from command line to 'False'
[0.333s] Level 5:colcon.colcon_core.verb:set package 'smallrobot_description' build argument 'ament_cmake_args' from command line to 'None'
[0.333s] Level 5:colcon.colcon_core.verb:set package 'smallrobot_description' build argument 'catkin_cmake_args' from command line to 'None'
[0.333s] Level 5:colcon.colcon_core.verb:set package 'smallrobot_description' build argument 'catkin_skip_building_tests' from command line to 'False'
[0.333s] DEBUG:colcon.colcon_core.verb:Building package 'smallrobot_description' with the following arguments: {'ament_cmake_args': None, 'build_base': '/home/roach/ros2_ws/build/smallrobot_description', 'catkin_cmake_args': None, 'catkin_skip_building_tests': False, 'cmake_args': None, 'cmake_clean_cache': False, 'cmake_clean_first': False, 'cmake_force_configure': False, 'cmake_target': None, 'cmake_target_skip_unavailable': False, 'install_base': '/home/roach/ros2_ws/install/smallrobot_description', 'merge_install': False, 'path': '/home/roach/ros2_ws/src/smallrobot_description', 'symlink_install': False, 'test_result_base': None}
[0.334s] Level 5:colcon.colcon_core.verb:set package 'smallrobot_firmware' build argument 'cmake_args' from command line to 'None'
[0.334s] Level 5:colcon.colcon_core.verb:set package 'smallrobot_firmware' build argument 'cmake_target' from command line to 'None'
[0.334s] Level 5:colcon.colcon_core.verb:set package 'smallrobot_firmware' build argument 'cmake_target_skip_unavailable' from command line to 'False'
[0.334s] Level 5:colcon.colcon_core.verb:set package 'smallrobot_firmware' build argument 'cmake_clean_cache' from command line to 'False'
[0.334s] Level 5:colcon.colcon_core.verb:set package 'smallrobot_firmware' build argument 'cmake_clean_first' from command line to 'False'
[0.334s] Level 5:colcon.colcon_core.verb:set package 'smallrobot_firmware' build argument 'cmake_force_configure' from command line to 'False'
[0.334s] Level 5:colcon.colcon_core.verb:set package 'smallrobot_firmware' build argument 'ament_cmake_args' from command line to 'None'
[0.334s] Level 5:colcon.colcon_core.verb:set package 'smallrobot_firmware' build argument 'catkin_cmake_args' from command line to 'None'
[0.334s] Level 5:colcon.colcon_core.verb:set package 'smallrobot_firmware' build argument 'catkin_skip_building_tests' from command line to 'False'
[0.334s] DEBUG:colcon.colcon_core.verb:Building package 'smallrobot_firmware' with the following arguments: {'ament_cmake_args': None, 'build_base': '/home/roach/ros2_ws/build/smallrobot_firmware', 'catkin_cmake_args': None, 'catkin_skip_building_tests': False, 'cmake_args': None, 'cmake_clean_cache': False, 'cmake_clean_first': False, 'cmake_force_configure': False, 'cmake_target': None, 'cmake_target_skip_unavailable': False, 'install_base': '/home/roach/ros2_ws/install/smallrobot_firmware', 'merge_install': False, 'path': '/home/roach/ros2_ws/src/smallrobot_firmware', 'symlink_install': False, 'test_result_base': None}
[0.334s] Level 5:colcon.colcon_core.verb:set package 'smallrobot_moveit' build argument 'cmake_args' from command line to 'None'
[0.334s] Level 5:colcon.colcon_core.verb:set package 'smallrobot_moveit' build argument 'cmake_target' from command line to 'None'
[0.334s] Level 5:colcon.colcon_core.verb:set package 'smallrobot_moveit' build argument 'cmake_target_skip_unavailable' from command line to 'False'
[0.334s] Level 5:colcon.colcon_core.verb:set package 'smallrobot_moveit' build argument 'cmake_clean_cache' from command line to 'False'
[0.334s] Level 5:colcon.colcon_core.verb:set package 'smallrobot_moveit' build argument 'cmake_clean_first' from command line to 'False'
[0.334s] Level 5:colcon.colcon_core.verb:set package 'smallrobot_moveit' build argument 'cmake_force_configure' from command line to 'False'
[0.334s] Level 5:colcon.colcon_core.verb:set package 'smallrobot_moveit' build argument 'ament_cmake_args' from command line to 'None'
[0.334s] Level 5:colcon.colcon_core.verb:set package 'smallrobot_moveit' build argument 'catkin_cmake_args' from command line to 'None'
[0.334s] Level 5:colcon.colcon_core.verb:set package 'smallrobot_moveit' build argument 'catkin_skip_building_tests' from command line to 'False'
[0.334s] DEBUG:colcon.colcon_core.verb:Building package 'smallrobot_moveit' with the following arguments: {'ament_cmake_args': None, 'build_base': '/home/roach/ros2_ws/build/smallrobot_moveit', 'catkin_cmake_args': None, 'catkin_skip_building_tests': False, 'cmake_args': None, 'cmake_clean_cache': False, 'cmake_clean_first': False, 'cmake_force_configure': False, 'cmake_target': None, 'cmake_target_skip_unavailable': False, 'install_base': '/home/roach/ros2_ws/install/smallrobot_moveit', 'merge_install': False, 'path': '/home/roach/ros2_ws/src/smallrobot_moveit', 'symlink_install': False, 'test_result_base': None}
[0.335s] INFO:colcon.colcon_core.executor:Executing jobs using 'parallel' executor
[0.335s] DEBUG:colcon.colcon_parallel_executor.executor.parallel:run_until_complete
[0.336s] INFO:colcon.colcon_ros.task.ament_cmake.build:Building ROS package in '/home/roach/ros2_ws/src/robotarm_controller' with build type 'ament_cmake'
[0.336s] INFO:colcon.colcon_cmake.task.cmake.build:Building CMake package in '/home/roach/ros2_ws/src/robotarm_controller'
[0.338s] INFO:colcon.colcon_core.plugin_system:Skipping extension 'colcon_core.shell.bat': Not used on non-Windows systems
[0.338s] INFO:colcon.colcon_core.shell:Skip shell extension 'powershell' for command environment: Not usable outside of PowerShell
[0.338s] DEBUG:colcon.colcon_core.shell:Skip shell extension 'dsv' for command environment
[0.341s] INFO:colcon.colcon_ros.task.ament_cmake.build:Building ROS package in '/home/roach/ros2_ws/src/smallrobot_description' with build type 'ament_cmake'
[0.341s] INFO:colcon.colcon_cmake.task.cmake.build:Building CMake package in '/home/roach/ros2_ws/src/smallrobot_description'
[0.341s] INFO:colcon.colcon_core.shell:Skip shell extension 'powershell' for command environment: Not usable outside of PowerShell
[0.341s] DEBUG:colcon.colcon_core.shell:Skip shell extension 'dsv' for command environment
[0.344s] INFO:colcon.colcon_ros.task.ament_cmake.build:Building ROS package in '/home/roach/ros2_ws/src/smallrobot_firmware' with build type 'ament_cmake'
[0.344s] INFO:colcon.colcon_cmake.task.cmake.build:Building CMake package in '/home/roach/ros2_ws/src/smallrobot_firmware'
[0.345s] INFO:colcon.colcon_core.shell:Skip shell extension 'powershell' for command environment: Not usable outside of PowerShell
[0.345s] DEBUG:colcon.colcon_core.shell:Skip shell extension 'dsv' for command environment
[0.348s] INFO:colcon.colcon_ros.task.ament_cmake.build:Building ROS package in '/home/roach/ros2_ws/src/smallrobot_moveit' with build type 'ament_cmake'
[0.348s] INFO:colcon.colcon_cmake.task.cmake.build:Building CMake package in '/home/roach/ros2_ws/src/smallrobot_moveit'
[0.348s] INFO:colcon.colcon_core.shell:Skip shell extension 'powershell' for command environment: Not usable outside of PowerShell
[0.348s] DEBUG:colcon.colcon_core.shell:Skip shell extension 'dsv' for command environment
[0.355s] DEBUG:colcon.colcon_core.event_handler.log_command:Invoking command in '/home/roach/ros2_ws/build/robotarm_controller': CMAKE_PREFIX_PATH=/opt/ros/humble /usr/bin/cmake /home/roach/ros2_ws/src/robotarm_controller -DCMAKE_INSTALL_PREFIX=/home/roach/ros2_ws/install/robotarm_controller
[0.357s] DEBUG:colcon.colcon_core.event_handler.log_command:Invoking command in '/home/roach/ros2_ws/build/smallrobot_description': CMAKE_PREFIX_PATH=/opt/ros/humble /usr/bin/cmake /home/roach/ros2_ws/src/smallrobot_description -DCMAKE_INSTALL_PREFIX=/home/roach/ros2_ws/install/smallrobot_description
[0.362s] DEBUG:colcon.colcon_core.event_handler.log_command:Invoking command in '/home/roach/ros2_ws/build/smallrobot_firmware': CMAKE_PREFIX_PATH=/opt/ros/humble /usr/bin/cmake /home/roach/ros2_ws/src/smallrobot_firmware -DCMAKE_INSTALL_PREFIX=/home/roach/ros2_ws/install/smallrobot_firmware
[0.365s] DEBUG:colcon.colcon_core.event_handler.log_command:Invoking command in '/home/roach/ros2_ws/build/smallrobot_moveit': CMAKE_PREFIX_PATH=/opt/ros/humble /usr/bin/cmake /home/roach/ros2_ws/src/smallrobot_moveit -DCMAKE_INSTALL_PREFIX=/home/roach/ros2_ws/install/smallrobot_moveit
[1.120s] DEBUG:colcon.colcon_core.event_handler.log_command:Invoked command in '/home/roach/ros2_ws/build/smallrobot_firmware' returned '0': CMAKE_PREFIX_PATH=/opt/ros/humble /usr/bin/cmake /home/roach/ros2_ws/src/smallrobot_firmware -DCMAKE_INSTALL_PREFIX=/home/roach/ros2_ws/install/smallrobot_firmware
[1.122s] DEBUG:colcon.colcon_core.event_handler.log_command:Invoking command in '/home/roach/ros2_ws/build/smallrobot_firmware': CMAKE_PREFIX_PATH=/opt/ros/humble /usr/bin/cmake --build /home/roach/ros2_ws/build/smallrobot_firmware -- -j8 -l8
[1.128s] DEBUG:colcon.colcon_core.event_handler.log_command:Invoked command in '/home/roach/ros2_ws/build/robotarm_controller' returned '0': CMAKE_PREFIX_PATH=/opt/ros/humble /usr/bin/cmake /home/roach/ros2_ws/src/robotarm_controller -DCMAKE_INSTALL_PREFIX=/home/roach/ros2_ws/install/robotarm_controller
[1.130s] DEBUG:colcon.colcon_core.event_handler.log_command:Invoking command in '/home/roach/ros2_ws/build/robotarm_controller': CMAKE_PREFIX_PATH=/opt/ros/humble /usr/bin/cmake --build /home/roach/ros2_ws/build/robotarm_controller -- -j8 -l8
[1.156s] DEBUG:colcon.colcon_core.event_handler.log_command:Invoked command in '/home/roach/ros2_ws/build/smallrobot_description' returned '0': CMAKE_PREFIX_PATH=/opt/ros/humble /usr/bin/cmake /home/roach/ros2_ws/src/smallrobot_description -DCMAKE_INSTALL_PREFIX=/home/roach/ros2_ws/install/smallrobot_description
[1.158s] DEBUG:colcon.colcon_core.event_handler.log_command:Invoking command in '/home/roach/ros2_ws/build/smallrobot_description': CMAKE_PREFIX_PATH=/opt/ros/humble /usr/bin/cmake --build /home/roach/ros2_ws/build/smallrobot_description -- -j8 -l8
[1.171s] DEBUG:colcon.colcon_core.event_handler.log_command:Invoked command in '/home/roach/ros2_ws/build/smallrobot_moveit' returned '0': CMAKE_PREFIX_PATH=/opt/ros/humble /usr/bin/cmake /home/roach/ros2_ws/src/smallrobot_moveit -DCMAKE_INSTALL_PREFIX=/home/roach/ros2_ws/install/smallrobot_moveit
[1.173s] DEBUG:colcon.colcon_core.event_handler.log_command:Invoking command in '/home/roach/ros2_ws/build/smallrobot_moveit': CMAKE_PREFIX_PATH=/opt/ros/humble /usr/bin/cmake --build /home/roach/ros2_ws/build/smallrobot_moveit -- -j8 -l8
[1.175s] DEBUG:colcon.colcon_core.event_handler.log_command:Invoked command in '/home/roach/ros2_ws/build/smallrobot_firmware' returned '0': CMAKE_PREFIX_PATH=/opt/ros/humble /usr/bin/cmake --build /home/roach/ros2_ws/build/smallrobot_firmware -- -j8 -l8
[1.184s] DEBUG:colcon.colcon_core.event_handler.log_command:Invoking command in '/home/roach/ros2_ws/build/smallrobot_firmware': CMAKE_PREFIX_PATH=/opt/ros/humble /usr/bin/cmake --install /home/roach/ros2_ws/build/smallrobot_firmware
[1.186s] DEBUG:colcon.colcon_core.event_handler.log_command:Invoked command in '/home/roach/ros2_ws/build/robotarm_controller' returned '0': CMAKE_PREFIX_PATH=/opt/ros/humble /usr/bin/cmake --build /home/roach/ros2_ws/build/robotarm_controller -- -j8 -l8
[1.188s] DEBUG:colcon.colcon_core.event_handler.log_command:Invoking command in '/home/roach/ros2_ws/build/robotarm_controller': CMAKE_PREFIX_PATH=/opt/ros/humble /usr/bin/cmake --install /home/roach/ros2_ws/build/robotarm_controller
[1.198s] Level 1:colcon.colcon_core.environment:create_environment_scripts_only(smallrobot_firmware)
[1.199s] DEBUG:colcon.colcon_core.event_handler.log_command:Invoked command in '/home/roach/ros2_ws/build/smallrobot_firmware' returned '0': CMAKE_PREFIX_PATH=/opt/ros/humble /usr/bin/cmake --install /home/roach/ros2_ws/build/smallrobot_firmware
[1.202s] Level 1:colcon.colcon_core.environment:checking '/home/roach/ros2_ws/install/smallrobot_firmware' for CMake module files
[1.202s] Level 1:colcon.colcon_core.environment:checking '/home/roach/ros2_ws/install/smallrobot_firmware' for CMake config files
[1.202s] Level 1:colcon.colcon_core.shell:create_environment_hook('smallrobot_firmware', 'cmake_prefix_path')
[1.202s] INFO:colcon.colcon_core.shell:Creating environment hook '/home/roach/ros2_ws/install/smallrobot_firmware/share/smallrobot_firmware/hook/cmake_prefix_path.ps1'
[1.203s] INFO:colcon.colcon_core.shell:Creating environment descriptor '/home/roach/ros2_ws/install/smallrobot_firmware/share/smallrobot_firmware/hook/cmake_prefix_path.dsv'
[1.203s] INFO:colcon.colcon_core.shell:Creating environment hook '/home/roach/ros2_ws/install/smallrobot_firmware/share/smallrobot_firmware/hook/cmake_prefix_path.sh'
[1.204s] Level 1:colcon.colcon_core.environment:checking '/home/roach/ros2_ws/install/smallrobot_firmware/bin'
[1.204s] Level 1:colcon.colcon_core.environment:checking '/home/roach/ros2_ws/install/smallrobot_firmware/lib/pkgconfig/smallrobot_firmware.pc'
[1.204s] Level 1:colcon.colcon_core.environment:checking '/home/roach/ros2_ws/install/smallrobot_firmware/lib/python3.10/site-packages'
[1.204s] Level 1:colcon.colcon_core.environment:checking '/home/roach/ros2_ws/install/smallrobot_firmware/bin'
[1.205s] INFO:colcon.colcon_core.shell:Creating package script '/home/roach/ros2_ws/install/smallrobot_firmware/share/smallrobot_firmware/package.ps1'
[1.206s] INFO:colcon.colcon_core.shell:Creating package descriptor '/home/roach/ros2_ws/install/smallrobot_firmware/share/smallrobot_firmware/package.dsv'
[1.206s] INFO:colcon.colcon_core.shell:Creating package script '/home/roach/ros2_ws/install/smallrobot_firmware/share/smallrobot_firmware/package.sh'
[1.207s] INFO:colcon.colcon_core.shell:Creating package script '/home/roach/ros2_ws/install/smallrobot_firmware/share/smallrobot_firmware/package.bash'
[1.207s] INFO:colcon.colcon_core.shell:Creating package script '/home/roach/ros2_ws/install/smallrobot_firmware/share/smallrobot_firmware/package.zsh'
[1.208s] Level 1:colcon.colcon_core.environment:create_file_with_runtime_dependencies(/home/roach/ros2_ws/install/smallrobot_firmware/share/colcon-core/packages/smallrobot_firmware)
[1.208s] Level 1:colcon.colcon_core.environment:create_environment_scripts_only(smallrobot_firmware)
[1.208s] Level 1:colcon.colcon_core.environment:checking '/home/roach/ros2_ws/install/smallrobot_firmware' for CMake module files
[1.209s] Level 1:colcon.colcon_core.environment:checking '/home/roach/ros2_ws/install/smallrobot_firmware' for CMake config files
[1.209s] Level 1:colcon.colcon_core.shell:create_environment_hook('smallrobot_firmware', 'cmake_prefix_path')
[1.209s] INFO:colcon.colcon_core.shell:Creating environment hook '/home/roach/ros2_ws/install/smallrobot_firmware/share/smallrobot_firmware/hook/cmake_prefix_path.ps1'
[1.210s] INFO:colcon.colcon_core.shell:Creating environment descriptor '/home/roach/ros2_ws/install/smallrobot_firmware/share/smallrobot_firmware/hook/cmake_prefix_path.dsv'
[1.210s] INFO:colcon.colcon_core.shell:Creating environment hook '/home/roach/ros2_ws/install/smallrobot_firmware/share/smallrobot_firmware/hook/cmake_prefix_path.sh'
[1.211s] Level 1:colcon.colcon_core.environment:checking '/home/roach/ros2_ws/install/smallrobot_firmware/bin'
[1.211s] Level 1:colcon.colcon_core.environment:checking '/home/roach/ros2_ws/install/smallrobot_firmware/lib/pkgconfig/smallrobot_firmware.pc'
[1.211s] Level 1:colcon.colcon_core.environment:checking '/home/roach/ros2_ws/install/smallrobot_firmware/lib/python3.10/site-packages'
[1.211s] Level 1:colcon.colcon_core.environment:checking '/home/roach/ros2_ws/install/smallrobot_firmware/bin'
[1.211s] INFO:colcon.colcon_core.shell:Creating package script '/home/roach/ros2_ws/install/smallrobot_firmware/share/smallrobot_firmware/package.ps1'
[1.212s] INFO:colcon.colcon_core.shell:Creating package descriptor '/home/roach/ros2_ws/install/smallrobot_firmware/share/smallrobot_firmware/package.dsv'
[1.212s] INFO:colcon.colcon_core.shell:Creating package script '/home/roach/ros2_ws/install/smallrobot_firmware/share/smallrobot_firmware/package.sh'
[1.212s] INFO:colcon.colcon_core.shell:Creating package script '/home/roach/ros2_ws/install/smallrobot_firmware/share/smallrobot_firmware/package.bash'
[1.213s] INFO:colcon.colcon_core.shell:Creating package script '/home/roach/ros2_ws/install/smallrobot_firmware/share/smallrobot_firmware/package.zsh'
[1.213s] Level 1:colcon.colcon_core.environment:create_file_with_runtime_dependencies(/home/roach/ros2_ws/install/smallrobot_firmware/share/colcon-core/packages/smallrobot_firmware)
[1.215s] DEBUG:colcon.colcon_core.event_handler.log_command:Invoked command in '/home/roach/ros2_ws/build/smallrobot_description' returned '0': CMAKE_PREFIX_PATH=/opt/ros/humble /usr/bin/cmake --build /home/roach/ros2_ws/build/smallrobot_description -- -j8 -l8
[1.216s] Level 1:colcon.colcon_core.environment:create_environment_scripts_only(robotarm_controller)
[1.216s] Level 1:colcon.colcon_core.environment:checking '/home/roach/ros2_ws/install/robotarm_controller' for CMake module files
[1.217s] DEBUG:colcon.colcon_core.event_handler.log_command:Invoking command in '/home/roach/ros2_ws/build/smallrobot_description': CMAKE_PREFIX_PATH=/opt/ros/humble /usr/bin/cmake --install /home/roach/ros2_ws/build/smallrobot_description
[1.217s] DEBUG:colcon.colcon_core.event_handler.log_command:Invoked command in '/home/roach/ros2_ws/build/robotarm_controller' returned '0': CMAKE_PREFIX_PATH=/opt/ros/humble /usr/bin/cmake --install /home/roach/ros2_ws/build/robotarm_controller
[1.217s] Level 1:colcon.colcon_core.environment:checking '/home/roach/ros2_ws/install/robotarm_controller' for CMake config files
[1.217s] Level 1:colcon.colcon_core.shell:create_environment_hook('robotarm_controller', 'cmake_prefix_path')
[1.217s] INFO:colcon.colcon_core.shell:Creating environment hook '/home/roach/ros2_ws/install/robotarm_controller/share/robotarm_controller/hook/cmake_prefix_path.ps1'
[1.218s] INFO:colcon.colcon_core.shell:Creating environment descriptor '/home/roach/ros2_ws/install/robotarm_controller/share/robotarm_controller/hook/cmake_prefix_path.dsv'
[1.218s] INFO:colcon.colcon_core.shell:Creating environment hook '/home/roach/ros2_ws/install/robotarm_controller/share/robotarm_controller/hook/cmake_prefix_path.sh'
[1.219s] Level 1:colcon.colcon_core.environment:checking '/home/roach/ros2_ws/install/robotarm_controller/bin'
[1.219s] Level 1:colcon.colcon_core.environment:checking '/home/roach/ros2_ws/install/robotarm_controller/lib/pkgconfig/robotarm_controller.pc'
[1.219s] Level 1:colcon.colcon_core.environment:checking '/home/roach/ros2_ws/install/robotarm_controller/lib/python3.10/site-packages'
[1.219s] Level 1:colcon.colcon_core.environment:checking '/home/roach/ros2_ws/install/robotarm_controller/bin'
[1.219s] INFO:colcon.colcon_core.shell:Creating package script '/home/roach/ros2_ws/install/robotarm_controller/share/robotarm_controller/package.ps1'
[1.220s] INFO:colcon.colcon_core.shell:Creating package descriptor '/home/roach/ros2_ws/install/robotarm_controller/share/robotarm_controller/package.dsv'
[1.220s] INFO:colcon.colcon_core.shell:Creating package script '/home/roach/ros2_ws/install/robotarm_controller/share/robotarm_controller/package.sh'
[1.220s] INFO:colcon.colcon_core.shell:Creating package script '/home/roach/ros2_ws/install/robotarm_controller/share/robotarm_controller/package.bash'
[1.221s] INFO:colcon.colcon_core.shell:Creating package script '/home/roach/ros2_ws/install/robotarm_controller/share/robotarm_controller/package.zsh'
[1.221s] Level 1:colcon.colcon_core.environment:create_file_with_runtime_dependencies(/home/roach/ros2_ws/install/robotarm_controller/share/colcon-core/packages/robotarm_controller)
[1.222s] Level 1:colcon.colcon_core.environment:create_environment_scripts_only(robotarm_controller)
[1.222s] Level 1:colcon.colcon_core.environment:checking '/home/roach/ros2_ws/install/robotarm_controller' for CMake module files
[1.222s] Level 1:colcon.colcon_core.environment:checking '/home/roach/ros2_ws/install/robotarm_controller' for CMake config files
[1.222s] Level 1:colcon.colcon_core.shell:create_environment_hook('robotarm_controller', 'cmake_prefix_path')
[1.223s] INFO:colcon.colcon_core.shell:Creating environment hook '/home/roach/ros2_ws/install/robotarm_controller/share/robotarm_controller/hook/cmake_prefix_path.ps1'
[1.223s] INFO:colcon.colcon_core.shell:Creating environment descriptor '/home/roach/ros2_ws/install/robotarm_controller/share/robotarm_controller/hook/cmake_prefix_path.dsv'
[1.223s] INFO:colcon.colcon_core.shell:Creating environment hook '/home/roach/ros2_ws/install/robotarm_controller/share/robotarm_controller/hook/cmake_prefix_path.sh'
[1.224s] Level 1:colcon.colcon_core.environment:checking '/home/roach/ros2_ws/install/robotarm_controller/bin'
[1.224s] Level 1:colcon.colcon_core.environment:checking '/home/roach/ros2_ws/install/robotarm_controller/lib/pkgconfig/robotarm_controller.pc'
[1.224s] Level 1:colcon.colcon_core.environment:checking '/home/roach/ros2_ws/install/robotarm_controller/lib/python3.10/site-packages'
[1.224s] Level 1:colcon.colcon_core.environment:checking '/home/roach/ros2_ws/install/robotarm_controller/bin'
[1.224s] INFO:colcon.colcon_core.shell:Creating package script '/home/roach/ros2_ws/install/robotarm_controller/share/robotarm_controller/package.ps1'
[1.225s] INFO:colcon.colcon_core.shell:Creating package descriptor '/home/roach/ros2_ws/install/robotarm_controller/share/robotarm_controller/package.dsv'
[1.225s] INFO:colcon.colcon_core.shell:Creating package script '/home/roach/ros2_ws/install/robotarm_controller/share/robotarm_controller/package.sh'
[1.225s] INFO:colcon.colcon_core.shell:Creating package script '/home/roach/ros2_ws/install/robotarm_controller/share/robotarm_controller/package.bash'
[1.226s] INFO:colcon.colcon_core.shell:Creating package script '/home/roach/ros2_ws/install/robotarm_controller/share/robotarm_controller/package.zsh'
[1.226s] Level 1:colcon.colcon_core.environment:create_file_with_runtime_dependencies(/home/roach/ros2_ws/install/robotarm_controller/share/colcon-core/packages/robotarm_controller)
[1.230s] DEBUG:colcon.colcon_core.event_handler.log_command:Invoked command in '/home/roach/ros2_ws/build/smallrobot_moveit' returned '0': CMAKE_PREFIX_PATH=/opt/ros/humble /usr/bin/cmake --build /home/roach/ros2_ws/build/smallrobot_moveit -- -j8 -l8
[1.232s] DEBUG:colcon.colcon_core.event_handler.log_command:Invoking command in '/home/roach/ros2_ws/build/smallrobot_moveit': CMAKE_PREFIX_PATH=/opt/ros/humble /usr/bin/cmake --install /home/roach/ros2_ws/build/smallrobot_moveit
[1.240s] Level 1:colcon.colcon_core.environment:create_environment_scripts_only(smallrobot_description)
[1.241s] Level 1:colcon.colcon_core.environment:checking '/home/roach/ros2_ws/install/smallrobot_description' for CMake module files
[1.241s] DEBUG:colcon.colcon_core.event_handler.log_command:Invoked command in '/home/roach/ros2_ws/build/smallrobot_description' returned '0': CMAKE_PREFIX_PATH=/opt/ros/humble /usr/bin/cmake --install /home/roach/ros2_ws/build/smallrobot_description
[1.244s] Level 1:colcon.colcon_core.environment:checking '/home/roach/ros2_ws/install/smallrobot_description' for CMake config files
[1.245s] Level 1:colcon.colcon_core.shell:create_environment_hook('smallrobot_description', 'cmake_prefix_path')
[1.245s] INFO:colcon.colcon_core.shell:Creating environment hook '/home/roach/ros2_ws/install/smallrobot_description/share/smallrobot_description/hook/cmake_prefix_path.ps1'
[1.246s] INFO:colcon.colcon_core.shell:Creating environment descriptor '/home/roach/ros2_ws/install/smallrobot_description/share/smallrobot_description/hook/cmake_prefix_path.dsv'
[1.246s] INFO:colcon.colcon_core.shell:Creating environment hook '/home/roach/ros2_ws/install/smallrobot_description/share/smallrobot_description/hook/cmake_prefix_path.sh'
[1.247s] Level 1:colcon.colcon_core.environment:checking '/home/roach/ros2_ws/install/smallrobot_description/bin'
[1.247s] Level 1:colcon.colcon_core.environment:checking '/home/roach/ros2_ws/install/smallrobot_description/lib/pkgconfig/smallrobot_description.pc'
[1.247s] Level 1:colcon.colcon_core.environment:checking '/home/roach/ros2_ws/install/smallrobot_description/lib/python3.10/site-packages'
[1.247s] Level 1:colcon.colcon_core.environment:checking '/home/roach/ros2_ws/install/smallrobot_description/bin'
[1.247s] INFO:colcon.colcon_core.shell:Creating package script '/home/roach/ros2_ws/install/smallrobot_description/share/smallrobot_description/package.ps1'
[1.248s] INFO:colcon.colcon_core.shell:Creating package descriptor '/home/roach/ros2_ws/install/smallrobot_description/share/smallrobot_description/package.dsv'
[1.249s] INFO:colcon.colcon_core.shell:Creating package script '/home/roach/ros2_ws/install/smallrobot_description/share/smallrobot_description/package.sh'
[1.249s] INFO:colcon.colcon_core.shell:Creating package script '/home/roach/ros2_ws/install/smallrobot_description/share/smallrobot_description/package.bash'
[1.249s] INFO:colcon.colcon_core.shell:Creating package script '/home/roach/ros2_ws/install/smallrobot_description/share/smallrobot_description/package.zsh'
[1.250s] Level 1:colcon.colcon_core.environment:create_file_with_runtime_dependencies(/home/roach/ros2_ws/install/smallrobot_description/share/colcon-core/packages/smallrobot_description)
[1.251s] Level 1:colcon.colcon_core.environment:create_environment_scripts_only(smallrobot_description)
[1.251s] Level 1:colcon.colcon_core.environment:checking '/home/roach/ros2_ws/install/smallrobot_description' for CMake module files
[1.251s] Level 1:colcon.colcon_core.environment:checking '/home/roach/ros2_ws/install/smallrobot_description' for CMake config files
[1.251s] Level 1:colcon.colcon_core.shell:create_environment_hook('smallrobot_description', 'cmake_prefix_path')
[1.252s] INFO:colcon.colcon_core.shell:Creating environment hook '/home/roach/ros2_ws/install/smallrobot_description/share/smallrobot_description/hook/cmake_prefix_path.ps1'
[1.252s] INFO:colcon.colcon_core.shell:Creating environment descriptor '/home/roach/ros2_ws/install/smallrobot_description/share/smallrobot_description/hook/cmake_prefix_path.dsv'
[1.253s] INFO:colcon.colcon_core.shell:Creating environment hook '/home/roach/ros2_ws/install/smallrobot_description/share/smallrobot_description/hook/cmake_prefix_path.sh'
[1.253s] Level 1:colcon.colcon_core.environment:checking '/home/roach/ros2_ws/install/smallrobot_description/bin'
[1.254s] Level 1:colcon.colcon_core.environment:checking '/home/roach/ros2_ws/install/smallrobot_description/lib/pkgconfig/smallrobot_description.pc'
[1.254s] Level 1:colcon.colcon_core.environment:checking '/home/roach/ros2_ws/install/smallrobot_description/lib/python3.10/site-packages'
[1.254s] Level 1:colcon.colcon_core.environment:checking '/home/roach/ros2_ws/install/smallrobot_description/bin'
[1.255s] INFO:colcon.colcon_core.shell:Creating package script '/home/roach/ros2_ws/install/smallrobot_description/share/smallrobot_description/package.ps1'
[1.255s] INFO:colcon.colcon_core.shell:Creating package descriptor '/home/roach/ros2_ws/install/smallrobot_description/share/smallrobot_description/package.dsv'
[1.256s] INFO:colcon.colcon_core.shell:Creating package script '/home/roach/ros2_ws/install/smallrobot_description/share/smallrobot_description/package.sh'
[1.257s] INFO:colcon.colcon_core.shell:Creating package script '/home/roach/ros2_ws/install/smallrobot_description/share/smallrobot_description/package.bash'
[1.257s] INFO:colcon.colcon_core.shell:Creating package script '/home/roach/ros2_ws/install/smallrobot_description/share/smallrobot_description/package.zsh'
[1.257s] Level 1:colcon.colcon_core.environment:create_file_with_runtime_dependencies(/home/roach/ros2_ws/install/smallrobot_description/share/colcon-core/packages/smallrobot_description)
[1.258s] Level 1:colcon.colcon_core.environment:create_environment_scripts_only(smallrobot_moveit)
[1.258s] Level 1:colcon.colcon_core.environment:checking '/home/roach/ros2_ws/install/smallrobot_moveit' for CMake module files
[1.260s] DEBUG:colcon.colcon_core.event_handler.log_command:Invoked command in '/home/roach/ros2_ws/build/smallrobot_moveit' returned '0': CMAKE_PREFIX_PATH=/opt/ros/humble /usr/bin/cmake --install /home/roach/ros2_ws/build/smallrobot_moveit
[1.260s] Level 1:colcon.colcon_core.environment:checking '/home/roach/ros2_ws/install/smallrobot_moveit' for CMake config files
[1.261s] Level 1:colcon.colcon_core.shell:create_environment_hook('smallrobot_moveit', 'cmake_prefix_path')
[1.261s] INFO:colcon.colcon_core.shell:Creating environment hook '/home/roach/ros2_ws/install/smallrobot_moveit/share/smallrobot_moveit/hook/cmake_prefix_path.ps1'
[1.262s] INFO:colcon.colcon_core.shell:Creating environment descriptor '/home/roach/ros2_ws/install/smallrobot_moveit/share/smallrobot_moveit/hook/cmake_prefix_path.dsv'
[1.263s] INFO:colcon.colcon_core.shell:Creating environment hook '/home/roach/ros2_ws/install/smallrobot_moveit/share/smallrobot_moveit/hook/cmake_prefix_path.sh'
[1.263s] Level 1:colcon.colcon_core.environment:checking '/home/roach/ros2_ws/install/smallrobot_moveit/bin'
[1.264s] Level 1:colcon.colcon_core.environment:checking '/home/roach/ros2_ws/install/smallrobot_moveit/lib/pkgconfig/smallrobot_moveit.pc'
[1.264s] Level 1:colcon.colcon_core.environment:checking '/home/roach/ros2_ws/install/smallrobot_moveit/lib/python3.10/site-packages'
[1.264s] Level 1:colcon.colcon_core.environment:checking '/home/roach/ros2_ws/install/smallrobot_moveit/bin'
[1.264s] INFO:colcon.colcon_core.shell:Creating package script '/home/roach/ros2_ws/install/smallrobot_moveit/share/smallrobot_moveit/package.ps1'
[1.265s] INFO:colcon.colcon_core.shell:Creating package descriptor '/home/roach/ros2_ws/install/smallrobot_moveit/share/smallrobot_moveit/package.dsv'
[1.266s] INFO:colcon.colcon_core.shell:Creating package script '/home/roach/ros2_ws/install/smallrobot_moveit/share/smallrobot_moveit/package.sh'
[1.266s] INFO:colcon.colcon_core.shell:Creating package script '/home/roach/ros2_ws/install/smallrobot_moveit/share/smallrobot_moveit/package.bash'
[1.266s] INFO:colcon.colcon_core.shell:Creating package script '/home/roach/ros2_ws/install/smallrobot_moveit/share/smallrobot_moveit/package.zsh'
[1.267s] Level 1:colcon.colcon_core.environment:create_file_with_runtime_dependencies(/home/roach/ros2_ws/install/smallrobot_moveit/share/colcon-core/packages/smallrobot_moveit)
[1.267s] Level 1:colcon.colcon_core.environment:create_environment_scripts_only(smallrobot_moveit)
[1.268s] Level 1:colcon.colcon_core.environment:checking '/home/roach/ros2_ws/install/smallrobot_moveit' for CMake module files
[1.268s] Level 1:colcon.colcon_core.environment:checking '/home/roach/ros2_ws/install/smallrobot_moveit' for CMake config files
[1.268s] Level 1:colcon.colcon_core.shell:create_environment_hook('smallrobot_moveit', 'cmake_prefix_path')
[1.268s] INFO:colcon.colcon_core.shell:Creating environment hook '/home/roach/ros2_ws/install/smallrobot_moveit/share/smallrobot_moveit/hook/cmake_prefix_path.ps1'
[1.269s] INFO:colcon.colcon_core.shell:Creating environment descriptor '/home/roach/ros2_ws/install/smallrobot_moveit/share/smallrobot_moveit/hook/cmake_prefix_path.dsv'
[1.269s] INFO:colcon.colcon_core.shell:Creating environment hook '/home/roach/ros2_ws/install/smallrobot_moveit/share/smallrobot_moveit/hook/cmake_prefix_path.sh'
[1.269s] Level 1:colcon.colcon_core.environment:checking '/home/roach/ros2_ws/install/smallrobot_moveit/bin'
[1.269s] Level 1:colcon.colcon_core.environment:checking '/home/roach/ros2_ws/install/smallrobot_moveit/lib/pkgconfig/smallrobot_moveit.pc'
[1.270s] Level 1:colcon.colcon_core.environment:checking '/home/roach/ros2_ws/install/smallrobot_moveit/lib/python3.10/site-packages'
[1.270s] Level 1:colcon.colcon_core.environment:checking '/home/roach/ros2_ws/install/smallrobot_moveit/bin'
[1.270s] INFO:colcon.colcon_core.shell:Creating package script '/home/roach/ros2_ws/install/smallrobot_moveit/share/smallrobot_moveit/package.ps1'
[1.270s] INFO:colcon.colcon_core.shell:Creating package descriptor '/home/roach/ros2_ws/install/smallrobot_moveit/share/smallrobot_moveit/package.dsv'
[1.271s] INFO:colcon.colcon_core.shell:Creating package script '/home/roach/ros2_ws/install/smallrobot_moveit/share/smallrobot_moveit/package.sh'
[1.271s] INFO:colcon.colcon_core.shell:Creating package script '/home/roach/ros2_ws/install/smallrobot_moveit/share/smallrobot_moveit/package.bash'
[1.272s] INFO:colcon.colcon_core.shell:Creating package script '/home/roach/ros2_ws/install/smallrobot_moveit/share/smallrobot_moveit/package.zsh'
[1.272s] Level 1:colcon.colcon_core.environment:create_file_with_runtime_dependencies(/home/roach/ros2_ws/install/smallrobot_moveit/share/colcon-core/packages/smallrobot_moveit)
[1.272s] DEBUG:colcon.colcon_parallel_executor.executor.parallel:closing loop
[1.272s] DEBUG:colcon.colcon_parallel_executor.executor.parallel:loop closed
[1.273s] DEBUG:colcon.colcon_parallel_executor.executor.parallel:run_until_complete finished with '0'
[1.273s] DEBUG:colcon.colcon_core.event_reactor:joining thread
[1.279s] INFO:colcon.colcon_core.plugin_system:Skipping extension 'colcon_notification.desktop_notification.terminal_notifier': Not used on non-Darwin systems
[1.280s] INFO:colcon.colcon_core.plugin_system:Skipping extension 'colcon_notification.desktop_notification.win32': Not used on non-Windows systems
[1.280s] INFO:colcon.colcon_notification.desktop_notification:Sending desktop notification using 'notify2'
[1.303s] DEBUG:colcon.colcon_core.event_reactor:joined thread
[1.304s] INFO:colcon.colcon_core.shell:Creating prefix script '/home/roach/ros2_ws/install/local_setup.ps1'
[1.305s] INFO:colcon.colcon_core.shell:Creating prefix util module '/home/roach/ros2_ws/install/_local_setup_util_ps1.py'
[1.308s] INFO:colcon.colcon_core.shell:Creating prefix chain script '/home/roach/ros2_ws/install/setup.ps1'
[1.309s] INFO:colcon.colcon_core.shell:Creating prefix script '/home/roach/ros2_ws/install/local_setup.sh'
[1.310s] INFO:colcon.colcon_core.shell:Creating prefix util module '/home/roach/ros2_ws/install/_local_setup_util_sh.py'
[1.311s] INFO:colcon.colcon_core.shell:Creating prefix chain script '/home/roach/ros2_ws/install/setup.sh'
[1.313s] INFO:colcon.colcon_core.shell:Creating prefix script '/home/roach/ros2_ws/install/local_setup.bash'
[1.313s] INFO:colcon.colcon_core.shell:Creating prefix chain script '/home/roach/ros2_ws/install/setup.bash'
[1.315s] INFO:colcon.colcon_core.shell:Creating prefix script '/home/roach/ros2_ws/install/local_setup.zsh'
[1.318s] INFO:colcon.colcon_core.shell:Creating prefix chain script '/home/roach/ros2_ws/install/setup.zsh'
