[0.036s] Invoking command in '/home/roach/ros2_ws/build/smallrobot_firmware': CMAKE_PREFIX_PATH=/opt/ros/humble /usr/bin/cmake /home/roach/ros2_ws/src/smallrobot_firmware -DAMENT_CMAKE_SYMLINK_INSTALL=1 -DCMAKE_INSTALL_PREFIX=/home/roach/ros2_ws/install/smallrobot_firmware
[0.075s] -- Found ament_cmake: 1.3.11 (/opt/ros/humble/share/ament_cmake/cmake)
[0.275s] -- Override CMake install command with custom implementation using symlinks instead of copying resources
[0.289s] -- Found ament_lint_auto: 0.12.12 (/opt/ros/humble/share/ament_lint_auto/cmake)
[0.378s] -- Added test 'lint_cmake' to check CMake code style
[0.380s] -- Added test 'xmllint' to check XML markup files
[0.383s] -- Configuring done
[0.392s] -- Generating done
[0.394s] -- Build files have been written to: /home/roach/ros2_ws/build/smallrobot_firmware
[0.401s] Invoked command in '/home/roach/ros2_ws/build/smallrobot_firmware' returned '0': CMAKE_PREFIX_PATH=/opt/ros/humble /usr/bin/cmake /home/roach/ros2_ws/src/smallrobot_firmware -DAMENT_CMAKE_SYMLINK_INSTALL=1 -DCMAKE_INSTALL_PREFIX=/home/roach/ros2_ws/install/smallrobot_firmware
[0.404s] Invoking command in '/home/roach/ros2_ws/build/smallrobot_firmware': CMAKE_PREFIX_PATH=/opt/ros/humble /usr/bin/cmake --build /home/roach/ros2_ws/build/smallrobot_firmware -- -j8 -l8
[0.458s] Invoked command in '/home/roach/ros2_ws/build/smallrobot_firmware' returned '0': CMAKE_PREFIX_PATH=/opt/ros/humble /usr/bin/cmake --build /home/roach/ros2_ws/build/smallrobot_firmware -- -j8 -l8
[0.470s] Invoking command in '/home/roach/ros2_ws/build/smallrobot_firmware': CMAKE_PREFIX_PATH=/opt/ros/humble /usr/bin/cmake --install /home/roach/ros2_ws/build/smallrobot_firmware
[0.476s] -- Install configuration: ""
[0.477s] -- Execute custom install script
[0.477s] -- Up-to-date symlink: /home/roach/ros2_ws/install/smallrobot_firmware/share/ament_index/resource_index/package_run_dependencies/smallrobot_firmware
[0.477s] -- Up-to-date symlink: /home/roach/ros2_ws/install/smallrobot_firmware/share/ament_index/resource_index/parent_prefix_path/smallrobot_firmware
[0.478s] -- Up-to-date symlink: /home/roach/ros2_ws/install/smallrobot_firmware/share/smallrobot_firmware/environment/ament_prefix_path.sh
[0.478s] -- Up-to-date symlink: /home/roach/ros2_ws/install/smallrobot_firmware/share/smallrobot_firmware/environment/ament_prefix_path.dsv
[0.478s] -- Up-to-date symlink: /home/roach/ros2_ws/install/smallrobot_firmware/share/smallrobot_firmware/environment/path.sh
[0.479s] -- Up-to-date symlink: /home/roach/ros2_ws/install/smallrobot_firmware/share/smallrobot_firmware/environment/path.dsv
[0.479s] -- Up-to-date symlink: /home/roach/ros2_ws/install/smallrobot_firmware/share/smallrobot_firmware/local_setup.bash
[0.479s] -- Up-to-date symlink: /home/roach/ros2_ws/install/smallrobot_firmware/share/smallrobot_firmware/local_setup.sh
[0.479s] -- Up-to-date symlink: /home/roach/ros2_ws/install/smallrobot_firmware/share/smallrobot_firmware/local_setup.zsh
[0.480s] -- Up-to-date symlink: /home/roach/ros2_ws/install/smallrobot_firmware/share/smallrobot_firmware/local_setup.dsv
[0.480s] -- Symlinking: /home/roach/ros2_ws/install/smallrobot_firmware/share/smallrobot_firmware/package.dsv
[0.489s] -- Up-to-date symlink: /home/roach/ros2_ws/install/smallrobot_firmware/share/ament_index/resource_index/packages/smallrobot_firmware
[0.489s] -- Up-to-date symlink: /home/roach/ros2_ws/install/smallrobot_firmware/share/smallrobot_firmware/cmake/smallrobot_firmwareConfig.cmake
[0.490s] -- Up-to-date symlink: /home/roach/ros2_ws/install/smallrobot_firmware/share/smallrobot_firmware/cmake/smallrobot_firmwareConfig-version.cmake
[0.490s] -- Up-to-date symlink: /home/roach/ros2_ws/install/smallrobot_firmware/share/smallrobot_firmware/package.xml
[0.492s] Invoked command in '/home/roach/ros2_ws/build/smallrobot_firmware' returned '0': CMAKE_PREFIX_PATH=/opt/ros/humble /usr/bin/cmake --install /home/roach/ros2_ws/build/smallrobot_firmware
