[0.117s] DEBUG:colcon:Command line arguments: ['/usr/bin/colcon', 'build', '--symlink-install']
[0.117s] DEBUG:colcon:Parsed command line arguments: Namespace(log_base=None, log_level=None, verb_name='build', build_base='build', install_base='install', merge_install=False, symlink_install=True, test_result_base=None, continue_on_error=False, executor='parallel', parallel_workers=8, event_handlers=None, ignore_user_meta=False, metas=['./colcon.meta'], base_paths=['.'], packages_ignore=None, packages_ignore_regex=None, paths=None, packages_up_to=None, packages_up_to_regex=None, packages_above=None, packages_above_and_dependencies=None, packages_above_depth=None, packages_select_by_dep=None, packages_skip_by_dep=None, packages_skip_up_to=None, packages_select_build_failed=False, packages_skip_build_finished=False, packages_select_test_failures=False, packages_skip_test_passed=False, packages_select=None, packages_skip=None, packages_select_regex=None, packages_skip_regex=None, packages_start=None, packages_end=None, allow_overriding=[], cmake_args=None, cmake_target=None, cmake_target_skip_unavailable=False, cmake_clean_cache=False, cmake_clean_first=False, cmake_force_configure=False, ament_cmake_args=None, catkin_cmake_args=None, catkin_skip_building_tests=False, verb_parser=<colcon_defaults.argument_parser.defaults.DefaultArgumentsDecorator object at 0x77a1be5600a0>, verb_extension=<colcon_core.verb.build.BuildVerb object at 0x77a1be523b50>, main=<bound method BuildVerb.main of <colcon_core.verb.build.BuildVerb object at 0x77a1be523b50>>)
[0.283s] Level 1:colcon.colcon_core.package_discovery:discover_packages(colcon_meta) check parameters
[0.283s] Level 1:colcon.colcon_core.package_discovery:discover_packages(recursive) check parameters
[0.283s] Level 1:colcon.colcon_core.package_discovery:discover_packages(ignore) check parameters
[0.283s] Level 1:colcon.colcon_core.package_discovery:discover_packages(path) check parameters
[0.283s] Level 1:colcon.colcon_core.package_discovery:discover_packages(colcon_meta) discover
[0.283s] Level 1:colcon.colcon_core.package_discovery:discover_packages(recursive) discover
[0.283s] INFO:colcon.colcon_core.package_discovery:Crawling recursively for packages in '/home/roach/ros2_ws'
[0.283s] Level 1:colcon.colcon_core.package_identification:_identify(.) by extensions ['ignore', 'ignore_ament_install']
[0.283s] Level 1:colcon.colcon_core.package_identification:_identify(.) by extension 'ignore'
[0.283s] Level 1:colcon.colcon_core.package_identification:_identify(.) by extension 'ignore_ament_install'
[0.283s] Level 1:colcon.colcon_core.package_identification:_identify(.) by extensions ['colcon_pkg']
[0.283s] Level 1:colcon.colcon_core.package_identification:_identify(.) by extension 'colcon_pkg'
[0.283s] Level 1:colcon.colcon_core.package_identification:_identify(.) by extensions ['colcon_meta']
[0.283s] Level 1:colcon.colcon_core.package_identification:_identify(.) by extension 'colcon_meta'
[0.284s] Level 1:colcon.colcon_core.package_identification:_identify(.) by extensions ['ros']
[0.284s] Level 1:colcon.colcon_core.package_identification:_identify(.) by extension 'ros'
[0.295s] Level 1:colcon.colcon_core.package_identification:_identify(.) by extensions ['cmake', 'python']
[0.295s] Level 1:colcon.colcon_core.package_identification:_identify(.) by extension 'cmake'
[0.295s] Level 1:colcon.colcon_core.package_identification:_identify(.) by extension 'python'
[0.295s] Level 1:colcon.colcon_core.package_identification:_identify(.) by extensions ['python_setup_py']
[0.295s] Level 1:colcon.colcon_core.package_identification:_identify(.) by extension 'python_setup_py'
[0.295s] Level 1:colcon.colcon_core.package_identification:_identify(build) by extensions ['ignore', 'ignore_ament_install']
[0.295s] Level 1:colcon.colcon_core.package_identification:_identify(build) by extension 'ignore'
[0.296s] Level 1:colcon.colcon_core.package_identification:_identify(build) ignored
[0.296s] Level 1:colcon.colcon_core.package_identification:_identify(install) by extensions ['ignore', 'ignore_ament_install']
[0.296s] Level 1:colcon.colcon_core.package_identification:_identify(install) by extension 'ignore'
[0.296s] Level 1:colcon.colcon_core.package_identification:_identify(install) ignored
[0.296s] Level 1:colcon.colcon_core.package_identification:_identify(log) by extensions ['ignore', 'ignore_ament_install']
[0.296s] Level 1:colcon.colcon_core.package_identification:_identify(log) by extension 'ignore'
[0.296s] Level 1:colcon.colcon_core.package_identification:_identify(log) ignored
[0.296s] Level 1:colcon.colcon_core.package_identification:_identify(src) by extensions ['ignore', 'ignore_ament_install']
[0.296s] Level 1:colcon.colcon_core.package_identification:_identify(src) by extension 'ignore'
[0.296s] Level 1:colcon.colcon_core.package_identification:_identify(src) by extension 'ignore_ament_install'
[0.297s] Level 1:colcon.colcon_core.package_identification:_identify(src) by extensions ['colcon_pkg']
[0.297s] Level 1:colcon.colcon_core.package_identification:_identify(src) by extension 'colcon_pkg'
[0.297s] Level 1:colcon.colcon_core.package_identification:_identify(src) by extensions ['colcon_meta']
[0.297s] Level 1:colcon.colcon_core.package_identification:_identify(src) by extension 'colcon_meta'
[0.297s] Level 1:colcon.colcon_core.package_identification:_identify(src) by extensions ['ros']
[0.297s] Level 1:colcon.colcon_core.package_identification:_identify(src) by extension 'ros'
[0.297s] Level 1:colcon.colcon_core.package_identification:_identify(src) by extensions ['cmake', 'python']
[0.297s] Level 1:colcon.colcon_core.package_identification:_identify(src) by extension 'cmake'
[0.297s] Level 1:colcon.colcon_core.package_identification:_identify(src) by extension 'python'
[0.297s] Level 1:colcon.colcon_core.package_identification:_identify(src) by extensions ['python_setup_py']
[0.297s] Level 1:colcon.colcon_core.package_identification:_identify(src) by extension 'python_setup_py'
[0.297s] Level 1:colcon.colcon_core.package_identification:_identify(src/build) by extensions ['ignore', 'ignore_ament_install']
[0.297s] Level 1:colcon.colcon_core.package_identification:_identify(src/build) by extension 'ignore'
[0.298s] Level 1:colcon.colcon_core.package_identification:_identify(src/build) ignored
[0.298s] Level 1:colcon.colcon_core.package_identification:_identify(src/install) by extensions ['ignore', 'ignore_ament_install']
[0.298s] Level 1:colcon.colcon_core.package_identification:_identify(src/install) by extension 'ignore'
[0.298s] Level 1:colcon.colcon_core.package_identification:_identify(src/install) ignored
[0.298s] Level 1:colcon.colcon_core.package_identification:_identify(src/log) by extensions ['ignore', 'ignore_ament_install']
[0.298s] Level 1:colcon.colcon_core.package_identification:_identify(src/log) by extension 'ignore'
[0.298s] Level 1:colcon.colcon_core.package_identification:_identify(src/log) ignored
[0.298s] Level 1:colcon.colcon_core.package_identification:_identify(src/robotarm_controller) by extensions ['ignore', 'ignore_ament_install']
[0.298s] Level 1:colcon.colcon_core.package_identification:_identify(src/robotarm_controller) by extension 'ignore'
[0.299s] Level 1:colcon.colcon_core.package_identification:_identify(src/robotarm_controller) by extension 'ignore_ament_install'
[0.299s] Level 1:colcon.colcon_core.package_identification:_identify(src/robotarm_controller) by extensions ['colcon_pkg']
[0.299s] Level 1:colcon.colcon_core.package_identification:_identify(src/robotarm_controller) by extension 'colcon_pkg'
[0.299s] Level 1:colcon.colcon_core.package_identification:_identify(src/robotarm_controller) by extensions ['colcon_meta']
[0.299s] Level 1:colcon.colcon_core.package_identification:_identify(src/robotarm_controller) by extension 'colcon_meta'
[0.299s] Level 1:colcon.colcon_core.package_identification:_identify(src/robotarm_controller) by extensions ['ros']
[0.299s] Level 1:colcon.colcon_core.package_identification:_identify(src/robotarm_controller) by extension 'ros'
[0.303s] DEBUG:colcon.colcon_core.package_identification:Package 'src/robotarm_controller' with type 'ros.ament_cmake' and name 'robotarm_controller'
[0.303s] Level 1:colcon.colcon_core.package_identification:_identify(src/smallrobot_description) by extensions ['ignore', 'ignore_ament_install']
[0.303s] Level 1:colcon.colcon_core.package_identification:_identify(src/smallrobot_description) by extension 'ignore'
[0.303s] Level 1:colcon.colcon_core.package_identification:_identify(src/smallrobot_description) by extension 'ignore_ament_install'
[0.303s] Level 1:colcon.colcon_core.package_identification:_identify(src/smallrobot_description) by extensions ['colcon_pkg']
[0.303s] Level 1:colcon.colcon_core.package_identification:_identify(src/smallrobot_description) by extension 'colcon_pkg'
[0.304s] Level 1:colcon.colcon_core.package_identification:_identify(src/smallrobot_description) by extensions ['colcon_meta']
[0.304s] Level 1:colcon.colcon_core.package_identification:_identify(src/smallrobot_description) by extension 'colcon_meta'
[0.304s] Level 1:colcon.colcon_core.package_identification:_identify(src/smallrobot_description) by extensions ['ros']
[0.304s] Level 1:colcon.colcon_core.package_identification:_identify(src/smallrobot_description) by extension 'ros'
[0.304s] DEBUG:colcon.colcon_core.package_identification:Package 'src/smallrobot_description' with type 'ros.ament_cmake' and name 'smallrobot_description'
[0.304s] Level 1:colcon.colcon_core.package_identification:_identify(src/smallrobot_firmware) by extensions ['ignore', 'ignore_ament_install']
[0.305s] Level 1:colcon.colcon_core.package_identification:_identify(src/smallrobot_firmware) by extension 'ignore'
[0.305s] Level 1:colcon.colcon_core.package_identification:_identify(src/smallrobot_firmware) by extension 'ignore_ament_install'
[0.305s] Level 1:colcon.colcon_core.package_identification:_identify(src/smallrobot_firmware) by extensions ['colcon_pkg']
[0.305s] Level 1:colcon.colcon_core.package_identification:_identify(src/smallrobot_firmware) by extension 'colcon_pkg'
[0.305s] Level 1:colcon.colcon_core.package_identification:_identify(src/smallrobot_firmware) by extensions ['colcon_meta']
[0.305s] Level 1:colcon.colcon_core.package_identification:_identify(src/smallrobot_firmware) by extension 'colcon_meta'
[0.305s] Level 1:colcon.colcon_core.package_identification:_identify(src/smallrobot_firmware) by extensions ['ros']
[0.305s] Level 1:colcon.colcon_core.package_identification:_identify(src/smallrobot_firmware) by extension 'ros'
[0.306s] DEBUG:colcon.colcon_core.package_identification:Package 'src/smallrobot_firmware' with type 'ros.ament_cmake' and name 'smallrobot_firmware'
[0.306s] Level 1:colcon.colcon_core.package_identification:_identify(src/smallrobot_moveit) by extensions ['ignore', 'ignore_ament_install']
[0.306s] Level 1:colcon.colcon_core.package_identification:_identify(src/smallrobot_moveit) by extension 'ignore'
[0.306s] Level 1:colcon.colcon_core.package_identification:_identify(src/smallrobot_moveit) by extension 'ignore_ament_install'
[0.306s] Level 1:colcon.colcon_core.package_identification:_identify(src/smallrobot_moveit) by extensions ['colcon_pkg']
[0.306s] Level 1:colcon.colcon_core.package_identification:_identify(src/smallrobot_moveit) by extension 'colcon_pkg'
[0.306s] Level 1:colcon.colcon_core.package_identification:_identify(src/smallrobot_moveit) by extensions ['colcon_meta']
[0.306s] Level 1:colcon.colcon_core.package_identification:_identify(src/smallrobot_moveit) by extension 'colcon_meta'
[0.306s] Level 1:colcon.colcon_core.package_identification:_identify(src/smallrobot_moveit) by extensions ['ros']
[0.306s] Level 1:colcon.colcon_core.package_identification:_identify(src/smallrobot_moveit) by extension 'ros'
[0.307s] DEBUG:colcon.colcon_core.package_identification:Package 'src/smallrobot_moveit' with type 'ros.ament_cmake' and name 'smallrobot_moveit'
[0.307s] Level 1:colcon.colcon_core.package_discovery:discover_packages(recursive) using defaults
[0.307s] Level 1:colcon.colcon_core.package_discovery:discover_packages(ignore) discover
[0.307s] Level 1:colcon.colcon_core.package_discovery:discover_packages(ignore) using defaults
[0.308s] Level 1:colcon.colcon_core.package_discovery:discover_packages(path) discover
[0.308s] Level 1:colcon.colcon_core.package_discovery:discover_packages(path) using defaults
[0.340s] Level 1:colcon.colcon_core.package_discovery:discover_packages(prefix_path) check parameters
[0.340s] Level 1:colcon.colcon_core.package_discovery:discover_packages(prefix_path) discover
[0.343s] DEBUG:colcon.colcon_installed_package_information.package_discovery:Found 363 installed packages in /opt/ros/humble
[0.344s] Level 1:colcon.colcon_core.package_discovery:discover_packages(prefix_path) using defaults
[0.389s] Level 5:colcon.colcon_core.verb:set package 'robotarm_controller' build argument 'cmake_args' from command line to 'None'
[0.389s] Level 5:colcon.colcon_core.verb:set package 'robotarm_controller' build argument 'cmake_target' from command line to 'None'
[0.389s] Level 5:colcon.colcon_core.verb:set package 'robotarm_controller' build argument 'cmake_target_skip_unavailable' from command line to 'False'
[0.389s] Level 5:colcon.colcon_core.verb:set package 'robotarm_controller' build argument 'cmake_clean_cache' from command line to 'False'
[0.389s] Level 5:colcon.colcon_core.verb:set package 'robotarm_controller' build argument 'cmake_clean_first' from command line to 'False'
[0.389s] Level 5:colcon.colcon_core.verb:set package 'robotarm_controller' build argument 'cmake_force_configure' from command line to 'False'
[0.389s] Level 5:colcon.colcon_core.verb:set package 'robotarm_controller' build argument 'ament_cmake_args' from command line to 'None'
[0.390s] Level 5:colcon.colcon_core.verb:set package 'robotarm_controller' build argument 'catkin_cmake_args' from command line to 'None'
[0.390s] Level 5:colcon.colcon_core.verb:set package 'robotarm_controller' build argument 'catkin_skip_building_tests' from command line to 'False'
[0.390s] DEBUG:colcon.colcon_core.verb:Building package 'robotarm_controller' with the following arguments: {'ament_cmake_args': None, 'build_base': '/home/roach/ros2_ws/build/robotarm_controller', 'catkin_cmake_args': None, 'catkin_skip_building_tests': False, 'cmake_args': None, 'cmake_clean_cache': False, 'cmake_clean_first': False, 'cmake_force_configure': False, 'cmake_target': None, 'cmake_target_skip_unavailable': False, 'install_base': '/home/roach/ros2_ws/install/robotarm_controller', 'merge_install': False, 'path': '/home/roach/ros2_ws/src/robotarm_controller', 'symlink_install': True, 'test_result_base': None}
[0.390s] Level 5:colcon.colcon_core.verb:set package 'smallrobot_description' build argument 'cmake_args' from command line to 'None'
[0.390s] Level 5:colcon.colcon_core.verb:set package 'smallrobot_description' build argument 'cmake_target' from command line to 'None'
[0.390s] Level 5:colcon.colcon_core.verb:set package 'smallrobot_description' build argument 'cmake_target_skip_unavailable' from command line to 'False'
[0.390s] Level 5:colcon.colcon_core.verb:set package 'smallrobot_description' build argument 'cmake_clean_cache' from command line to 'False'
[0.390s] Level 5:colcon.colcon_core.verb:set package 'smallrobot_description' build argument 'cmake_clean_first' from command line to 'False'
[0.390s] Level 5:colcon.colcon_core.verb:set package 'smallrobot_description' build argument 'cmake_force_configure' from command line to 'False'
[0.390s] Level 5:colcon.colcon_core.verb:set package 'smallrobot_description' build argument 'ament_cmake_args' from command line to 'None'
[0.390s] Level 5:colcon.colcon_core.verb:set package 'smallrobot_description' build argument 'catkin_cmake_args' from command line to 'None'
[0.390s] Level 5:colcon.colcon_core.verb:set package 'smallrobot_description' build argument 'catkin_skip_building_tests' from command line to 'False'
[0.390s] DEBUG:colcon.colcon_core.verb:Building package 'smallrobot_description' with the following arguments: {'ament_cmake_args': None, 'build_base': '/home/roach/ros2_ws/build/smallrobot_description', 'catkin_cmake_args': None, 'catkin_skip_building_tests': False, 'cmake_args': None, 'cmake_clean_cache': False, 'cmake_clean_first': False, 'cmake_force_configure': False, 'cmake_target': None, 'cmake_target_skip_unavailable': False, 'install_base': '/home/roach/ros2_ws/install/smallrobot_description', 'merge_install': False, 'path': '/home/roach/ros2_ws/src/smallrobot_description', 'symlink_install': True, 'test_result_base': None}
[0.391s] Level 5:colcon.colcon_core.verb:set package 'smallrobot_firmware' build argument 'cmake_args' from command line to 'None'
[0.391s] Level 5:colcon.colcon_core.verb:set package 'smallrobot_firmware' build argument 'cmake_target' from command line to 'None'
[0.391s] Level 5:colcon.colcon_core.verb:set package 'smallrobot_firmware' build argument 'cmake_target_skip_unavailable' from command line to 'False'
[0.391s] Level 5:colcon.colcon_core.verb:set package 'smallrobot_firmware' build argument 'cmake_clean_cache' from command line to 'False'
[0.391s] Level 5:colcon.colcon_core.verb:set package 'smallrobot_firmware' build argument 'cmake_clean_first' from command line to 'False'
[0.391s] Level 5:colcon.colcon_core.verb:set package 'smallrobot_firmware' build argument 'cmake_force_configure' from command line to 'False'
[0.391s] Level 5:colcon.colcon_core.verb:set package 'smallrobot_firmware' build argument 'ament_cmake_args' from command line to 'None'
[0.391s] Level 5:colcon.colcon_core.verb:set package 'smallrobot_firmware' build argument 'catkin_cmake_args' from command line to 'None'
[0.391s] Level 5:colcon.colcon_core.verb:set package 'smallrobot_firmware' build argument 'catkin_skip_building_tests' from command line to 'False'
[0.391s] DEBUG:colcon.colcon_core.verb:Building package 'smallrobot_firmware' with the following arguments: {'ament_cmake_args': None, 'build_base': '/home/roach/ros2_ws/build/smallrobot_firmware', 'catkin_cmake_args': None, 'catkin_skip_building_tests': False, 'cmake_args': None, 'cmake_clean_cache': False, 'cmake_clean_first': False, 'cmake_force_configure': False, 'cmake_target': None, 'cmake_target_skip_unavailable': False, 'install_base': '/home/roach/ros2_ws/install/smallrobot_firmware', 'merge_install': False, 'path': '/home/roach/ros2_ws/src/smallrobot_firmware', 'symlink_install': True, 'test_result_base': None}
[0.391s] Level 5:colcon.colcon_core.verb:set package 'smallrobot_moveit' build argument 'cmake_args' from command line to 'None'
[0.391s] Level 5:colcon.colcon_core.verb:set package 'smallrobot_moveit' build argument 'cmake_target' from command line to 'None'
[0.392s] Level 5:colcon.colcon_core.verb:set package 'smallrobot_moveit' build argument 'cmake_target_skip_unavailable' from command line to 'False'
[0.392s] Level 5:colcon.colcon_core.verb:set package 'smallrobot_moveit' build argument 'cmake_clean_cache' from command line to 'False'
[0.392s] Level 5:colcon.colcon_core.verb:set package 'smallrobot_moveit' build argument 'cmake_clean_first' from command line to 'False'
[0.392s] Level 5:colcon.colcon_core.verb:set package 'smallrobot_moveit' build argument 'cmake_force_configure' from command line to 'False'
[0.392s] Level 5:colcon.colcon_core.verb:set package 'smallrobot_moveit' build argument 'ament_cmake_args' from command line to 'None'
[0.392s] Level 5:colcon.colcon_core.verb:set package 'smallrobot_moveit' build argument 'catkin_cmake_args' from command line to 'None'
[0.392s] Level 5:colcon.colcon_core.verb:set package 'smallrobot_moveit' build argument 'catkin_skip_building_tests' from command line to 'False'
[0.392s] DEBUG:colcon.colcon_core.verb:Building package 'smallrobot_moveit' with the following arguments: {'ament_cmake_args': None, 'build_base': '/home/roach/ros2_ws/build/smallrobot_moveit', 'catkin_cmake_args': None, 'catkin_skip_building_tests': False, 'cmake_args': None, 'cmake_clean_cache': False, 'cmake_clean_first': False, 'cmake_force_configure': False, 'cmake_target': None, 'cmake_target_skip_unavailable': False, 'install_base': '/home/roach/ros2_ws/install/smallrobot_moveit', 'merge_install': False, 'path': '/home/roach/ros2_ws/src/smallrobot_moveit', 'symlink_install': True, 'test_result_base': None}
[0.392s] INFO:colcon.colcon_core.executor:Executing jobs using 'parallel' executor
[0.393s] DEBUG:colcon.colcon_parallel_executor.executor.parallel:run_until_complete
[0.393s] INFO:colcon.colcon_ros.task.ament_cmake.build:Building ROS package in '/home/roach/ros2_ws/src/smallrobot_description' with build type 'ament_cmake'
[0.393s] INFO:colcon.colcon_cmake.task.cmake.build:Building CMake package in '/home/roach/ros2_ws/src/smallrobot_description'
[0.396s] INFO:colcon.colcon_core.plugin_system:Skipping extension 'colcon_core.shell.bat': Not used on non-Windows systems
[0.396s] INFO:colcon.colcon_core.shell:Skip shell extension 'powershell' for command environment: Not usable outside of PowerShell
[0.396s] DEBUG:colcon.colcon_core.shell:Skip shell extension 'dsv' for command environment
[0.399s] INFO:colcon.colcon_ros.task.ament_cmake.build:Building ROS package in '/home/roach/ros2_ws/src/robotarm_controller' with build type 'ament_cmake'
[0.399s] INFO:colcon.colcon_cmake.task.cmake.build:Building CMake package in '/home/roach/ros2_ws/src/robotarm_controller'
[0.400s] INFO:colcon.colcon_core.shell:Skip shell extension 'powershell' for command environment: Not usable outside of PowerShell
[0.400s] DEBUG:colcon.colcon_core.shell:Skip shell extension 'dsv' for command environment
[0.405s] INFO:colcon.colcon_ros.task.ament_cmake.build:Building ROS package in '/home/roach/ros2_ws/src/smallrobot_firmware' with build type 'ament_cmake'
[0.405s] INFO:colcon.colcon_cmake.task.cmake.build:Building CMake package in '/home/roach/ros2_ws/src/smallrobot_firmware'
[0.405s] INFO:colcon.colcon_core.shell:Skip shell extension 'powershell' for command environment: Not usable outside of PowerShell
[0.405s] DEBUG:colcon.colcon_core.shell:Skip shell extension 'dsv' for command environment
[0.417s] DEBUG:colcon.colcon_core.event_handler.log_command:Invoking command in '/home/roach/ros2_ws/build/smallrobot_description': CMAKE_PREFIX_PATH=/opt/ros/humble /usr/bin/cmake /home/roach/ros2_ws/src/smallrobot_description -DAMENT_CMAKE_SYMLINK_INSTALL=1 -DCMAKE_INSTALL_PREFIX=/home/roach/ros2_ws/install/smallrobot_description
[0.425s] DEBUG:colcon.colcon_core.event_handler.log_command:Invoking command in '/home/roach/ros2_ws/build/robotarm_controller': CMAKE_PREFIX_PATH=/opt/ros/humble /usr/bin/cmake /home/roach/ros2_ws/src/robotarm_controller -DAMENT_CMAKE_SYMLINK_INSTALL=1 -DCMAKE_INSTALL_PREFIX=/home/roach/ros2_ws/install/robotarm_controller
[0.435s] DEBUG:colcon.colcon_core.event_handler.log_command:Invoking command in '/home/roach/ros2_ws/build/smallrobot_firmware': CMAKE_PREFIX_PATH=/opt/ros/humble /usr/bin/cmake /home/roach/ros2_ws/src/smallrobot_firmware -DAMENT_CMAKE_SYMLINK_INSTALL=1 -DCMAKE_INSTALL_PREFIX=/home/roach/ros2_ws/install/smallrobot_firmware
[0.764s] DEBUG:colcon.colcon_core.event_handler.log_command:Invoked command in '/home/roach/ros2_ws/build/smallrobot_firmware' returned '0': CMAKE_PREFIX_PATH=/opt/ros/humble /usr/bin/cmake /home/roach/ros2_ws/src/smallrobot_firmware -DAMENT_CMAKE_SYMLINK_INSTALL=1 -DCMAKE_INSTALL_PREFIX=/home/roach/ros2_ws/install/smallrobot_firmware
[0.766s] DEBUG:colcon.colcon_core.event_handler.log_command:Invoking command in '/home/roach/ros2_ws/build/smallrobot_firmware': CMAKE_PREFIX_PATH=/opt/ros/humble /usr/bin/cmake --build /home/roach/ros2_ws/build/smallrobot_firmware -- -j8 -l8
[0.767s] DEBUG:colcon.colcon_core.event_handler.log_command:Invoked command in '/home/roach/ros2_ws/build/robotarm_controller' returned '0': CMAKE_PREFIX_PATH=/opt/ros/humble /usr/bin/cmake /home/roach/ros2_ws/src/robotarm_controller -DAMENT_CMAKE_SYMLINK_INSTALL=1 -DCMAKE_INSTALL_PREFIX=/home/roach/ros2_ws/install/robotarm_controller
[0.770s] DEBUG:colcon.colcon_core.event_handler.log_command:Invoking command in '/home/roach/ros2_ws/build/robotarm_controller': CMAKE_PREFIX_PATH=/opt/ros/humble /usr/bin/cmake --build /home/roach/ros2_ws/build/robotarm_controller -- -j8 -l8
[0.810s] DEBUG:colcon.colcon_core.event_handler.log_command:Invoked command in '/home/roach/ros2_ws/build/smallrobot_description' returned '0': CMAKE_PREFIX_PATH=/opt/ros/humble /usr/bin/cmake /home/roach/ros2_ws/src/smallrobot_description -DAMENT_CMAKE_SYMLINK_INSTALL=1 -DCMAKE_INSTALL_PREFIX=/home/roach/ros2_ws/install/smallrobot_description
[0.815s] DEBUG:colcon.colcon_core.event_handler.log_command:Invoking command in '/home/roach/ros2_ws/build/smallrobot_description': CMAKE_PREFIX_PATH=/opt/ros/humble /usr/bin/cmake --build /home/roach/ros2_ws/build/smallrobot_description -- -j8 -l8
[0.826s] DEBUG:colcon.colcon_core.event_handler.log_command:Invoked command in '/home/roach/ros2_ws/build/smallrobot_firmware' returned '0': CMAKE_PREFIX_PATH=/opt/ros/humble /usr/bin/cmake --build /home/roach/ros2_ws/build/smallrobot_firmware -- -j8 -l8
[0.839s] DEBUG:colcon.colcon_core.event_handler.log_command:Invoking command in '/home/roach/ros2_ws/build/smallrobot_firmware': CMAKE_PREFIX_PATH=/opt/ros/humble /usr/bin/cmake --install /home/roach/ros2_ws/build/smallrobot_firmware
[0.841s] DEBUG:colcon.colcon_core.event_handler.log_command:Invoked command in '/home/roach/ros2_ws/build/robotarm_controller' returned '0': CMAKE_PREFIX_PATH=/opt/ros/humble /usr/bin/cmake --build /home/roach/ros2_ws/build/robotarm_controller -- -j8 -l8
[0.844s] DEBUG:colcon.colcon_core.event_handler.log_command:Invoking command in '/home/roach/ros2_ws/build/robotarm_controller': CMAKE_PREFIX_PATH=/opt/ros/humble /usr/bin/cmake --install /home/roach/ros2_ws/build/robotarm_controller
[0.866s] DEBUG:colcon.colcon_core.event_handler.log_command:Invoked command in '/home/roach/ros2_ws/build/smallrobot_description' returned '0': CMAKE_PREFIX_PATH=/opt/ros/humble /usr/bin/cmake --build /home/roach/ros2_ws/build/smallrobot_description -- -j8 -l8
[0.869s] DEBUG:colcon.colcon_core.event_handler.log_command:Invoking command in '/home/roach/ros2_ws/build/smallrobot_description': CMAKE_PREFIX_PATH=/opt/ros/humble /usr/bin/cmake --install /home/roach/ros2_ws/build/smallrobot_description
[1.046s] Level 1:colcon.colcon_core.environment:create_environment_scripts_only(smallrobot_firmware)
[1.047s] DEBUG:colcon.colcon_core.event_handler.log_command:Invoked command in '/home/roach/ros2_ws/build/smallrobot_firmware' returned '0': CMAKE_PREFIX_PATH=/opt/ros/humble /usr/bin/cmake --install /home/roach/ros2_ws/build/smallrobot_firmware
[1.050s] Level 1:colcon.colcon_core.environment:checking '/home/roach/ros2_ws/install/smallrobot_firmware' for CMake module files
[1.051s] Level 1:colcon.colcon_core.environment:checking '/home/roach/ros2_ws/install/smallrobot_firmware' for CMake config files
[1.051s] Level 1:colcon.colcon_core.shell:create_environment_hook('smallrobot_firmware', 'cmake_prefix_path')
[1.052s] INFO:colcon.colcon_core.shell:Creating environment hook '/home/roach/ros2_ws/install/smallrobot_firmware/share/smallrobot_firmware/hook/cmake_prefix_path.ps1'
[1.053s] INFO:colcon.colcon_core.shell:Creating environment descriptor '/home/roach/ros2_ws/install/smallrobot_firmware/share/smallrobot_firmware/hook/cmake_prefix_path.dsv'
[1.054s] INFO:colcon.colcon_core.shell:Creating environment hook '/home/roach/ros2_ws/install/smallrobot_firmware/share/smallrobot_firmware/hook/cmake_prefix_path.sh'
[1.055s] Level 1:colcon.colcon_core.environment:checking '/home/roach/ros2_ws/install/smallrobot_firmware/bin'
[1.055s] Level 1:colcon.colcon_core.environment:checking '/home/roach/ros2_ws/install/smallrobot_firmware/lib/pkgconfig/smallrobot_firmware.pc'
[1.055s] Level 1:colcon.colcon_core.environment:checking '/home/roach/ros2_ws/install/smallrobot_firmware/lib/python3.10/site-packages'
[1.055s] Level 1:colcon.colcon_core.environment:checking '/home/roach/ros2_ws/install/smallrobot_firmware/bin'
[1.056s] INFO:colcon.colcon_core.shell:Creating package script '/home/roach/ros2_ws/install/smallrobot_firmware/share/smallrobot_firmware/package.ps1'
[1.057s] INFO:colcon.colcon_core.shell:Creating package descriptor '/home/roach/ros2_ws/install/smallrobot_firmware/share/smallrobot_firmware/package.dsv'
[1.058s] INFO:colcon.colcon_core.shell:Creating package script '/home/roach/ros2_ws/install/smallrobot_firmware/share/smallrobot_firmware/package.sh'
[1.058s] INFO:colcon.colcon_core.shell:Creating package script '/home/roach/ros2_ws/install/smallrobot_firmware/share/smallrobot_firmware/package.bash'
[1.059s] INFO:colcon.colcon_core.shell:Creating package script '/home/roach/ros2_ws/install/smallrobot_firmware/share/smallrobot_firmware/package.zsh'
[1.060s] Level 1:colcon.colcon_core.environment:create_file_with_runtime_dependencies(/home/roach/ros2_ws/install/smallrobot_firmware/share/colcon-core/packages/smallrobot_firmware)
[1.060s] Level 1:colcon.colcon_core.environment:create_environment_scripts_only(smallrobot_firmware)
[1.061s] Level 1:colcon.colcon_core.environment:checking '/home/roach/ros2_ws/install/smallrobot_firmware' for CMake module files
[1.061s] Level 1:colcon.colcon_core.environment:checking '/home/roach/ros2_ws/install/smallrobot_firmware' for CMake config files
[1.061s] Level 1:colcon.colcon_core.shell:create_environment_hook('smallrobot_firmware', 'cmake_prefix_path')
[1.061s] INFO:colcon.colcon_core.shell:Creating environment hook '/home/roach/ros2_ws/install/smallrobot_firmware/share/smallrobot_firmware/hook/cmake_prefix_path.ps1'
[1.062s] INFO:colcon.colcon_core.shell:Creating environment descriptor '/home/roach/ros2_ws/install/smallrobot_firmware/share/smallrobot_firmware/hook/cmake_prefix_path.dsv'
[1.063s] INFO:colcon.colcon_core.shell:Creating environment hook '/home/roach/ros2_ws/install/smallrobot_firmware/share/smallrobot_firmware/hook/cmake_prefix_path.sh'
[1.063s] Level 1:colcon.colcon_core.environment:checking '/home/roach/ros2_ws/install/smallrobot_firmware/bin'
[1.063s] Level 1:colcon.colcon_core.environment:checking '/home/roach/ros2_ws/install/smallrobot_firmware/lib/pkgconfig/smallrobot_firmware.pc'
[1.063s] Level 1:colcon.colcon_core.environment:checking '/home/roach/ros2_ws/install/smallrobot_firmware/lib/python3.10/site-packages'
[1.064s] Level 1:colcon.colcon_core.environment:checking '/home/roach/ros2_ws/install/smallrobot_firmware/bin'
[1.064s] INFO:colcon.colcon_core.shell:Creating package script '/home/roach/ros2_ws/install/smallrobot_firmware/share/smallrobot_firmware/package.ps1'
[1.065s] INFO:colcon.colcon_core.shell:Creating package descriptor '/home/roach/ros2_ws/install/smallrobot_firmware/share/smallrobot_firmware/package.dsv'
[1.065s] INFO:colcon.colcon_core.shell:Creating package script '/home/roach/ros2_ws/install/smallrobot_firmware/share/smallrobot_firmware/package.sh'
[1.066s] INFO:colcon.colcon_core.shell:Creating package script '/home/roach/ros2_ws/install/smallrobot_firmware/share/smallrobot_firmware/package.bash'
[1.069s] INFO:colcon.colcon_core.shell:Creating package script '/home/roach/ros2_ws/install/smallrobot_firmware/share/smallrobot_firmware/package.zsh'
[1.070s] Level 1:colcon.colcon_core.environment:create_file_with_runtime_dependencies(/home/roach/ros2_ws/install/smallrobot_firmware/share/colcon-core/packages/smallrobot_firmware)
[1.082s] Level 1:colcon.colcon_core.environment:create_environment_scripts_only(robotarm_controller)
[1.083s] Level 1:colcon.colcon_core.environment:checking '/home/roach/ros2_ws/install/robotarm_controller' for CMake module files
[1.084s] DEBUG:colcon.colcon_core.event_handler.log_command:Invoked command in '/home/roach/ros2_ws/build/robotarm_controller' returned '0': CMAKE_PREFIX_PATH=/opt/ros/humble /usr/bin/cmake --install /home/roach/ros2_ws/build/robotarm_controller
[1.085s] Level 1:colcon.colcon_core.environment:checking '/home/roach/ros2_ws/install/robotarm_controller' for CMake config files
[1.085s] Level 1:colcon.colcon_core.shell:create_environment_hook('robotarm_controller', 'cmake_prefix_path')
[1.086s] INFO:colcon.colcon_core.shell:Creating environment hook '/home/roach/ros2_ws/install/robotarm_controller/share/robotarm_controller/hook/cmake_prefix_path.ps1'
[1.087s] INFO:colcon.colcon_core.shell:Creating environment descriptor '/home/roach/ros2_ws/install/robotarm_controller/share/robotarm_controller/hook/cmake_prefix_path.dsv'
[1.088s] INFO:colcon.colcon_core.shell:Creating environment hook '/home/roach/ros2_ws/install/robotarm_controller/share/robotarm_controller/hook/cmake_prefix_path.sh'
[1.089s] Level 1:colcon.colcon_core.environment:checking '/home/roach/ros2_ws/install/robotarm_controller/bin'
[1.089s] Level 1:colcon.colcon_core.environment:checking '/home/roach/ros2_ws/install/robotarm_controller/lib/pkgconfig/robotarm_controller.pc'
[1.090s] Level 1:colcon.colcon_core.environment:checking '/home/roach/ros2_ws/install/robotarm_controller/lib/python3.10/site-packages'
[1.090s] Level 1:colcon.colcon_core.environment:checking '/home/roach/ros2_ws/install/robotarm_controller/bin'
[1.091s] INFO:colcon.colcon_core.shell:Creating package script '/home/roach/ros2_ws/install/robotarm_controller/share/robotarm_controller/package.ps1'
[1.091s] INFO:colcon.colcon_core.shell:Creating package descriptor '/home/roach/ros2_ws/install/robotarm_controller/share/robotarm_controller/package.dsv'
[1.092s] INFO:colcon.colcon_core.shell:Creating package script '/home/roach/ros2_ws/install/robotarm_controller/share/robotarm_controller/package.sh'
[1.092s] INFO:colcon.colcon_core.shell:Creating package script '/home/roach/ros2_ws/install/robotarm_controller/share/robotarm_controller/package.bash'
[1.092s] INFO:colcon.colcon_core.shell:Creating package script '/home/roach/ros2_ws/install/robotarm_controller/share/robotarm_controller/package.zsh'
[1.093s] Level 1:colcon.colcon_core.environment:create_file_with_runtime_dependencies(/home/roach/ros2_ws/install/robotarm_controller/share/colcon-core/packages/robotarm_controller)
[1.093s] Level 1:colcon.colcon_core.environment:create_environment_scripts_only(robotarm_controller)
[1.094s] Level 1:colcon.colcon_core.environment:checking '/home/roach/ros2_ws/install/robotarm_controller' for CMake module files
[1.094s] Level 1:colcon.colcon_core.environment:checking '/home/roach/ros2_ws/install/robotarm_controller' for CMake config files
[1.094s] Level 1:colcon.colcon_core.shell:create_environment_hook('robotarm_controller', 'cmake_prefix_path')
[1.095s] INFO:colcon.colcon_core.shell:Creating environment hook '/home/roach/ros2_ws/install/robotarm_controller/share/robotarm_controller/hook/cmake_prefix_path.ps1'
[1.095s] INFO:colcon.colcon_core.shell:Creating environment descriptor '/home/roach/ros2_ws/install/robotarm_controller/share/robotarm_controller/hook/cmake_prefix_path.dsv'
[1.096s] INFO:colcon.colcon_core.shell:Creating environment hook '/home/roach/ros2_ws/install/robotarm_controller/share/robotarm_controller/hook/cmake_prefix_path.sh'
[1.096s] Level 1:colcon.colcon_core.environment:checking '/home/roach/ros2_ws/install/robotarm_controller/bin'
[1.097s] Level 1:colcon.colcon_core.environment:checking '/home/roach/ros2_ws/install/robotarm_controller/lib/pkgconfig/robotarm_controller.pc'
[1.097s] Level 1:colcon.colcon_core.environment:checking '/home/roach/ros2_ws/install/robotarm_controller/lib/python3.10/site-packages'
[1.097s] Level 1:colcon.colcon_core.environment:checking '/home/roach/ros2_ws/install/robotarm_controller/bin'
[1.098s] INFO:colcon.colcon_core.shell:Creating package script '/home/roach/ros2_ws/install/robotarm_controller/share/robotarm_controller/package.ps1'
[1.099s] INFO:colcon.colcon_core.shell:Creating package descriptor '/home/roach/ros2_ws/install/robotarm_controller/share/robotarm_controller/package.dsv'
[1.103s] INFO:colcon.colcon_core.shell:Creating package script '/home/roach/ros2_ws/install/robotarm_controller/share/robotarm_controller/package.sh'
[1.105s] INFO:colcon.colcon_core.shell:Creating package script '/home/roach/ros2_ws/install/robotarm_controller/share/robotarm_controller/package.bash'
[1.106s] INFO:colcon.colcon_core.shell:Creating package script '/home/roach/ros2_ws/install/robotarm_controller/share/robotarm_controller/package.zsh'
[1.108s] Level 1:colcon.colcon_core.environment:create_file_with_runtime_dependencies(/home/roach/ros2_ws/install/robotarm_controller/share/colcon-core/packages/robotarm_controller)
[1.275s] Level 1:colcon.colcon_core.environment:create_environment_scripts_only(smallrobot_description)
[1.275s] Level 1:colcon.colcon_core.environment:checking '/home/roach/ros2_ws/install/smallrobot_description' for CMake module files
[1.276s] DEBUG:colcon.colcon_core.event_handler.log_command:Invoked command in '/home/roach/ros2_ws/build/smallrobot_description' returned '0': CMAKE_PREFIX_PATH=/opt/ros/humble /usr/bin/cmake --install /home/roach/ros2_ws/build/smallrobot_description
[1.276s] Level 1:colcon.colcon_core.environment:checking '/home/roach/ros2_ws/install/smallrobot_description' for CMake config files
[1.276s] Level 1:colcon.colcon_core.shell:create_environment_hook('smallrobot_description', 'cmake_prefix_path')
[1.277s] INFO:colcon.colcon_core.shell:Creating environment hook '/home/roach/ros2_ws/install/smallrobot_description/share/smallrobot_description/hook/cmake_prefix_path.ps1'
[1.277s] INFO:colcon.colcon_core.shell:Creating environment descriptor '/home/roach/ros2_ws/install/smallrobot_description/share/smallrobot_description/hook/cmake_prefix_path.dsv'
[1.277s] INFO:colcon.colcon_core.shell:Creating environment hook '/home/roach/ros2_ws/install/smallrobot_description/share/smallrobot_description/hook/cmake_prefix_path.sh'
[1.278s] Level 1:colcon.colcon_core.environment:checking '/home/roach/ros2_ws/install/smallrobot_description/bin'
[1.278s] Level 1:colcon.colcon_core.environment:checking '/home/roach/ros2_ws/install/smallrobot_description/lib/pkgconfig/smallrobot_description.pc'
[1.278s] Level 1:colcon.colcon_core.environment:checking '/home/roach/ros2_ws/install/smallrobot_description/lib/python3.10/site-packages'
[1.278s] Level 1:colcon.colcon_core.environment:checking '/home/roach/ros2_ws/install/smallrobot_description/bin'
[1.278s] INFO:colcon.colcon_core.shell:Creating package script '/home/roach/ros2_ws/install/smallrobot_description/share/smallrobot_description/package.ps1'
[1.279s] INFO:colcon.colcon_core.shell:Creating package descriptor '/home/roach/ros2_ws/install/smallrobot_description/share/smallrobot_description/package.dsv'
[1.279s] INFO:colcon.colcon_core.shell:Creating package script '/home/roach/ros2_ws/install/smallrobot_description/share/smallrobot_description/package.sh'
[1.279s] INFO:colcon.colcon_core.shell:Creating package script '/home/roach/ros2_ws/install/smallrobot_description/share/smallrobot_description/package.bash'
[1.280s] INFO:colcon.colcon_core.shell:Creating package script '/home/roach/ros2_ws/install/smallrobot_description/share/smallrobot_description/package.zsh'
[1.280s] Level 1:colcon.colcon_core.environment:create_file_with_runtime_dependencies(/home/roach/ros2_ws/install/smallrobot_description/share/colcon-core/packages/smallrobot_description)
[1.280s] Level 1:colcon.colcon_core.environment:create_environment_scripts_only(smallrobot_description)
[1.281s] Level 1:colcon.colcon_core.environment:checking '/home/roach/ros2_ws/install/smallrobot_description' for CMake module files
[1.281s] Level 1:colcon.colcon_core.environment:checking '/home/roach/ros2_ws/install/smallrobot_description' for CMake config files
[1.281s] Level 1:colcon.colcon_core.shell:create_environment_hook('smallrobot_description', 'cmake_prefix_path')
[1.281s] INFO:colcon.colcon_core.shell:Creating environment hook '/home/roach/ros2_ws/install/smallrobot_description/share/smallrobot_description/hook/cmake_prefix_path.ps1'
[1.282s] INFO:colcon.colcon_core.shell:Creating environment descriptor '/home/roach/ros2_ws/install/smallrobot_description/share/smallrobot_description/hook/cmake_prefix_path.dsv'
[1.282s] INFO:colcon.colcon_core.shell:Creating environment hook '/home/roach/ros2_ws/install/smallrobot_description/share/smallrobot_description/hook/cmake_prefix_path.sh'
[1.282s] Level 1:colcon.colcon_core.environment:checking '/home/roach/ros2_ws/install/smallrobot_description/bin'
[1.282s] Level 1:colcon.colcon_core.environment:checking '/home/roach/ros2_ws/install/smallrobot_description/lib/pkgconfig/smallrobot_description.pc'
[1.283s] Level 1:colcon.colcon_core.environment:checking '/home/roach/ros2_ws/install/smallrobot_description/lib/python3.10/site-packages'
[1.283s] Level 1:colcon.colcon_core.environment:checking '/home/roach/ros2_ws/install/smallrobot_description/bin'
[1.283s] INFO:colcon.colcon_core.shell:Creating package script '/home/roach/ros2_ws/install/smallrobot_description/share/smallrobot_description/package.ps1'
[1.284s] INFO:colcon.colcon_core.shell:Creating package descriptor '/home/roach/ros2_ws/install/smallrobot_description/share/smallrobot_description/package.dsv'
[1.284s] INFO:colcon.colcon_core.shell:Creating package script '/home/roach/ros2_ws/install/smallrobot_description/share/smallrobot_description/package.sh'
[1.285s] INFO:colcon.colcon_core.shell:Creating package script '/home/roach/ros2_ws/install/smallrobot_description/share/smallrobot_description/package.bash'
[1.285s] INFO:colcon.colcon_core.shell:Creating package script '/home/roach/ros2_ws/install/smallrobot_description/share/smallrobot_description/package.zsh'
[1.285s] Level 1:colcon.colcon_core.environment:create_file_with_runtime_dependencies(/home/roach/ros2_ws/install/smallrobot_description/share/colcon-core/packages/smallrobot_description)
[1.286s] INFO:colcon.colcon_ros.task.ament_cmake.build:Building ROS package in '/home/roach/ros2_ws/src/smallrobot_moveit' with build type 'ament_cmake'
[1.286s] INFO:colcon.colcon_cmake.task.cmake.build:Building CMake package in '/home/roach/ros2_ws/src/smallrobot_moveit'
[1.286s] INFO:colcon.colcon_core.shell:Skip shell extension 'powershell' for command environment: Not usable outside of PowerShell
[1.286s] DEBUG:colcon.colcon_core.shell:Skip shell extension 'dsv' for command environment
[1.296s] DEBUG:colcon.colcon_core.event_handler.log_command:Invoking command in '/home/roach/ros2_ws/build/smallrobot_moveit': AMENT_PREFIX_PATH=/home/roach/ros2_ws/install/smallrobot_description:${AMENT_PREFIX_PATH} CMAKE_PREFIX_PATH=/home/roach/ros2_ws/install/smallrobot_description:/opt/ros/humble /usr/bin/cmake /home/roach/ros2_ws/src/smallrobot_moveit -DAMENT_CMAKE_SYMLINK_INSTALL=1 -DCMAKE_INSTALL_PREFIX=/home/roach/ros2_ws/install/smallrobot_moveit
[1.611s] DEBUG:colcon.colcon_core.event_handler.log_command:Invoked command in '/home/roach/ros2_ws/build/smallrobot_moveit' returned '0': AMENT_PREFIX_PATH=/home/roach/ros2_ws/install/smallrobot_description:${AMENT_PREFIX_PATH} CMAKE_PREFIX_PATH=/home/roach/ros2_ws/install/smallrobot_description:/opt/ros/humble /usr/bin/cmake /home/roach/ros2_ws/src/smallrobot_moveit -DAMENT_CMAKE_SYMLINK_INSTALL=1 -DCMAKE_INSTALL_PREFIX=/home/roach/ros2_ws/install/smallrobot_moveit
[1.614s] DEBUG:colcon.colcon_core.event_handler.log_command:Invoking command in '/home/roach/ros2_ws/build/smallrobot_moveit': AMENT_PREFIX_PATH=/home/roach/ros2_ws/install/smallrobot_description:${AMENT_PREFIX_PATH} CMAKE_PREFIX_PATH=/home/roach/ros2_ws/install/smallrobot_description:/opt/ros/humble /usr/bin/cmake --build /home/roach/ros2_ws/build/smallrobot_moveit -- -j8 -l8
[1.662s] DEBUG:colcon.colcon_core.event_handler.log_command:Invoked command in '/home/roach/ros2_ws/build/smallrobot_moveit' returned '0': AMENT_PREFIX_PATH=/home/roach/ros2_ws/install/smallrobot_description:${AMENT_PREFIX_PATH} CMAKE_PREFIX_PATH=/home/roach/ros2_ws/install/smallrobot_description:/opt/ros/humble /usr/bin/cmake --build /home/roach/ros2_ws/build/smallrobot_moveit -- -j8 -l8
[1.664s] DEBUG:colcon.colcon_core.event_handler.log_command:Invoking command in '/home/roach/ros2_ws/build/smallrobot_moveit': AMENT_PREFIX_PATH=/home/roach/ros2_ws/install/smallrobot_description:${AMENT_PREFIX_PATH} CMAKE_PREFIX_PATH=/home/roach/ros2_ws/install/smallrobot_description:/opt/ros/humble /usr/bin/cmake --install /home/roach/ros2_ws/build/smallrobot_moveit
[2.037s] Level 1:colcon.colcon_core.environment:create_environment_scripts_only(smallrobot_moveit)
[2.037s] Level 1:colcon.colcon_core.environment:checking '/home/roach/ros2_ws/install/smallrobot_moveit' for CMake module files
[2.038s] DEBUG:colcon.colcon_core.event_handler.log_command:Invoked command in '/home/roach/ros2_ws/build/smallrobot_moveit' returned '0': AMENT_PREFIX_PATH=/home/roach/ros2_ws/install/smallrobot_description:${AMENT_PREFIX_PATH} CMAKE_PREFIX_PATH=/home/roach/ros2_ws/install/smallrobot_description:/opt/ros/humble /usr/bin/cmake --install /home/roach/ros2_ws/build/smallrobot_moveit
[2.038s] Level 1:colcon.colcon_core.environment:checking '/home/roach/ros2_ws/install/smallrobot_moveit' for CMake config files
[2.039s] Level 1:colcon.colcon_core.shell:create_environment_hook('smallrobot_moveit', 'cmake_prefix_path')
[2.039s] INFO:colcon.colcon_core.shell:Creating environment hook '/home/roach/ros2_ws/install/smallrobot_moveit/share/smallrobot_moveit/hook/cmake_prefix_path.ps1'
[2.040s] INFO:colcon.colcon_core.shell:Creating environment descriptor '/home/roach/ros2_ws/install/smallrobot_moveit/share/smallrobot_moveit/hook/cmake_prefix_path.dsv'
[2.040s] INFO:colcon.colcon_core.shell:Creating environment hook '/home/roach/ros2_ws/install/smallrobot_moveit/share/smallrobot_moveit/hook/cmake_prefix_path.sh'
[2.041s] Level 1:colcon.colcon_core.environment:checking '/home/roach/ros2_ws/install/smallrobot_moveit/bin'
[2.041s] Level 1:colcon.colcon_core.environment:checking '/home/roach/ros2_ws/install/smallrobot_moveit/lib/pkgconfig/smallrobot_moveit.pc'
[2.041s] Level 1:colcon.colcon_core.environment:checking '/home/roach/ros2_ws/install/smallrobot_moveit/lib/python3.10/site-packages'
[2.041s] Level 1:colcon.colcon_core.environment:checking '/home/roach/ros2_ws/install/smallrobot_moveit/bin'
[2.041s] INFO:colcon.colcon_core.shell:Creating package script '/home/roach/ros2_ws/install/smallrobot_moveit/share/smallrobot_moveit/package.ps1'
[2.042s] INFO:colcon.colcon_core.shell:Creating package descriptor '/home/roach/ros2_ws/install/smallrobot_moveit/share/smallrobot_moveit/package.dsv'
[2.042s] INFO:colcon.colcon_core.shell:Creating package script '/home/roach/ros2_ws/install/smallrobot_moveit/share/smallrobot_moveit/package.sh'
[2.042s] INFO:colcon.colcon_core.shell:Creating package script '/home/roach/ros2_ws/install/smallrobot_moveit/share/smallrobot_moveit/package.bash'
[2.043s] INFO:colcon.colcon_core.shell:Creating package script '/home/roach/ros2_ws/install/smallrobot_moveit/share/smallrobot_moveit/package.zsh'
[2.043s] Level 1:colcon.colcon_core.environment:create_file_with_runtime_dependencies(/home/roach/ros2_ws/install/smallrobot_moveit/share/colcon-core/packages/smallrobot_moveit)
[2.044s] Level 1:colcon.colcon_core.environment:create_environment_scripts_only(smallrobot_moveit)
[2.044s] Level 1:colcon.colcon_core.environment:checking '/home/roach/ros2_ws/install/smallrobot_moveit' for CMake module files
[2.045s] Level 1:colcon.colcon_core.environment:checking '/home/roach/ros2_ws/install/smallrobot_moveit' for CMake config files
[2.045s] Level 1:colcon.colcon_core.shell:create_environment_hook('smallrobot_moveit', 'cmake_prefix_path')
[2.045s] INFO:colcon.colcon_core.shell:Creating environment hook '/home/roach/ros2_ws/install/smallrobot_moveit/share/smallrobot_moveit/hook/cmake_prefix_path.ps1'
[2.045s] INFO:colcon.colcon_core.shell:Creating environment descriptor '/home/roach/ros2_ws/install/smallrobot_moveit/share/smallrobot_moveit/hook/cmake_prefix_path.dsv'
[2.046s] INFO:colcon.colcon_core.shell:Creating environment hook '/home/roach/ros2_ws/install/smallrobot_moveit/share/smallrobot_moveit/hook/cmake_prefix_path.sh'
[2.046s] Level 1:colcon.colcon_core.environment:checking '/home/roach/ros2_ws/install/smallrobot_moveit/bin'
[2.046s] Level 1:colcon.colcon_core.environment:checking '/home/roach/ros2_ws/install/smallrobot_moveit/lib/pkgconfig/smallrobot_moveit.pc'
[2.046s] Level 1:colcon.colcon_core.environment:checking '/home/roach/ros2_ws/install/smallrobot_moveit/lib/python3.10/site-packages'
[2.047s] Level 1:colcon.colcon_core.environment:checking '/home/roach/ros2_ws/install/smallrobot_moveit/bin'
[2.047s] INFO:colcon.colcon_core.shell:Creating package script '/home/roach/ros2_ws/install/smallrobot_moveit/share/smallrobot_moveit/package.ps1'
[2.047s] INFO:colcon.colcon_core.shell:Creating package descriptor '/home/roach/ros2_ws/install/smallrobot_moveit/share/smallrobot_moveit/package.dsv'
[2.047s] INFO:colcon.colcon_core.shell:Creating package script '/home/roach/ros2_ws/install/smallrobot_moveit/share/smallrobot_moveit/package.sh'
[2.048s] INFO:colcon.colcon_core.shell:Creating package script '/home/roach/ros2_ws/install/smallrobot_moveit/share/smallrobot_moveit/package.bash'
[2.048s] INFO:colcon.colcon_core.shell:Creating package script '/home/roach/ros2_ws/install/smallrobot_moveit/share/smallrobot_moveit/package.zsh'
[2.049s] Level 1:colcon.colcon_core.environment:create_file_with_runtime_dependencies(/home/roach/ros2_ws/install/smallrobot_moveit/share/colcon-core/packages/smallrobot_moveit)
[2.049s] DEBUG:colcon.colcon_parallel_executor.executor.parallel:closing loop
[2.049s] DEBUG:colcon.colcon_parallel_executor.executor.parallel:loop closed
[2.049s] DEBUG:colcon.colcon_parallel_executor.executor.parallel:run_until_complete finished with '0'
[2.049s] DEBUG:colcon.colcon_core.event_reactor:joining thread
[2.057s] INFO:colcon.colcon_core.plugin_system:Skipping extension 'colcon_notification.desktop_notification.terminal_notifier': Not used on non-Darwin systems
[2.057s] INFO:colcon.colcon_core.plugin_system:Skipping extension 'colcon_notification.desktop_notification.win32': Not used on non-Windows systems
[2.058s] INFO:colcon.colcon_notification.desktop_notification:Sending desktop notification using 'notify2'
[2.072s] DEBUG:colcon.colcon_core.event_reactor:joined thread
[2.073s] INFO:colcon.colcon_core.shell:Creating prefix script '/home/roach/ros2_ws/install/local_setup.ps1'
[2.075s] INFO:colcon.colcon_core.shell:Creating prefix util module '/home/roach/ros2_ws/install/_local_setup_util_ps1.py'
[2.077s] INFO:colcon.colcon_core.shell:Creating prefix chain script '/home/roach/ros2_ws/install/setup.ps1'
[2.078s] INFO:colcon.colcon_core.shell:Creating prefix script '/home/roach/ros2_ws/install/local_setup.sh'
[2.079s] INFO:colcon.colcon_core.shell:Creating prefix util module '/home/roach/ros2_ws/install/_local_setup_util_sh.py'
[2.079s] INFO:colcon.colcon_core.shell:Creating prefix chain script '/home/roach/ros2_ws/install/setup.sh'
[2.080s] INFO:colcon.colcon_core.shell:Creating prefix script '/home/roach/ros2_ws/install/local_setup.bash'
[2.081s] INFO:colcon.colcon_core.shell:Creating prefix chain script '/home/roach/ros2_ws/install/setup.bash'
[2.082s] INFO:colcon.colcon_core.shell:Creating prefix script '/home/roach/ros2_ws/install/local_setup.zsh'
[2.082s] INFO:colcon.colcon_core.shell:Creating prefix chain script '/home/roach/ros2_ws/install/setup.zsh'
