-- Found ament_cmake: 1.3.11 (/opt/ros/humble/share/ament_cmake/cmake)
-- Override CMake install command with custom implementation using symlinks instead of copying resources
-- Found ament_lint_auto: 0.12.12 (/opt/ros/humble/share/ament_lint_auto/cmake)
-- Added test 'lint_cmake' to check CMake code style
-- Added test 'xmllint' to check XML markup files
-- Configuring done
-- Generating done
-- Build files have been written to: /home/roach/ros2_ws/build/smallrobot_firmware
-- Install configuration: ""
-- Execute custom install script
-- Symlinking: /home/roach/ros2_ws/install/smallrobot_firmware/share/ament_index/resource_index/package_run_dependencies/smallrobot_firmware
-- Symlinking: /home/roach/ros2_ws/install/smallrobot_firmware/share/ament_index/resource_index/parent_prefix_path/smallrobot_firmware
-- Symlinking: /home/roach/ros2_ws/install/smallrobot_firmware/share/smallrobot_firmware/environment/ament_prefix_path.sh
-- Symlinking: /home/roach/ros2_ws/install/smallrobot_firmware/share/smallrobot_firmware/environment/ament_prefix_path.dsv
-- Symlinking: /home/roach/ros2_ws/install/smallrobot_firmware/share/smallrobot_firmware/environment/path.sh
-- Symlinking: /home/roach/ros2_ws/install/smallrobot_firmware/share/smallrobot_firmware/environment/path.dsv
-- Symlinking: /home/roach/ros2_ws/install/smallrobot_firmware/share/smallrobot_firmware/local_setup.bash
-- Symlinking: /home/roach/ros2_ws/install/smallrobot_firmware/share/smallrobot_firmware/local_setup.sh
-- Symlinking: /home/roach/ros2_ws/install/smallrobot_firmware/share/smallrobot_firmware/local_setup.zsh
-- Symlinking: /home/roach/ros2_ws/install/smallrobot_firmware/share/smallrobot_firmware/local_setup.dsv
-- Symlinking: /home/roach/ros2_ws/install/smallrobot_firmware/share/smallrobot_firmware/package.dsv
-- Symlinking: /home/roach/ros2_ws/install/smallrobot_firmware/share/ament_index/resource_index/packages/smallrobot_firmware
-- Symlinking: /home/roach/ros2_ws/install/smallrobot_firmware/share/smallrobot_firmware/cmake/smallrobot_firmwareConfig.cmake
-- Symlinking: /home/roach/ros2_ws/install/smallrobot_firmware/share/smallrobot_firmware/cmake/smallrobot_firmwareConfig-version.cmake
-- Symlinking: /home/roach/ros2_ws/install/smallrobot_firmware/share/smallrobot_firmware/package.xml
