[0.029s] Invoking command in '/home/roach/ros2_ws/build/smallrobot_firmware': CMAKE_PREFIX_PATH=/opt/ros/humble /usr/bin/cmake /home/roach/ros2_ws/src/smallrobot_firmware -DAMENT_CMAKE_SYMLINK_INSTALL=1 -DCMAKE_INSTALL_PREFIX=/home/roach/ros2_ws/install/smallrobot_firmware
[0.047s] -- Found ament_cmake: 1.3.11 (/opt/ros/humble/share/ament_cmake/cmake)
[0.229s] -- Override CMake install command with custom implementation using symlinks instead of copying resources
[0.242s] -- Found ament_lint_auto: 0.12.12 (/opt/ros/humble/share/ament_lint_auto/cmake)
[0.345s] -- Added test 'lint_cmake' to check CMake code style
[0.347s] -- Added test 'xmllint' to check XML markup files
[0.349s] -- Configuring done
[0.353s] -- Generating done
[0.355s] -- Build files have been written to: /home/roach/ros2_ws/build/smallrobot_firmware
[0.358s] Invoked command in '/home/roach/ros2_ws/build/smallrobot_firmware' returned '0': CMAKE_PREFIX_PATH=/opt/ros/humble /usr/bin/cmake /home/roach/ros2_ws/src/smallrobot_firmware -DAMENT_CMAKE_SYMLINK_INSTALL=1 -DCMAKE_INSTALL_PREFIX=/home/roach/ros2_ws/install/smallrobot_firmware
[0.360s] Invoking command in '/home/roach/ros2_ws/build/smallrobot_firmware': CMAKE_PREFIX_PATH=/opt/ros/humble /usr/bin/cmake --build /home/roach/ros2_ws/build/smallrobot_firmware -- -j8 -l8
[0.420s] Invoked command in '/home/roach/ros2_ws/build/smallrobot_firmware' returned '0': CMAKE_PREFIX_PATH=/opt/ros/humble /usr/bin/cmake --build /home/roach/ros2_ws/build/smallrobot_firmware -- -j8 -l8
[0.433s] Invoking command in '/home/roach/ros2_ws/build/smallrobot_firmware': CMAKE_PREFIX_PATH=/opt/ros/humble /usr/bin/cmake --install /home/roach/ros2_ws/build/smallrobot_firmware
[0.442s] -- Install configuration: ""
[0.443s] -- Execute custom install script
[0.443s] -- Symlinking: /home/roach/ros2_ws/install/smallrobot_firmware/share/ament_index/resource_index/package_run_dependencies/smallrobot_firmware
[0.453s] -- Symlinking: /home/roach/ros2_ws/install/smallrobot_firmware/share/ament_index/resource_index/parent_prefix_path/smallrobot_firmware
[0.466s] -- Symlinking: /home/roach/ros2_ws/install/smallrobot_firmware/share/smallrobot_firmware/environment/ament_prefix_path.sh
[0.478s] -- Symlinking: /home/roach/ros2_ws/install/smallrobot_firmware/share/smallrobot_firmware/environment/ament_prefix_path.dsv
[0.488s] -- Symlinking: /home/roach/ros2_ws/install/smallrobot_firmware/share/smallrobot_firmware/environment/path.sh
[0.510s] -- Symlinking: /home/roach/ros2_ws/install/smallrobot_firmware/share/smallrobot_firmware/environment/path.dsv
[0.523s] -- Symlinking: /home/roach/ros2_ws/install/smallrobot_firmware/share/smallrobot_firmware/local_setup.bash
[0.538s] -- Symlinking: /home/roach/ros2_ws/install/smallrobot_firmware/share/smallrobot_firmware/local_setup.sh
[0.551s] -- Symlinking: /home/roach/ros2_ws/install/smallrobot_firmware/share/smallrobot_firmware/local_setup.zsh
[0.563s] -- Symlinking: /home/roach/ros2_ws/install/smallrobot_firmware/share/smallrobot_firmware/local_setup.dsv
[0.573s] -- Symlinking: /home/roach/ros2_ws/install/smallrobot_firmware/share/smallrobot_firmware/package.dsv
[0.585s] -- Symlinking: /home/roach/ros2_ws/install/smallrobot_firmware/share/ament_index/resource_index/packages/smallrobot_firmware
[0.599s] -- Symlinking: /home/roach/ros2_ws/install/smallrobot_firmware/share/smallrobot_firmware/cmake/smallrobot_firmwareConfig.cmake
[0.618s] -- Symlinking: /home/roach/ros2_ws/install/smallrobot_firmware/share/smallrobot_firmware/cmake/smallrobot_firmwareConfig-version.cmake
[0.629s] -- Symlinking: /home/roach/ros2_ws/install/smallrobot_firmware/share/smallrobot_firmware/package.xml
[0.641s] Invoked command in '/home/roach/ros2_ws/build/smallrobot_firmware' returned '0': CMAKE_PREFIX_PATH=/opt/ros/humble /usr/bin/cmake --install /home/roach/ros2_ws/build/smallrobot_firmware
