[0.021s] Invoking command in '/home/roach/ros2_ws/build/robotarm_controller': CMAKE_PREFIX_PATH=/opt/ros/humble /usr/bin/cmake --build /home/roach/ros2_ws/build/robotarm_controller -- -j8 -l8
[0.098s] [100%] Built target robotarm_controller
[0.121s] Invoked command in '/home/roach/ros2_ws/build/robotarm_controller' returned '0': CMAKE_PREFIX_PATH=/opt/ros/humble /usr/bin/cmake --build /home/roach/ros2_ws/build/robotarm_controller -- -j8 -l8
[0.122s] Invoking command in '/home/roach/ros2_ws/build/robotarm_controller': CMAKE_PREFIX_PATH=/opt/ros/humble /usr/bin/cmake --install /home/roach/ros2_ws/build/robotarm_controller
[0.135s] -- Install configuration: ""
[0.135s] -- Execute custom install script
[0.136s] -- Up-to-date symlink: /home/roach/ros2_ws/install/robotarm_controller/share/robotarm_controller//robotarm_interface.xml
[0.137s] -- Up-to-date symlink: /home/roach/ros2_ws/install/robotarm_controller/share/robotarm_controller/config/robotarm_controllers.yaml
[0.138s] -- Up-to-date symlink: /home/roach/ros2_ws/install/robotarm_controller/share/robotarm_controller/launch/controller.launch.py
[0.138s] -- Up-to-date symlink: /home/roach/ros2_ws/install/robotarm_controller/lib/librobotarm_controller.so
[0.138s] -- Up-to-date symlink: /home/roach/ros2_ws/install/robotarm_controller/include/include/robotarm_controller/robotarm_interface.hpp
[0.138s] -- Up-to-date symlink: /home/roach/ros2_ws/install/robotarm_controller/share/robotarm_controller/environment/library_path.sh
[0.139s] -- Up-to-date symlink: /home/roach/ros2_ws/install/robotarm_controller/share/robotarm_controller/environment/library_path.dsv
[0.139s] -- Up-to-date symlink: /home/roach/ros2_ws/install/robotarm_controller/share/ament_index/resource_index/package_run_dependencies/robotarm_controller
[0.139s] -- Up-to-date symlink: /home/roach/ros2_ws/install/robotarm_controller/share/ament_index/resource_index/parent_prefix_path/robotarm_controller
[0.140s] -- Up-to-date symlink: /home/roach/ros2_ws/install/robotarm_controller/share/robotarm_controller/environment/ament_prefix_path.sh
[0.140s] -- Up-to-date symlink: /home/roach/ros2_ws/install/robotarm_controller/share/robotarm_controller/environment/ament_prefix_path.dsv
[0.140s] -- Up-to-date symlink: /home/roach/ros2_ws/install/robotarm_controller/share/robotarm_controller/environment/path.sh
[0.140s] -- Up-to-date symlink: /home/roach/ros2_ws/install/robotarm_controller/share/robotarm_controller/environment/path.dsv
[0.141s] -- Up-to-date symlink: /home/roach/ros2_ws/install/robotarm_controller/share/robotarm_controller/local_setup.bash
[0.141s] -- Up-to-date symlink: /home/roach/ros2_ws/install/robotarm_controller/share/robotarm_controller/local_setup.sh
[0.141s] -- Up-to-date symlink: /home/roach/ros2_ws/install/robotarm_controller/share/robotarm_controller/local_setup.zsh
[0.142s] -- Up-to-date symlink: /home/roach/ros2_ws/install/robotarm_controller/share/robotarm_controller/local_setup.dsv
[0.142s] -- Symlinking: /home/roach/ros2_ws/install/robotarm_controller/share/robotarm_controller/package.dsv
[0.150s] -- Up-to-date symlink: /home/roach/ros2_ws/install/robotarm_controller/share/ament_index/resource_index/packages/robotarm_controller
[0.151s] -- Up-to-date symlink: /home/roach/ros2_ws/install/robotarm_controller/share/ament_index/resource_index/hardware_interface__pluginlib__plugin/robotarm_controller
[0.152s] -- Up-to-date symlink: /home/roach/ros2_ws/install/robotarm_controller/share/robotarm_controller/cmake/ament_cmake_export_include_directories-extras.cmake
[0.152s] -- Up-to-date symlink: /home/roach/ros2_ws/install/robotarm_controller/share/robotarm_controller/cmake/ament_cmake_export_libraries-extras.cmake
[0.152s] -- Up-to-date symlink: /home/roach/ros2_ws/install/robotarm_controller/share/robotarm_controller/cmake/ament_cmake_export_dependencies-extras.cmake
[0.152s] -- Up-to-date symlink: /home/roach/ros2_ws/install/robotarm_controller/share/robotarm_controller/cmake/robotarm_controllerConfig.cmake
[0.152s] -- Up-to-date symlink: /home/roach/ros2_ws/install/robotarm_controller/share/robotarm_controller/cmake/robotarm_controllerConfig-version.cmake
[0.153s] -- Up-to-date symlink: /home/roach/ros2_ws/install/robotarm_controller/share/robotarm_controller/package.xml
[0.170s] Invoked command in '/home/roach/ros2_ws/build/robotarm_controller' returned '0': CMAKE_PREFIX_PATH=/opt/ros/humble /usr/bin/cmake --install /home/roach/ros2_ws/build/robotarm_controller
