[0.039s] Invoking command in '/home/roach/ros2_ws/build/smallrobot_moveit': CMAKE_PREFIX_PATH=/opt/ros/humble /usr/bin/cmake --build /home/roach/ros2_ws/build/smallrobot_moveit -- -j8 -l8
[0.100s] Invoked command in '/home/roach/ros2_ws/build/smallrobot_moveit' returned '0': CMAKE_PREFIX_PATH=/opt/ros/humble /usr/bin/cmake --build /home/roach/ros2_ws/build/smallrobot_moveit -- -j8 -l8
[0.102s] Invoking command in '/home/roach/ros2_ws/build/smallrobot_moveit': CMAKE_PREFIX_PATH=/opt/ros/humble /usr/bin/cmake --install /home/roach/ros2_ws/build/smallrobot_moveit
[0.126s] -- Install configuration: ""
[0.126s] -- Up-to-date: /home/roach/ros2_ws/install/smallrobot_moveit/share/ament_index/resource_index/package_run_dependencies/smallrobot_moveit
[0.127s] -- Up-to-date: /home/roach/ros2_ws/install/smallrobot_moveit/share/ament_index/resource_index/parent_prefix_path/smallrobot_moveit
[0.127s] -- Up-to-date: /home/roach/ros2_ws/install/smallrobot_moveit/share/smallrobot_moveit/environment/ament_prefix_path.sh
[0.127s] -- Up-to-date: /home/roach/ros2_ws/install/smallrobot_moveit/share/smallrobot_moveit/environment/ament_prefix_path.dsv
[0.128s] -- Up-to-date: /home/roach/ros2_ws/install/smallrobot_moveit/share/smallrobot_moveit/environment/path.sh
[0.128s] -- Up-to-date: /home/roach/ros2_ws/install/smallrobot_moveit/share/smallrobot_moveit/environment/path.dsv
[0.128s] -- Up-to-date: /home/roach/ros2_ws/install/smallrobot_moveit/share/smallrobot_moveit/local_setup.bash
[0.128s] -- Up-to-date: /home/roach/ros2_ws/install/smallrobot_moveit/share/smallrobot_moveit/local_setup.sh
[0.128s] -- Up-to-date: /home/roach/ros2_ws/install/smallrobot_moveit/share/smallrobot_moveit/local_setup.zsh
[0.128s] -- Up-to-date: /home/roach/ros2_ws/install/smallrobot_moveit/share/smallrobot_moveit/local_setup.dsv
[0.128s] -- Up-to-date: /home/roach/ros2_ws/install/smallrobot_moveit/share/smallrobot_moveit/package.dsv
[0.129s] -- Up-to-date: /home/roach/ros2_ws/install/smallrobot_moveit/share/ament_index/resource_index/packages/smallrobot_moveit
[0.129s] -- Up-to-date: /home/roach/ros2_ws/install/smallrobot_moveit/share/smallrobot_moveit/cmake/smallrobot_moveitConfig.cmake
[0.129s] -- Up-to-date: /home/roach/ros2_ws/install/smallrobot_moveit/share/smallrobot_moveit/cmake/smallrobot_moveitConfig-version.cmake
[0.129s] -- Up-to-date: /home/roach/ros2_ws/install/smallrobot_moveit/share/smallrobot_moveit/package.xml
[0.164s] Invoked command in '/home/roach/ros2_ws/build/smallrobot_moveit' returned '0': CMAKE_PREFIX_PATH=/opt/ros/humble /usr/bin/cmake --install /home/roach/ros2_ws/build/smallrobot_moveit
