-- Found ament_cmake: 1.3.11 (/opt/ros/humble/share/ament_cmake/cmake)
-- Override CMake install command with custom implementation using symlinks instead of copying resources
-- Found rclcpp: 16.0.12 (/opt/ros/humble/share/rclcpp/cmake)
-- Found rosidl_generator_c: 3.1.6 (/opt/ros/humble/share/rosidl_generator_c/cmake)
-- Found rosidl_adapter: 3.1.6 (/opt/ros/humble/share/rosidl_adapter/cmake)
-- Found rosidl_generator_cpp: 3.1.6 (/opt/ros/humble/share/rosidl_generator_cpp/cmake)
-- Using all available rosidl_typesupport_c: rosidl_typesupport_fastrtps_c;rosidl_typesupport_introspection_c
-- Using all available rosidl_typesupport_cpp: rosidl_typesupport_fastrtps_cpp;rosidl_typesupport_introspection_cpp
-- Found rmw_implementation_cmake: 6.1.2 (/opt/ros/humble/share/rmw_implementation_cmake/cmake)
-- Found rmw_fastrtps_cpp: 6.2.7 (/opt/ros/humble/share/rmw_fastrtps_cpp/cmake)
-- Using RMW implementation 'rmw_fastrtps_cpp' as default
-- Found rclcpp_lifecycle: 16.0.12 (/opt/ros/humble/share/rclcpp_lifecycle/cmake)
-- Found hardware_interface: 2.49.0 (/opt/ros/humble/share/hardware_interface/cmake)
[31mCMake Error at CMakeLists.txt:18 (add_library):
  The target name "{$PROJECT_NAME}" is reserved or not valid for certain
  CMake features, such as generator expressions, and may result in undefined
  behavior.

[0m
[31mCMake Error at CMakeLists.txt:22 (target_include_directories):
  Cannot specify include directories for target "robotarm_controller" which
  is not built by this project.

[0m
[31mCMake Error at CMakeLists.txt:27 (target_link_libraries):
  Cannot specify link libraries for target "robotarm_controller" which is not
  built by this project.

[0m
-- Configuring incomplete, errors occurred!
See also "/home/roach/ros2_ws/build/robotarm_controller/CMakeFiles/CMakeOutput.log".
