[0.011s] Invoking command in '/home/roach/ros2_ws/build/smallrobot_moveit': AMENT_PREFIX_PATH=/home/roach/ros2_ws/install/smallrobot_description:${AMENT_PREFIX_PATH} CMAKE_PREFIX_PATH=/home/roach/ros2_ws/install/smallrobot_description:/opt/ros/humble /usr/bin/cmake /home/roach/ros2_ws/src/smallrobot_moveit -DAMENT_CMAKE_SYMLINK_INSTALL=1 -DCMAKE_INSTALL_PREFIX=/home/roach/ros2_ws/install/smallrobot_moveit
[0.032s] -- Found ament_cmake: 1.3.11 (/opt/ros/humble/share/ament_cmake/cmake)
[0.185s] -- Override CMake install command with custom implementation using symlinks instead of copying resources
[0.285s] -- Configuring done
[0.290s] -- Generating done
[0.293s] -- Build files have been written to: /home/roach/ros2_ws/build/smallrobot_moveit
[0.296s] Invoked command in '/home/roach/ros2_ws/build/smallrobot_moveit' returned '0': AMENT_PREFIX_PATH=/home/roach/ros2_ws/install/smallrobot_description:${AMENT_PREFIX_PATH} CMAKE_PREFIX_PATH=/home/roach/ros2_ws/install/smallrobot_description:/opt/ros/humble /usr/bin/cmake /home/roach/ros2_ws/src/smallrobot_moveit -DAMENT_CMAKE_SYMLINK_INSTALL=1 -DCMAKE_INSTALL_PREFIX=/home/roach/ros2_ws/install/smallrobot_moveit
[0.298s] Invoking command in '/home/roach/ros2_ws/build/smallrobot_moveit': AMENT_PREFIX_PATH=/home/roach/ros2_ws/install/smallrobot_description:${AMENT_PREFIX_PATH} CMAKE_PREFIX_PATH=/home/roach/ros2_ws/install/smallrobot_description:/opt/ros/humble /usr/bin/cmake --build /home/roach/ros2_ws/build/smallrobot_moveit -- -j8 -l8
[0.355s] Invoked command in '/home/roach/ros2_ws/build/smallrobot_moveit' returned '0': AMENT_PREFIX_PATH=/home/roach/ros2_ws/install/smallrobot_description:${AMENT_PREFIX_PATH} CMAKE_PREFIX_PATH=/home/roach/ros2_ws/install/smallrobot_description:/opt/ros/humble /usr/bin/cmake --build /home/roach/ros2_ws/build/smallrobot_moveit -- -j8 -l8
[0.358s] Invoking command in '/home/roach/ros2_ws/build/smallrobot_moveit': AMENT_PREFIX_PATH=/home/roach/ros2_ws/install/smallrobot_description:${AMENT_PREFIX_PATH} CMAKE_PREFIX_PATH=/home/roach/ros2_ws/install/smallrobot_description:/opt/ros/humble /usr/bin/cmake --install /home/roach/ros2_ws/build/smallrobot_moveit
[0.369s] -- Install configuration: ""
[0.369s] -- Execute custom install script
[0.370s] -- Up-to-date symlink: /home/roach/ros2_ws/install/smallrobot_moveit/share/ament_index/resource_index/package_run_dependencies/smallrobot_moveit
[0.370s] -- Up-to-date symlink: /home/roach/ros2_ws/install/smallrobot_moveit/share/ament_index/resource_index/parent_prefix_path/smallrobot_moveit
[0.370s] -- Up-to-date symlink: /home/roach/ros2_ws/install/smallrobot_moveit/share/smallrobot_moveit/environment/ament_prefix_path.sh
[0.371s] -- Up-to-date symlink: /home/roach/ros2_ws/install/smallrobot_moveit/share/smallrobot_moveit/environment/ament_prefix_path.dsv
[0.371s] -- Up-to-date symlink: /home/roach/ros2_ws/install/smallrobot_moveit/share/smallrobot_moveit/environment/path.sh
[0.371s] -- Up-to-date symlink: /home/roach/ros2_ws/install/smallrobot_moveit/share/smallrobot_moveit/environment/path.dsv
[0.371s] -- Up-to-date symlink: /home/roach/ros2_ws/install/smallrobot_moveit/share/smallrobot_moveit/local_setup.bash
[0.372s] -- Up-to-date symlink: /home/roach/ros2_ws/install/smallrobot_moveit/share/smallrobot_moveit/local_setup.sh
[0.372s] -- Up-to-date symlink: /home/roach/ros2_ws/install/smallrobot_moveit/share/smallrobot_moveit/local_setup.zsh
[0.372s] -- Up-to-date symlink: /home/roach/ros2_ws/install/smallrobot_moveit/share/smallrobot_moveit/local_setup.dsv
[0.372s] -- Symlinking: /home/roach/ros2_ws/install/smallrobot_moveit/share/smallrobot_moveit/package.dsv
[0.386s] -- Up-to-date symlink: /home/roach/ros2_ws/install/smallrobot_moveit/share/ament_index/resource_index/packages/smallrobot_moveit
[0.387s] -- Up-to-date symlink: /home/roach/ros2_ws/install/smallrobot_moveit/share/smallrobot_moveit/cmake/smallrobot_moveitConfig.cmake
[0.387s] -- Up-to-date symlink: /home/roach/ros2_ws/install/smallrobot_moveit/share/smallrobot_moveit/cmake/smallrobot_moveitConfig-version.cmake
[0.387s] -- Up-to-date symlink: /home/roach/ros2_ws/install/smallrobot_moveit/share/smallrobot_moveit/package.xml
[0.388s] -- Up-to-date symlink: /home/roach/ros2_ws/install/smallrobot_moveit/share/smallrobot_moveit/launch/demo.launch.py
[0.388s] -- Up-to-date symlink: /home/roach/ros2_ws/install/smallrobot_moveit/share/smallrobot_moveit/launch/move_group.launch.py
[0.388s] -- Up-to-date symlink: /home/roach/ros2_ws/install/smallrobot_moveit/share/smallrobot_moveit/launch/moveit.launch.py
[0.389s] -- Up-to-date symlink: /home/roach/ros2_ws/install/smallrobot_moveit/share/smallrobot_moveit/launch/moveit_rviz.launch.py
[0.389s] -- Up-to-date symlink: /home/roach/ros2_ws/install/smallrobot_moveit/share/smallrobot_moveit/launch/rsp.launch.py
[0.389s] -- Up-to-date symlink: /home/roach/ros2_ws/install/smallrobot_moveit/share/smallrobot_moveit/launch/setup_assistant.launch.py
[0.389s] -- Up-to-date symlink: /home/roach/ros2_ws/install/smallrobot_moveit/share/smallrobot_moveit/launch/spawn_controllers.launch.py
[0.389s] -- Up-to-date symlink: /home/roach/ros2_ws/install/smallrobot_moveit/share/smallrobot_moveit/launch/static_virtual_joint_tfs.launch.py
[0.390s] -- Up-to-date symlink: /home/roach/ros2_ws/install/smallrobot_moveit/share/smallrobot_moveit/launch/demo.launch.py
[0.390s] -- Up-to-date symlink: /home/roach/ros2_ws/install/smallrobot_moveit/share/smallrobot_moveit/launch/move_group.launch.py
[0.390s] -- Up-to-date symlink: /home/roach/ros2_ws/install/smallrobot_moveit/share/smallrobot_moveit/launch/moveit.launch.py
[0.390s] -- Up-to-date symlink: /home/roach/ros2_ws/install/smallrobot_moveit/share/smallrobot_moveit/launch/moveit_rviz.launch.py
[0.391s] -- Up-to-date symlink: /home/roach/ros2_ws/install/smallrobot_moveit/share/smallrobot_moveit/launch/rsp.launch.py
[0.391s] -- Up-to-date symlink: /home/roach/ros2_ws/install/smallrobot_moveit/share/smallrobot_moveit/launch/setup_assistant.launch.py
[0.391s] -- Up-to-date symlink: /home/roach/ros2_ws/install/smallrobot_moveit/share/smallrobot_moveit/launch/spawn_controllers.launch.py
[0.391s] -- Up-to-date symlink: /home/roach/ros2_ws/install/smallrobot_moveit/share/smallrobot_moveit/launch/static_virtual_joint_tfs.launch.py
[0.392s] -- Up-to-date symlink: /home/roach/ros2_ws/install/smallrobot_moveit/share/smallrobot_moveit/config/initial_positions.yaml
[0.392s] -- Up-to-date symlink: /home/roach/ros2_ws/install/smallrobot_moveit/share/smallrobot_moveit/config/joint_limits.yaml
[0.392s] -- Up-to-date symlink: /home/roach/ros2_ws/install/smallrobot_moveit/share/smallrobot_moveit/config/kinematics.yaml
[0.392s] -- Up-to-date symlink: /home/roach/ros2_ws/install/smallrobot_moveit/share/smallrobot_moveit/config/moveit.rviz
[0.392s] -- Up-to-date symlink: /home/roach/ros2_ws/install/smallrobot_moveit/share/smallrobot_moveit/config/moveit_controllers.yaml
[0.393s] -- Up-to-date symlink: /home/roach/ros2_ws/install/smallrobot_moveit/share/smallrobot_moveit/config/pilz_cartesian_limits.yaml
[0.393s] -- Up-to-date symlink: /home/roach/ros2_ws/install/smallrobot_moveit/share/smallrobot_moveit/config/ros2_controllers.yaml
[0.393s] -- Up-to-date symlink: /home/roach/ros2_ws/install/smallrobot_moveit/share/smallrobot_moveit/config/smallrobot.ros2_control.xacro
[0.393s] -- Up-to-date symlink: /home/roach/ros2_ws/install/smallrobot_moveit/share/smallrobot_moveit/config/smallrobot.srdf
[0.394s] -- Up-to-date symlink: /home/roach/ros2_ws/install/smallrobot_moveit/share/smallrobot_moveit/config/smallrobot.urdf.xacro
[0.394s] -- Up-to-date symlink: /home/roach/ros2_ws/install/smallrobot_moveit/share/smallrobot_moveit/.setup_assistant
[0.396s] Invoked command in '/home/roach/ros2_ws/build/smallrobot_moveit' returned '0': AMENT_PREFIX_PATH=/home/roach/ros2_ws/install/smallrobot_description:${AMENT_PREFIX_PATH} CMAKE_PREFIX_PATH=/home/roach/ros2_ws/install/smallrobot_description:/opt/ros/humble /usr/bin/cmake --install /home/roach/ros2_ws/build/smallrobot_moveit
