[0.029s] Invoking command in '/home/roach/ros2_ws/build/robotarm_controller': CMAKE_PREFIX_PATH=/opt/ros/humble /usr/bin/cmake /home/roach/ros2_ws/src/robotarm_controller -DAMENT_CMAKE_SYMLINK_INSTALL=1 -DCMAKE_INSTALL_PREFIX=/home/roach/ros2_ws/install/robotarm_controller
[0.050s] -- Found ament_cmake: 1.3.11 (/opt/ros/humble/share/ament_cmake/cmake)
[0.233s] -- Override CMake install command with custom implementation using symlinks instead of copying resources
[0.242s] -- Found rclcpp: 16.0.12 (/opt/ros/humble/share/rclcpp/cmake)
[0.281s] -- Found rosidl_generator_c: 3.1.6 (/opt/ros/humble/share/rosidl_generator_c/cmake)
[0.286s] -- Found rosidl_adapter: 3.1.6 (/opt/ros/humble/share/rosidl_adapter/cmake)
[0.294s] -- Found rosidl_generator_cpp: 3.1.6 (/opt/ros/humble/share/rosidl_generator_cpp/cmake)
[0.307s] -- Using all available rosidl_typesupport_c: rosidl_typesupport_fastrtps_c;rosidl_typesupport_introspection_c
[0.320s] -- Using all available rosidl_typesupport_cpp: rosidl_typesupport_fastrtps_cpp;rosidl_typesupport_introspection_cpp
[0.354s] -- Found rmw_implementation_cmake: 6.1.2 (/opt/ros/humble/share/rmw_implementation_cmake/cmake)
[0.358s] -- Found rmw_fastrtps_cpp: 6.2.7 (/opt/ros/humble/share/rmw_fastrtps_cpp/cmake)
[0.475s] -- Using RMW implementation 'rmw_fastrtps_cpp' as default
[0.532s] -- Found rclcpp_lifecycle: 16.0.12 (/opt/ros/humble/share/rclcpp_lifecycle/cmake)
[0.553s] -- Found hardware_interface: 2.49.0 (/opt/ros/humble/share/hardware_interface/cmake)
[0.682s] [31mCMake Error at CMakeLists.txt:22 (target_include_directories):
[0.682s]   Cannot specify include directories for target "robotarm_controller" which
[0.682s]   is not built by this project.
[0.682s] 
[0.683s] [0m
[0.683s] [31mCMake Error at CMakeLists.txt:27 (target_link_libraries):
[0.683s]   Cannot specify link libraries for target "robotarm_controller" which is not
[0.683s]   built by this project.
[0.683s] 
[0.683s] [0m
[0.683s] -- Configuring incomplete, errors occurred!
[0.683s] See also "/home/roach/ros2_ws/build/robotarm_controller/CMakeFiles/CMakeOutput.log".
[0.692s] Invoked command in '/home/roach/ros2_ws/build/robotarm_controller' returned '1': CMAKE_PREFIX_PATH=/opt/ros/humble /usr/bin/cmake /home/roach/ros2_ws/src/robotarm_controller -DAMENT_CMAKE_SYMLINK_INSTALL=1 -DCMAKE_INSTALL_PREFIX=/home/roach/ros2_ws/install/robotarm_controller
