[0.008s] Invoking command in '/home/roach/ros2_ws/build/smallrobot_moveit': AMENT_PREFIX_PATH=/home/roach/ros2_ws/install/smallrobot_description:${AMENT_PREFIX_PATH} CMAKE_PREFIX_PATH=/home/roach/ros2_ws/install/smallrobot_description:/opt/ros/humble /usr/bin/cmake /home/roach/ros2_ws/src/smallrobot_moveit -DAMENT_CMAKE_SYMLINK_INSTALL=1 -DCMAKE_INSTALL_PREFIX=/home/roach/ros2_ws/install/smallrobot_moveit
[0.034s] -- Found ament_cmake: 1.3.11 (/opt/ros/humble/share/ament_cmake/cmake)
[0.225s] -- Override CMake install command with custom implementation using symlinks instead of copying resources
[0.314s] -- Configuring done
[0.317s] -- Generating done
[0.319s] -- Build files have been written to: /home/roach/ros2_ws/build/smallrobot_moveit
[0.324s] Invoked command in '/home/roach/ros2_ws/build/smallrobot_moveit' returned '0': AMENT_PREFIX_PATH=/home/roach/ros2_ws/install/smallrobot_description:${AMENT_PREFIX_PATH} CMAKE_PREFIX_PATH=/home/roach/ros2_ws/install/smallrobot_description:/opt/ros/humble /usr/bin/cmake /home/roach/ros2_ws/src/smallrobot_moveit -DAMENT_CMAKE_SYMLINK_INSTALL=1 -DCMAKE_INSTALL_PREFIX=/home/roach/ros2_ws/install/smallrobot_moveit
[0.326s] Invoking command in '/home/roach/ros2_ws/build/smallrobot_moveit': AMENT_PREFIX_PATH=/home/roach/ros2_ws/install/smallrobot_description:${AMENT_PREFIX_PATH} CMAKE_PREFIX_PATH=/home/roach/ros2_ws/install/smallrobot_description:/opt/ros/humble /usr/bin/cmake --build /home/roach/ros2_ws/build/smallrobot_moveit -- -j8 -l8
[0.374s] Invoked command in '/home/roach/ros2_ws/build/smallrobot_moveit' returned '0': AMENT_PREFIX_PATH=/home/roach/ros2_ws/install/smallrobot_description:${AMENT_PREFIX_PATH} CMAKE_PREFIX_PATH=/home/roach/ros2_ws/install/smallrobot_description:/opt/ros/humble /usr/bin/cmake --build /home/roach/ros2_ws/build/smallrobot_moveit -- -j8 -l8
[0.376s] Invoking command in '/home/roach/ros2_ws/build/smallrobot_moveit': AMENT_PREFIX_PATH=/home/roach/ros2_ws/install/smallrobot_description:${AMENT_PREFIX_PATH} CMAKE_PREFIX_PATH=/home/roach/ros2_ws/install/smallrobot_description:/opt/ros/humble /usr/bin/cmake --install /home/roach/ros2_ws/build/smallrobot_moveit
[0.383s] -- Install configuration: ""
[0.384s] -- Execute custom install script
[0.384s] -- Symlinking: /home/roach/ros2_ws/install/smallrobot_moveit/share/ament_index/resource_index/package_run_dependencies/smallrobot_moveit
[0.392s] -- Symlinking: /home/roach/ros2_ws/install/smallrobot_moveit/share/ament_index/resource_index/parent_prefix_path/smallrobot_moveit
[0.402s] -- Symlinking: /home/roach/ros2_ws/install/smallrobot_moveit/share/smallrobot_moveit/environment/ament_prefix_path.sh
[0.410s] -- Symlinking: /home/roach/ros2_ws/install/smallrobot_moveit/share/smallrobot_moveit/environment/ament_prefix_path.dsv
[0.425s] -- Symlinking: /home/roach/ros2_ws/install/smallrobot_moveit/share/smallrobot_moveit/environment/path.sh
[0.438s] -- Symlinking: /home/roach/ros2_ws/install/smallrobot_moveit/share/smallrobot_moveit/environment/path.dsv
[0.452s] -- Symlinking: /home/roach/ros2_ws/install/smallrobot_moveit/share/smallrobot_moveit/local_setup.bash
[0.461s] -- Symlinking: /home/roach/ros2_ws/install/smallrobot_moveit/share/smallrobot_moveit/local_setup.sh
[0.471s] -- Symlinking: /home/roach/ros2_ws/install/smallrobot_moveit/share/smallrobot_moveit/local_setup.zsh
[0.482s] -- Symlinking: /home/roach/ros2_ws/install/smallrobot_moveit/share/smallrobot_moveit/local_setup.dsv
[0.494s] -- Symlinking: /home/roach/ros2_ws/install/smallrobot_moveit/share/smallrobot_moveit/package.dsv
[0.502s] -- Symlinking: /home/roach/ros2_ws/install/smallrobot_moveit/share/ament_index/resource_index/packages/smallrobot_moveit
[0.510s] -- Symlinking: /home/roach/ros2_ws/install/smallrobot_moveit/share/smallrobot_moveit/cmake/smallrobot_moveitConfig.cmake
[0.523s] -- Symlinking: /home/roach/ros2_ws/install/smallrobot_moveit/share/smallrobot_moveit/cmake/smallrobot_moveitConfig-version.cmake
[0.538s] -- Symlinking: /home/roach/ros2_ws/install/smallrobot_moveit/share/smallrobot_moveit/package.xml
[0.550s] -- Symlinking: /home/roach/ros2_ws/install/smallrobot_moveit/share/smallrobot_moveit/launch/demo.launch.py
[0.560s] -- Symlinking: /home/roach/ros2_ws/install/smallrobot_moveit/share/smallrobot_moveit/launch/move_group.launch.py
[0.571s] -- Symlinking: /home/roach/ros2_ws/install/smallrobot_moveit/share/smallrobot_moveit/launch/moveit.launch.py
[0.581s] -- Symlinking: /home/roach/ros2_ws/install/smallrobot_moveit/share/smallrobot_moveit/launch/moveit_rviz.launch.py
[0.590s] -- Symlinking: /home/roach/ros2_ws/install/smallrobot_moveit/share/smallrobot_moveit/launch/rsp.launch.py
[0.598s] -- Symlinking: /home/roach/ros2_ws/install/smallrobot_moveit/share/smallrobot_moveit/launch/setup_assistant.launch.py
[0.607s] -- Symlinking: /home/roach/ros2_ws/install/smallrobot_moveit/share/smallrobot_moveit/launch/spawn_controllers.launch.py
[0.619s] -- Symlinking: /home/roach/ros2_ws/install/smallrobot_moveit/share/smallrobot_moveit/launch/static_virtual_joint_tfs.launch.py
[0.631s] -- Up-to-date symlink: /home/roach/ros2_ws/install/smallrobot_moveit/share/smallrobot_moveit/launch/demo.launch.py
[0.631s] -- Up-to-date symlink: /home/roach/ros2_ws/install/smallrobot_moveit/share/smallrobot_moveit/launch/move_group.launch.py
[0.631s] -- Up-to-date symlink: /home/roach/ros2_ws/install/smallrobot_moveit/share/smallrobot_moveit/launch/moveit.launch.py
[0.632s] -- Up-to-date symlink: /home/roach/ros2_ws/install/smallrobot_moveit/share/smallrobot_moveit/launch/moveit_rviz.launch.py
[0.632s] -- Up-to-date symlink: /home/roach/ros2_ws/install/smallrobot_moveit/share/smallrobot_moveit/launch/rsp.launch.py
[0.632s] -- Up-to-date symlink: /home/roach/ros2_ws/install/smallrobot_moveit/share/smallrobot_moveit/launch/setup_assistant.launch.py
[0.632s] -- Up-to-date symlink: /home/roach/ros2_ws/install/smallrobot_moveit/share/smallrobot_moveit/launch/spawn_controllers.launch.py
[0.632s] -- Up-to-date symlink: /home/roach/ros2_ws/install/smallrobot_moveit/share/smallrobot_moveit/launch/static_virtual_joint_tfs.launch.py
[0.634s] -- Symlinking: /home/roach/ros2_ws/install/smallrobot_moveit/share/smallrobot_moveit/config/initial_positions.yaml
[0.646s] -- Symlinking: /home/roach/ros2_ws/install/smallrobot_moveit/share/smallrobot_moveit/config/joint_limits.yaml
[0.657s] -- Symlinking: /home/roach/ros2_ws/install/smallrobot_moveit/share/smallrobot_moveit/config/kinematics.yaml
[0.669s] -- Symlinking: /home/roach/ros2_ws/install/smallrobot_moveit/share/smallrobot_moveit/config/moveit.rviz
[0.680s] -- Symlinking: /home/roach/ros2_ws/install/smallrobot_moveit/share/smallrobot_moveit/config/moveit_controllers.yaml
[0.689s] -- Symlinking: /home/roach/ros2_ws/install/smallrobot_moveit/share/smallrobot_moveit/config/pilz_cartesian_limits.yaml
[0.696s] -- Symlinking: /home/roach/ros2_ws/install/smallrobot_moveit/share/smallrobot_moveit/config/ros2_controllers.yaml
[0.705s] -- Symlinking: /home/roach/ros2_ws/install/smallrobot_moveit/share/smallrobot_moveit/config/smallrobot.ros2_control.xacro
[0.714s] -- Symlinking: /home/roach/ros2_ws/install/smallrobot_moveit/share/smallrobot_moveit/config/smallrobot.srdf
[0.728s] -- Symlinking: /home/roach/ros2_ws/install/smallrobot_moveit/share/smallrobot_moveit/config/smallrobot.urdf.xacro
[0.739s] -- Symlinking: /home/roach/ros2_ws/install/smallrobot_moveit/share/smallrobot_moveit/.setup_assistant
[0.750s] Invoked command in '/home/roach/ros2_ws/build/smallrobot_moveit' returned '0': AMENT_PREFIX_PATH=/home/roach/ros2_ws/install/smallrobot_description:${AMENT_PREFIX_PATH} CMAKE_PREFIX_PATH=/home/roach/ros2_ws/install/smallrobot_description:/opt/ros/humble /usr/bin/cmake --install /home/roach/ros2_ws/build/smallrobot_moveit
