[0.014s] Invoking command in '/home/roach/ros2_ws/build/robotarm_controller': CMAKE_PREFIX_PATH=/opt/ros/humble /usr/bin/cmake --build /home/roach/ros2_ws/build/robotarm_controller -- -j8 -l8
[0.060s] [35m[1mConsolidate compiler generated dependencies of target robotarm_controller[0m
[0.079s] [100%] Built target robotarm_controller
[0.091s] Invoked command in '/home/roach/ros2_ws/build/robotarm_controller' returned '0': CMAKE_PREFIX_PATH=/opt/ros/humble /usr/bin/cmake --build /home/roach/ros2_ws/build/robotarm_controller -- -j8 -l8
[0.101s] Invoking command in '/home/roach/ros2_ws/build/robotarm_controller': CMAKE_PREFIX_PATH=/opt/ros/humble /usr/bin/cmake --install /home/roach/ros2_ws/build/robotarm_controller
[0.108s] -- Install configuration: ""
[0.109s] -- Execute custom install script
[0.109s] -- Up-to-date symlink: /home/roach/ros2_ws/install/robotarm_controller/share/robotarm_controller//robotarm_interface.xml
[0.109s] -- Up-to-date symlink: /home/roach/ros2_ws/install/robotarm_controller/share/robotarm_controller/config/robotarm_controllers.yaml
[0.110s] -- Up-to-date symlink: /home/roach/ros2_ws/install/robotarm_controller/share/robotarm_controller/launch/controller.launch.py
[0.110s] -- Up-to-date symlink: /home/roach/ros2_ws/install/robotarm_controller/lib/librobotarm_controller.so
[0.110s] -- Up-to-date symlink: /home/roach/ros2_ws/install/robotarm_controller/include/include/robotarm_controller/robotarm_interface.hpp
[0.111s] -- Up-to-date symlink: /home/roach/ros2_ws/install/robotarm_controller/share/robotarm_controller/environment/library_path.sh
[0.111s] -- Up-to-date symlink: /home/roach/ros2_ws/install/robotarm_controller/share/robotarm_controller/environment/library_path.dsv
[0.111s] -- Up-to-date symlink: /home/roach/ros2_ws/install/robotarm_controller/share/ament_index/resource_index/package_run_dependencies/robotarm_controller
[0.111s] -- Up-to-date symlink: /home/roach/ros2_ws/install/robotarm_controller/share/ament_index/resource_index/parent_prefix_path/robotarm_controller
[0.112s] -- Up-to-date symlink: /home/roach/ros2_ws/install/robotarm_controller/share/robotarm_controller/environment/ament_prefix_path.sh
[0.112s] -- Up-to-date symlink: /home/roach/ros2_ws/install/robotarm_controller/share/robotarm_controller/environment/ament_prefix_path.dsv
[0.112s] -- Up-to-date symlink: /home/roach/ros2_ws/install/robotarm_controller/share/robotarm_controller/environment/path.sh
[0.112s] -- Up-to-date symlink: /home/roach/ros2_ws/install/robotarm_controller/share/robotarm_controller/environment/path.dsv
[0.112s] -- Up-to-date symlink: /home/roach/ros2_ws/install/robotarm_controller/share/robotarm_controller/local_setup.bash
[0.112s] -- Up-to-date symlink: /home/roach/ros2_ws/install/robotarm_controller/share/robotarm_controller/local_setup.sh
[0.112s] -- Up-to-date symlink: /home/roach/ros2_ws/install/robotarm_controller/share/robotarm_controller/local_setup.zsh
[0.113s] -- Up-to-date symlink: /home/roach/ros2_ws/install/robotarm_controller/share/robotarm_controller/local_setup.dsv
[0.113s] -- Symlinking: /home/roach/ros2_ws/install/robotarm_controller/share/robotarm_controller/package.dsv
[0.124s] -- Up-to-date symlink: /home/roach/ros2_ws/install/robotarm_controller/share/ament_index/resource_index/packages/robotarm_controller
[0.125s] -- Up-to-date symlink: /home/roach/ros2_ws/install/robotarm_controller/share/ament_index/resource_index/hardware_interface__pluginlib__plugin/robotarm_controller
[0.125s] -- Up-to-date symlink: /home/roach/ros2_ws/install/robotarm_controller/share/robotarm_controller/cmake/ament_cmake_export_include_directories-extras.cmake
[0.125s] -- Up-to-date symlink: /home/roach/ros2_ws/install/robotarm_controller/share/robotarm_controller/cmake/ament_cmake_export_libraries-extras.cmake
[0.125s] -- Up-to-date symlink: /home/roach/ros2_ws/install/robotarm_controller/share/robotarm_controller/cmake/ament_cmake_export_dependencies-extras.cmake
[0.125s] -- Up-to-date symlink: /home/roach/ros2_ws/install/robotarm_controller/share/robotarm_controller/cmake/robotarm_controllerConfig.cmake
[0.125s] -- Up-to-date symlink: /home/roach/ros2_ws/install/robotarm_controller/share/robotarm_controller/cmake/robotarm_controllerConfig-version.cmake
[0.125s] -- Up-to-date symlink: /home/roach/ros2_ws/install/robotarm_controller/share/robotarm_controller/package.xml
[0.127s] Invoked command in '/home/roach/ros2_ws/build/robotarm_controller' returned '0': CMAKE_PREFIX_PATH=/opt/ros/humble /usr/bin/cmake --install /home/roach/ros2_ws/build/robotarm_controller
